#
# A fatal error has been detected by the Java Runtime Environment:
#
#  SIGSEGV (0xb) at pc=0x00007fff84b090dd, pid=18278, tid=1811
#
# JRE version: Java(TM) SE Runtime Environment (8.0_25-b17) (build 1.8.0_25-b17)
# Java VM: Java HotSpot(TM) 64-Bit Server VM (25.25-b02 mixed mode bsd-amd64 compressed oops)
# Problematic frame:
# C  [libobjc.A.dylib+0x10dd]  objc_msgSend+0x1d
#
# Failed to write core dump. Core dumps have been disabled. To enable core dumping, try "ulimit -c unlimited" before starting Java again
#
# If you would like to submit a bug report, please visit:
#   http://bugreport.sun.com/bugreport/crash.jsp
# The crash happened outside the Java Virtual Machine in native code.
# See problematic frame for where to report the bug.
#

---------------  T H R E A D  ---------------

Current thread (0x00007fc4e185c800):  JavaThread "AppKit Thread" daemon [_thread_in_native, id=1811, stack(0x00007fff5254d000,0x00007fff52d4d000)]

siginfo: si_signo: 11 (SIGSEGV), si_code: 1 (SEGV_MAPERR), si_addr: 0x000007fc4e2b1a20

Registers:
RAX=0x00007fc4e0469380, RBX=0x00007fff52d48878, RCX=0x0000000000000000, RDX=0x00007fc4e074bca0
RSP=0x00007fff52d48698, RBP=0x00007fff52d486a0, RSI=0x00007fff87d69423, RDI=0x00007fc4e0469380
R8 =0x00007fff52d48680, R9 =0x0000000000000062, R10=0x00007fff87d69423, R11=0x000007fc4e2b1a08
R12=0x00007fc4e041f740, R13=0x00000000000f42fd, R14=0x00007fc4e2b1e330, R15=0x00007fff52d487d8
RIP=0x00007fff84b090dd, EFLAGS=0x0000000000010202, ERR=0x0000000000000004
  TRAPNO=0x000000000000000e

Top of Stack: (sp=0x00007fff52d48698)
0x00007fff52d48698:   00007fff92df945c 00007fff52d48a00
0x00007fff52d486a8:   00007fff92ce9634 00007fff52d4872c
0x00007fff52d486b8:   00007fff52d48730 00007fff52d48734
0x00007fff52d486c8:   00007fff75c0ce00 ffffffffffffffff
0x00007fff52d486d8:   0000000000000930 00007fff75c0ce18
0x00007fff52d486e8:   00007fc4e2b1e330 0000000000000000
0x00007fff52d486f8:   00007fff52d487d0 0000000000000000
0x00007fff52d48708:   00007fc4e04a2340 00007fff52d48850
0x00007fff52d48718:   0000000000000062 00000000000f42ff
0x00007fff52d48728:   00007fc4e074bca0 00007fc4e04a1d70
0x00007fff52d48738:   00007fc4e041f740 0000000000000001
0x00007fff52d48748:   00000000000f42fd 00007fc4e041f730
0x00007fff52d48758:   00007fff9199bc05 00000001e053b9f0
0x00007fff52d48768:   00007fff74b6b0d0 0000000042000000
0x00007fff52d48778:   00007fff919a2e63 00007fff75bd7240
0x00007fff52d48788:   00007fff52d48858 00007fff52d487b0
0x00007fff52d48798:   00007fff52d487d0 0000000000000000
0x00007fff52d487a8:   0000000000000028 0001fd0300000001
0x00007fff52d487b8:   00007fc4e041f764 0000000000000000
0x00007fff52d487c8:   0000000000000000 00007fc4e04a23c0
0x00007fff52d487d8:   00007fc4e2b1e330 0000002000000000
0x00007fff52d487e8:   0000000000000000 00007fff74b6b0d0
0x00007fff52d487f8:   0000000042000000 00007fff919a24f8
0x00007fff52d48808:   00007fff75bd7350 00007fff52d48768
0x00007fff52d48818:   0000000000000000 00007fff52d488e8
0x00007fff52d48828:   00007fff742f4ea0 00007fff52d48920
0x00007fff52d48838:   00007fff882c7edc 00007fff52d488d0
0x00007fff52d48848:   00007fff8749d5fd 0000000000000051
0x00007fff52d48858:   0000000000000000 00000000000f42e2
0x00007fff52d48868:   0000000000000053 0000000000000000
0x00007fff52d48878:   00000000000f42fd 00007fff52d488f4
0x00007fff52d48888:   00000000003f7f01 00000000ffffffff 

Instructions: (pc=0x00007fff84b090dd)
0x00007fff84b090bd:   00 00 00 48 85 ff 2e 74 7a 40 f6 c7 01 2e 75 7e
0x00007fff84b090cd:   49 bb f8 ff ff ff ff 7f 00 00 4c 23 1f 49 89 f2
0x00007fff84b090dd:   45 23 53 18 49 c1 e2 04 4d 03 53 10 49 3b 32 75
0x00007fff84b090ed:   04 41 ff 62 08 49 83 3a 00 74 6a 4d 3b 53 10 74 

Register to memory mapping:

RAX=0x00007fc4e0469380 is an unknown value
RBX=0x00007fff52d48878 is pointing into the stack for thread: 0x00007fc4e185c800
RCX=0x0000000000000000 is an unknown value
RDX=0x00007fc4e074bca0 is an unknown value
RSP=0x00007fff52d48698 is pointing into the stack for thread: 0x00007fc4e185c800
RBP=0x00007fff52d486a0 is pointing into the stack for thread: 0x00007fc4e185c800
RSI=0x00007fff87d69423: -[NSTitlebarContainerView transparent]+0x5e307 in /System/Library/Frameworks/AppKit.framework/Versions/C/AppKit at 0x00007fff87368000
RDI=0x00007fc4e0469380 is an unknown value
R8 =0x00007fff52d48680 is pointing into the stack for thread: 0x00007fc4e185c800
R9 =0x0000000000000062 is an unknown value
R10=0x00007fff87d69423: -[NSTitlebarContainerView transparent]+0x5e307 in /System/Library/Frameworks/AppKit.framework/Versions/C/AppKit at 0x00007fff87368000
R11=0x000007fc4e2b1a08 is an unknown value
R12=0x00007fc4e041f740 is an unknown value
R13=0x00000000000f42fd is an unknown value
R14=0x00007fc4e2b1e330 is an unknown value
R15=0x00007fff52d487d8 is pointing into the stack for thread: 0x00007fc4e185c800


Stack: [0x00007fff5254d000,0x00007fff52d4d000],  sp=0x00007fff52d48698,  free space=8173k
Native frames: (J=compiled Java code, j=interpreted, Vv=VM code, C=native code)
C  [libobjc.A.dylib+0x10dd]  objc_msgSend+0x1d
C  [CoreFoundation+0x10634]  _CFXNotificationPost+0xc44
C  [Foundation+0x79d1]  -[NSNotificationCenter postNotificationName:object:userInfo:]+0x42
C  [AppKit+0x43ac2]  -[NSSurface _disposeSurface]+0x98
C  [AppKit+0x43526]  -[NSSurface setWindow:]+0x42
C  [AppKit+0x33a10]  -[NSView _setWindow:]+0xa33
C  [AppKit+0x6b091]  -[NSView removeFromSuperview]+0x1c5
C  [AppKit+0x14bea9]  -[NSView removeFromSuperviewWithoutNeedingDisplay]+0x26
C  [liblwjgl.dylib+0xa205]  +[MacOSXKeyableWindow destroyWindow]+0xb5
C  [Foundation+0x92d00]  __NSThreadPerformPerform+0x125
C  [CoreFoundation+0x80a01]  __CFRUNLOOP_IS_CALLING_OUT_TO_A_SOURCE0_PERFORM_FUNCTION__+0x11
C  [CoreFoundation+0x72b8d]  __CFRunLoopDoSources0+0x10d
C  [CoreFoundation+0x721bf]  __CFRunLoopRun+0x39f
C  [CoreFoundation+0x71bd8]  CFRunLoopRunSpecific+0x128
C  [HIToolbox+0x3256f]  RunCurrentEventLoopInMode+0xeb
C  [HIToolbox+0x322ea]  ReceiveNextEventCommon+0x1af
C  [HIToolbox+0x3212b]  _BlockUntilNextEventMatchingListInModeWithFilter+0x47
C  [AppKit+0x919bb]  _DPSNextEvent+0x3d2
C  [AppKit+0x90f68]  -[NSApplication nextEventMatchingMask:untilDate:inMode:dequeue:]+0x15a
C  [libosxapp.dylib+0x242a]  -[NSApplicationAWT nextEventMatchingMask:untilDate:inMode:dequeue:]+0x7c
C  [AppKit+0x86bf3]  -[NSApplication run]+0x252
C  [libosxapp.dylib+0x223e]  +[NSApplicationAWT runAWTLoopWithApp:]+0x9c
C  [libawt_lwawt.dylib+0x4494f]  -[AWTStarter starter:]+0x389
C  [Foundation+0x92d00]  __NSThreadPerformPerform+0x125
C  [CoreFoundation+0x80a01]  __CFRUNLOOP_IS_CALLING_OUT_TO_A_SOURCE0_PERFORM_FUNCTION__+0x11
C  [CoreFoundation+0x72b8d]  __CFRunLoopDoSources0+0x10d
C  [CoreFoundation+0x721bf]  __CFRunLoopRun+0x39f
C  [CoreFoundation+0x71bd8]  CFRunLoopRunSpecific+0x128
C  [java+0x56cc]  CreateExecutionEnvironment+0x367
C  [java+0x165c]  JLI_Launch+0x7a0
C  [java+0x768a]  main+0x65
C  [java+0xeb4]  start+0x34
C  0x0000000000000006


---------------  P R O C E S S  ---------------

Java Threads: ( => current thread )
  0x00007fc4e198b000 JavaThread "AWT-Shutdown" [_thread_blocked, id=28187, stack(0x0000000130e07000,0x0000000130f07000)]
  0x00007fc4e11b1800 JavaThread "Java2D Queue Flusher" daemon [_thread_blocked, id=55303, stack(0x00000001293a1000,0x00000001294a1000)]
  0x00007fc4e18d3000 JavaThread "Java2D Disposer" daemon [_thread_blocked, id=50483, stack(0x0000000128f8d000,0x000000012908d000)]
=>0x00007fc4e185c800 JavaThread "AppKit Thread" daemon [_thread_in_native, id=1811, stack(0x00007fff5254d000,0x00007fff52d4d000)]
  0x00007fc4e1039000 JavaThread "Service Thread" daemon [_thread_blocked, id=18179, stack(0x000000012407a000,0x000000012417a000)]
  0x00007fc4e1812000 JavaThread "C1 CompilerThread2" daemon [_thread_blocked, id=17667, stack(0x0000000123f77000,0x0000000124077000)]
  0x00007fc4e180e800 JavaThread "C2 CompilerThread1" daemon [_thread_blocked, id=17155, stack(0x0000000123e74000,0x0000000123f74000)]
  0x00007fc4e180d000 JavaThread "C2 CompilerThread0" daemon [_thread_blocked, id=16643, stack(0x0000000123d71000,0x0000000123e71000)]
  0x00007fc4e180b000 JavaThread "Signal Dispatcher" daemon [_thread_blocked, id=12311, stack(0x0000000123c6e000,0x0000000123d6e000)]
  0x00007fc4e102d000 JavaThread "Finalizer" daemon [_thread_blocked, id=11523, stack(0x0000000122248000,0x0000000122348000)]
  0x00007fc4e102c800 JavaThread "Reference Handler" daemon [_thread_blocked, id=11011, stack(0x0000000122145000,0x0000000122245000)]
  0x00007fc4e1006800 JavaThread "main" [_thread_in_native, id=4867, stack(0x000000010e71d000,0x000000010e81d000)]

Other Threads:
  0x00007fc4e2033000 VMThread [stack: 0x0000000122042000,0x0000000122142000] [id=10499]
  0x00007fc4e2037000 WatcherThread [stack: 0x000000012417d000,0x000000012427d000] [id=18691]

VM state:not at safepoint (normal execution)

VM Mutex/Monitor currently owned by a thread: None

Heap:
 PSYoungGen      total 18944K, used 5189K [0x00000007aab00000, 0x00000007ac000000, 0x00000007c0000000)
  eden space 16384K, 18% used [0x00000007aab00000,0x00000007aae08168,0x00000007abb00000)
  from space 2560K, 81% used [0x00000007abd80000,0x00000007abf89660,0x00000007ac000000)
  to   space 2560K, 0% used [0x00000007abb00000,0x00000007abb00000,0x00000007abd80000)
 ParOldGen       total 108032K, used 82281K [0x0000000780000000, 0x0000000786980000, 0x00000007aab00000)
  object space 108032K, 76% used [0x0000000780000000,0x000000078505a528,0x0000000786980000)
 Metaspace       used 11348K, capacity 11523K, committed 11776K, reserved 1060864K
  class space    used 1180K, capacity 1214K, committed 1280K, reserved 1048576K

Card table byte_map: [0x000000011dc13000,0x000000011de14000] byte_map_base: 0x000000011a013000

Marking Bits: (ParMarkBitMap*) 0x000000010e09d390
 Begin Bits: [0x000000011e376000, 0x000000011f376000)
 End Bits:   [0x000000011f376000, 0x0000000120376000)

Polling page: 0x000000010cfd6000

CodeCache: size=245760Kb used=4147Kb max_used=4147Kb free=241612Kb
 bounds [0x000000010e853000, 0x000000010ec63000, 0x000000011d853000]
 total_blobs=1744 nmethods=1195 adapters=464
 compilation: enabled

Compilation events (10 events):
Event: 5.309 Thread 0x00007fc4e1812000 1191   !   3       org.lwjgl.input.Mouse::getX (17 bytes)
Event: 5.309 Thread 0x00007fc4e1812000 nmethod 1191 0x000000010ec604d0 code [0x000000010ec60640, 0x000000010ec608b0]
Event: 5.359 Thread 0x00007fc4e1812000 1192       3       java.lang.Integer::stringSize (21 bytes)
Event: 5.360 Thread 0x00007fc4e1812000 nmethod 1192 0x000000010ec60990 code [0x000000010ec60b00, 0x000000010ec60d10]
Event: 5.360 Thread 0x00007fc4e1812000 1193       3       java.lang.Integer::getChars (131 bytes)
Event: 5.360 Thread 0x00007fc4e1812000 nmethod 1193 0x000000010ec60e10 code [0x000000010ec60fc0, 0x000000010ec61450]
Event: 5.596 Thread 0x00007fc4e1812000 1194       3       java.security.CodeSource::hashCode (17 bytes)
Event: 5.597 Thread 0x00007fc4e1812000 nmethod 1194 0x000000010ec61890 code [0x000000010ec61a20, 0x000000010ec61fa8]
Event: 5.597 Thread 0x00007fc4e1812000 1195  s    3       java.net.URL::hashCode (30 bytes)
Event: 5.597 Thread 0x00007fc4e1812000 nmethod 1195 0x000000010ec62150 code [0x000000010ec622c0, 0x000000010ec626e8]

GC Heap History (4 events):
Event: 1.153 GC heap before
{Heap before GC invocations=1 (full 0):
 PSYoungGen      total 18944K, used 16048K [0x00000007aab00000, 0x00000007ac000000, 0x00000007c0000000)
  eden space 16384K, 97% used [0x00000007aab00000,0x00000007abaac310,0x00000007abb00000)
  from space 2560K, 0% used [0x00000007abd80000,0x00000007abd80000,0x00000007ac000000)
  to   space 2560K, 0% used [0x00000007abb00000,0x00000007abb00000,0x00000007abd80000)
 ParOldGen       total 44032K, used 0K [0x0000000780000000, 0x0000000782b00000, 0x00000007aab00000)
  object space 44032K, 0% used [0x0000000780000000,0x0000000780000000,0x0000000782b00000)
 Metaspace       used 11098K, capacity 11267K, committed 11520K, reserved 1058816K
  class space    used 1173K, capacity 1214K, committed 1280K, reserved 1048576K
Event: 1.159 GC heap after
Heap after GC invocations=1 (full 0):
 PSYoungGen      total 18944K, used 2533K [0x00000007aab00000, 0x00000007ac000000, 0x00000007c0000000)
  eden space 16384K, 0% used [0x00000007aab00000,0x00000007aab00000,0x00000007abb00000)
  from space 2560K, 98% used [0x00000007abb00000,0x00000007abd79690,0x00000007abd80000)
  to   space 2560K, 0% used [0x00000007abd80000,0x00000007abd80000,0x00000007ac000000)
 ParOldGen       total 44032K, used 2525K [0x0000000780000000, 0x0000000782b00000, 0x00000007aab00000)
  object space 44032K, 5% used [0x0000000780000000,0x00000007802774b8,0x0000000782b00000)
 Metaspace       used 11098K, capacity 11267K, committed 11520K, reserved 1058816K
  class space    used 1173K, capacity 1214K, committed 1280K, reserved 1048576K
}
Event: 2.360 GC heap before
{Heap before GC invocations=2 (full 0):
 PSYoungGen      total 18944K, used 18917K [0x00000007aab00000, 0x00000007ac000000, 0x00000007c0000000)
  eden space 16384K, 100% used [0x00000007aab00000,0x00000007abb00000,0x00000007abb00000)
  from space 2560K, 98% used [0x00000007abb00000,0x00000007abd79690,0x00000007abd80000)
  to   space 2560K, 0% used [0x00000007abd80000,0x00000007abd80000,0x00000007ac000000)
 ParOldGen       total 77312K, used 51677K [0x0000000780000000, 0x0000000784b80000, 0x00000007aab00000)
  object space 77312K, 66% used [0x0000000780000000,0x00000007832774d8,0x0000000784b80000)
 Metaspace       used 11109K, capacity 11267K, committed 11520K, reserved 1058816K
  class space    used 1173K, capacity 1214K, committed 1280K, reserved 1048576K
Event: 2.362 GC heap after
Heap after GC invocations=2 (full 0):
 PSYoungGen      total 18944K, used 2085K [0x00000007aab00000, 0x00000007ac000000, 0x00000007c0000000)
  eden space 16384K, 0% used [0x00000007aab00000,0x00000007aab00000,0x00000007abb00000)
  from space 2560K, 81% used [0x00000007abd80000,0x00000007abf89660,0x00000007ac000000)
  to   space 2560K, 0% used [0x00000007abb00000,0x00000007abb00000,0x00000007abd80000)
 ParOldGen       total 77312K, used 51685K [0x0000000780000000, 0x0000000784b80000, 0x00000007aab00000)
  object space 77312K, 66% used [0x0000000780000000,0x00000007832794d8,0x0000000784b80000)
 Metaspace       used 11109K, capacity 11267K, committed 11520K, reserved 1058816K
  class space    used 1173K, capacity 1214K, committed 1280K, reserved 1048576K
}

Deoptimization events (10 events):
Event: 0.860 Thread 0x00007fc4e1006800 Uncommon trap: reason=unloaded action=reinterpret pc=0x000000010ea58c98 method=java.lang.CharacterData.of(I)Ljava/lang/CharacterData; @ 96
Event: 2.868 Thread 0x00007fc4e1006800 Uncommon trap: reason=unreached action=reinterpret pc=0x000000010ebac0a0 method=com.jcraft.jorbis.Mapping0.inverse(Lcom/jcraft/jorbis/Block;Ljava/lang/Object;)I @ 207
Event: 2.869 Thread 0x00007fc4e1006800 Uncommon trap: reason=unreached action=reinterpret pc=0x000000010eb7f778 method=com.jcraft.jorbis.Floor1.inverse2(Lcom/jcraft/jorbis/Block;Ljava/lang/Object;Ljava/lang/Object;[F)I @ 33
Event: 2.869 Thread 0x00007fc4e1006800 Uncommon trap: reason=unreached action=reinterpret pc=0x000000010eb6c934 method=com.jcraft.jorbis.Mapping0.inverse(Lcom/jcraft/jorbis/Block;Ljava/lang/Object;)I @ 849
Event: 2.879 Thread 0x00007fc4e1006800 Uncommon trap: reason=unloaded action=reinterpret pc=0x000000010eb89cec method=org.newdawn.slick.openal.OggDecoder.getData(Ljava/io/InputStream;)Lorg/newdawn/slick/openal/OggData; @ 52
Event: 3.071 Thread 0x00007fc4e1006800 Uncommon trap: reason=class_check action=maybe_recompile pc=0x000000010ea82a30 method=java.util.HashMap.putVal(ILjava/lang/Object;Ljava/lang/Object;ZZ)Ljava/lang/Object; @ 253
Event: 3.071 Thread 0x00007fc4e1006800 Uncommon trap: reason=bimorphic action=maybe_recompile pc=0x000000010ea9b29c method=java.util.HashMap.putVal(ILjava/lang/Object;Ljava/lang/Object;ZZ)Ljava/lang/Object; @ 253
Event: 3.077 Thread 0x00007fc4e1006800 Uncommon trap: reason=unreached action=reinterpret pc=0x000000010ec2b65c method=java.lang.AbstractStringBuilder.append(Ljava/lang/String;)Ljava/lang/AbstractStringBuilder; @ 1
Event: 3.077 Thread 0x00007fc4e1006800 Uncommon trap: reason=bimorphic action=maybe_recompile pc=0x000000010ea9b29c method=java.util.HashMap.putVal(ILjava/lang/Object;Ljava/lang/Object;ZZ)Ljava/lang/Object; @ 253
Event: 3.092 Thread 0x00007fc4e1006800 Uncommon trap: reason=unreached action=reinterpret pc=0x000000010eb116f8 method=java.lang.AbstractStringBuilder.append(Ljava/lang/String;)Ljava/lang/AbstractStringBuilder; @ 1

Internal exceptions (10 events):
Event: 1.106 Thread 0x00007fc4e1006800 Exception <a 'java/security/PrivilegedActionException'> (0x00000007ab973d40) thrown at [/HUDSON3/workspace/8-2-build-macosx-x86_64/jdk8u25/1514/hotspot/src/share/vm/prims/jvm.cpp, line 1312]
Event: 2.869 Thread 0x00007fc4e1006800 Implicit null exception at 0x000000010eb7f050 to 0x000000010eb7f759
Event: 2.949 Thread 0x00007fc4e1006800 Exception <a 'java/security/PrivilegedActionException'> (0x00000007aab6fc60) thrown at [/HUDSON3/workspace/8-2-build-macosx-x86_64/jdk8u25/1514/hotspot/src/share/vm/prims/jvm.cpp, line 1312]
Event: 2.988 Thread 0x00007fc4e1006800 Exception <a 'java/security/PrivilegedActionException'> (0x00000007aac1e308) thrown at [/HUDSON3/workspace/8-2-build-macosx-x86_64/jdk8u25/1514/hotspot/src/share/vm/prims/jvm.cpp, line 1312]
Event: 3.072 Thread 0x00007fc4e1006800 Exception <a 'java/security/PrivilegedActionException'> (0x00000007aad663f8) thrown at [/HUDSON3/workspace/8-2-build-macosx-x86_64/jdk8u25/1514/hotspot/src/share/vm/prims/jvm.cpp, line 1312]
Event: 3.072 Thread 0x00007fc4e1006800 Exception <a 'java/security/PrivilegedActionException'> (0x00000007aad6a8d0) thrown at [/HUDSON3/workspace/8-2-build-macosx-x86_64/jdk8u25/1514/hotspot/src/share/vm/prims/jvm.cpp, line 1312]
Event: 3.072 Thread 0x00007fc4e1006800 Exception <a 'java/security/PrivilegedActionException'> (0x00000007aad6f3c8) thrown at [/HUDSON3/workspace/8-2-build-macosx-x86_64/jdk8u25/1514/hotspot/src/share/vm/prims/jvm.cpp, line 1312]
Event: 3.077 Thread 0x00007fc4e1006800 Implicit null exception at 0x000000010ec2b2f5 to 0x000000010ec2b649
Event: 3.092 Thread 0x00007fc4e1006800 Implicit null exception at 0x000000010eb11333 to 0x000000010eb116e5
Event: 5.596 Thread 0x00007fc4e1006800 Exception <a 'java/security/PrivilegedActionException'> (0x00000007aad81f48) thrown at [/HUDSON3/workspace/8-2-build-macosx-x86_64/jdk8u25/1514/hotspot/src/share/vm/prims/jvm.cpp, line 1312]

Events (10 events):
Event: 3.077 Thread 0x00007fc4e1006800 DEOPT PACKING pc=0x000000010ea9b29c sp=0x000000010e81c340
Event: 3.077 Thread 0x00007fc4e1006800 DEOPT UNPACKING pc=0x000000010e857f69 sp=0x000000010e81c2f8 mode 2
Event: 3.092 Thread 0x00007fc4e1006800 Uncommon trap: trap_request=0xffffffad fr.pc=0x000000010eb116f8
Event: 3.092 Thread 0x00007fc4e1006800 DEOPT PACKING pc=0x000000010eb116f8 sp=0x000000010e81c5f0
Event: 3.092 Thread 0x00007fc4e1006800 DEOPT UNPACKING pc=0x000000010e857f69 sp=0x000000010e81c5e0 mode 2
Event: 3.773 Thread 0x00007fc4e198b000 Thread added: 0x00007fc4e198b000
Event: 4.108 Executing VM operation: EnableBiasedLocking
Event: 4.108 Executing VM operation: EnableBiasedLocking done
Event: 5.596 loading class org/lwjgl/opengl/CallbackUtil
Event: 5.596 loading class org/lwjgl/opengl/CallbackUtil done


Dynamic libraries:
0x000000000393a000 	/System/Library/Frameworks/Cocoa.framework/Versions/A/Cocoa
0x000000000393a000 	/System/Library/Frameworks/Security.framework/Versions/A/Security
0x000000000393a000 	/System/Library/Frameworks/ApplicationServices.framework/Versions/A/ApplicationServices
0x000000000393a000 	/usr/lib/libz.1.dylib
0x000000000393a000 	/usr/lib/libSystem.B.dylib
0x000000000393a000 	/usr/lib/libobjc.A.dylib
0x000000000393a000 	/System/Library/Frameworks/CoreFoundation.framework/Versions/A/CoreFoundation
0x000000000393a000 	/System/Library/Frameworks/Foundation.framework/Versions/C/Foundation
0x000000000393a000 	/System/Library/Frameworks/AppKit.framework/Versions/C/AppKit
0x000000000393a000 	/System/Library/Frameworks/CoreData.framework/Versions/A/CoreData
0x000000000393a000 	/System/Library/PrivateFrameworks/RemoteViewServices.framework/Versions/A/RemoteViewServices
0x000000000393a000 	/System/Library/PrivateFrameworks/UIFoundation.framework/Versions/A/UIFoundation
0x000000000393a000 	/System/Library/Frameworks/IOSurface.framework/Versions/A/IOSurface
0x000000000393a000 	/System/Library/Frameworks/AudioToolbox.framework/Versions/A/AudioToolbox
0x000000000393a000 	/System/Library/Frameworks/AudioUnit.framework/Versions/A/AudioUnit
0x000000000393a000 	/System/Library/PrivateFrameworks/DataDetectorsCore.framework/Versions/A/DataDetectorsCore
0x000000000393a000 	/System/Library/PrivateFrameworks/DesktopServicesPriv.framework/Versions/A/DesktopServicesPriv
0x000000000393a000 	/System/Library/Frameworks/Carbon.framework/Versions/A/Frameworks/HIToolbox.framework/Versions/A/HIToolbox
0x000000000393a000 	/System/Library/Frameworks/QuartzCore.framework/Versions/A/QuartzCore
0x000000000393a000 	/System/Library/Frameworks/Carbon.framework/Versions/A/Frameworks/SpeechRecognition.framework/Versions/A/SpeechRecognition
0x000000000393a000 	/usr/lib/libauto.dylib
0x000000000393a000 	/usr/lib/libicucore.A.dylib
0x000000000393a000 	/usr/lib/libxml2.2.dylib
0x000000000393a000 	/System/Library/PrivateFrameworks/CoreUI.framework/Versions/A/CoreUI
0x000000000393a000 	/System/Library/Frameworks/CoreAudio.framework/Versions/A/CoreAudio
0x000000000393a000 	/System/Library/Frameworks/DiskArbitration.framework/Versions/A/DiskArbitration
0x000000000393a000 	/usr/lib/liblangid.dylib
0x000000000393a000 	/System/Library/PrivateFrameworks/MultitouchSupport.framework/Versions/A/MultitouchSupport
0x000000000393a000 	/System/Library/Frameworks/IOKit.framework/Versions/A/IOKit
0x000000000393a000 	/usr/lib/libDiagnosticMessagesClient.dylib
0x000000000393a000 	/System/Library/Frameworks/CoreServices.framework/Versions/A/CoreServices
0x000000000393a000 	/System/Library/PrivateFrameworks/PerformanceAnalysis.framework/Versions/A/PerformanceAnalysis
0x000000000393a000 	/System/Library/PrivateFrameworks/GenerationalStorage.framework/Versions/A/GenerationalStorage
0x000000000393a000 	/System/Library/Frameworks/OpenGL.framework/Versions/A/OpenGL
0x000000000393a000 	/System/Library/PrivateFrameworks/Sharing.framework/Versions/A/Sharing
0x000000000393a000 	/System/Library/Frameworks/CoreGraphics.framework/Versions/A/CoreGraphics
0x000000000393a000 	/System/Library/Frameworks/CoreText.framework/Versions/A/CoreText
0x000000000393a000 	/System/Library/Frameworks/ImageIO.framework/Versions/A/ImageIO
0x000000000393a000 	/usr/lib/libextension.dylib
0x000000000393a000 	/System/Library/PrivateFrameworks/Backup.framework/Versions/A/Backup
0x000000000393a000 	/usr/lib/libarchive.2.dylib
0x000000000393a000 	/System/Library/Frameworks/CFNetwork.framework/Versions/A/CFNetwork
0x000000000393a000 	/System/Library/Frameworks/SystemConfiguration.framework/Versions/A/SystemConfiguration
0x000000000393a000 	/usr/lib/libCRFSuite.dylib
0x000000000393a000 	/usr/lib/libc++.1.dylib
0x000000000393a000 	/usr/lib/libc++abi.dylib
0x000000000393a000 	/usr/lib/system/libcache.dylib
0x000000000393a000 	/usr/lib/system/libcommonCrypto.dylib
0x000000000393a000 	/usr/lib/system/libcompiler_rt.dylib
0x000000000393a000 	/usr/lib/system/libcopyfile.dylib
0x000000000393a000 	/usr/lib/system/libcorecrypto.dylib
0x000000000393a000 	/usr/lib/system/libdispatch.dylib
0x000000000393a000 	/usr/lib/system/libdyld.dylib
0x000000000393a000 	/usr/lib/system/libkeymgr.dylib
0x000000000393a000 	/usr/lib/system/liblaunch.dylib
0x000000000393a000 	/usr/lib/system/libmacho.dylib
0x000000000393a000 	/usr/lib/system/libquarantine.dylib
0x000000000393a000 	/usr/lib/system/libremovefile.dylib
0x000000000393a000 	/usr/lib/system/libsystem_asl.dylib
0x000000000393a000 	/usr/lib/system/libsystem_blocks.dylib
0x000000000393a000 	/usr/lib/system/libsystem_c.dylib
0x000000000393a000 	/usr/lib/system/libsystem_configuration.dylib
0x000000000393a000 	/usr/lib/system/libsystem_coreservices.dylib
0x000000000393a000 	/usr/lib/system/libsystem_coretls.dylib
0x000000000393a000 	/usr/lib/system/libsystem_dnssd.dylib
0x000000000393a000 	/usr/lib/system/libsystem_info.dylib
0x000000000393a000 	/usr/lib/system/libsystem_kernel.dylib
0x000000000393a000 	/usr/lib/system/libsystem_m.dylib
0x000000000393a000 	/usr/lib/system/libsystem_malloc.dylib
0x000000000393a000 	/usr/lib/system/libsystem_network.dylib
0x000000000393a000 	/usr/lib/system/libsystem_networkextension.dylib
0x000000000393a000 	/usr/lib/system/libsystem_notify.dylib
0x000000000393a000 	/usr/lib/system/libsystem_platform.dylib
0x000000000393a000 	/usr/lib/system/libsystem_pthread.dylib
0x000000000393a000 	/usr/lib/system/libsystem_sandbox.dylib
0x000000000393a000 	/usr/lib/system/libsystem_secinit.dylib
0x000000000393a000 	/usr/lib/system/libsystem_stats.dylib
0x000000000393a000 	/usr/lib/system/libsystem_trace.dylib
0x000000000393a000 	/usr/lib/system/libunc.dylib
0x000000000393a000 	/usr/lib/system/libunwind.dylib
0x000000000393a000 	/usr/lib/system/libxpc.dylib
0x000000000393a000 	/usr/lib/libbz2.1.0.dylib
0x000000000393a000 	/usr/lib/liblzma.5.dylib
0x000000000393a000 	/usr/lib/libbsm.0.dylib
0x000000000393a000 	/usr/lib/libsqlite3.dylib
0x000000000393a000 	/usr/lib/system/libkxld.dylib
0x000000000393a000 	/usr/lib/libxar.1.dylib
0x000000000393a000 	/usr/lib/libpam.2.dylib
0x000000000393a000 	/usr/lib/libOpenScriptingUtil.dylib
0x000000000393a000 	/System/Library/Frameworks/CoreServices.framework/Versions/A/Frameworks/FSEvents.framework/Versions/A/FSEvents
0x000000000393a000 	/System/Library/Frameworks/CoreServices.framework/Versions/A/Frameworks/CarbonCore.framework/Versions/A/CarbonCore
0x000000000393a000 	/System/Library/Frameworks/CoreServices.framework/Versions/A/Frameworks/Metadata.framework/Versions/A/Metadata
0x000000000393a000 	/System/Library/Frameworks/CoreServices.framework/Versions/A/Frameworks/OSServices.framework/Versions/A/OSServices
0x000000000393a000 	/System/Library/Frameworks/CoreServices.framework/Versions/A/Frameworks/SearchKit.framework/Versions/A/SearchKit
0x000000000393a000 	/System/Library/Frameworks/CoreServices.framework/Versions/A/Frameworks/AE.framework/Versions/A/AE
0x000000000393a000 	/System/Library/Frameworks/CoreServices.framework/Versions/A/Frameworks/LaunchServices.framework/Versions/A/LaunchServices
0x000000000393a000 	/System/Library/Frameworks/CoreServices.framework/Versions/A/Frameworks/DictionaryServices.framework/Versions/A/DictionaryServices
0x000000000393a000 	/System/Library/Frameworks/NetFS.framework/Versions/A/NetFS
0x000000000393a000 	/System/Library/PrivateFrameworks/NetAuth.framework/Versions/A/NetAuth
0x000000000393a000 	/System/Library/PrivateFrameworks/login.framework/Versions/A/Frameworks/loginsupport.framework/Versions/A/loginsupport
0x000000000393a000 	/System/Library/PrivateFrameworks/TCC.framework/Versions/A/TCC
0x000000000393a000 	/usr/lib/libmecabra.dylib
0x000000000393a000 	/System/Library/Frameworks/ApplicationServices.framework/Versions/A/Frameworks/ATS.framework/Versions/A/ATS
0x000000000393a000 	/System/Library/Frameworks/ApplicationServices.framework/Versions/A/Frameworks/ColorSync.framework/Versions/A/ColorSync
0x000000000393a000 	/System/Library/Frameworks/ApplicationServices.framework/Versions/A/Frameworks/HIServices.framework/Versions/A/HIServices
0x000000000393a000 	/System/Library/Frameworks/ApplicationServices.framework/Versions/A/Frameworks/LangAnalysis.framework/Versions/A/LangAnalysis
0x000000000393a000 	/System/Library/Frameworks/ApplicationServices.framework/Versions/A/Frameworks/PrintCore.framework/Versions/A/PrintCore
0x000000000393a000 	/System/Library/Frameworks/ApplicationServices.framework/Versions/A/Frameworks/QD.framework/Versions/A/QD
0x000000000393a000 	/System/Library/Frameworks/ApplicationServices.framework/Versions/A/Frameworks/SpeechSynthesis.framework/Versions/A/SpeechSynthesis
0x000000000393a000 	/System/Library/Frameworks/Accelerate.framework/Versions/A/Accelerate
0x000000000393a000 	/System/Library/Frameworks/Accelerate.framework/Versions/A/Frameworks/vImage.framework/Versions/A/vImage
0x000000000393a000 	/System/Library/Frameworks/Accelerate.framework/Versions/A/Frameworks/vecLib.framework/Versions/A/vecLib
0x000000000393a000 	/System/Library/Frameworks/Accelerate.framework/Versions/A/Frameworks/vecLib.framework/Versions/A/libvDSP.dylib
0x000000000393a000 	/System/Library/Frameworks/Accelerate.framework/Versions/A/Frameworks/vecLib.framework/Versions/A/libvMisc.dylib
0x000000000393a000 	/System/Library/Frameworks/Accelerate.framework/Versions/A/Frameworks/vecLib.framework/Versions/A/libLAPACK.dylib
0x000000000393a000 	/System/Library/Frameworks/Accelerate.framework/Versions/A/Frameworks/vecLib.framework/Versions/A/libBLAS.dylib
0x000000000393a000 	/System/Library/Frameworks/Accelerate.framework/Versions/A/Frameworks/vecLib.framework/Versions/A/libLinearAlgebra.dylib
0x000000000393a000 	/System/Library/Frameworks/ApplicationServices.framework/Versions/A/Frameworks/ATS.framework/Versions/A/Resources/libFontParser.dylib
0x000000000393a000 	/System/Library/Frameworks/ApplicationServices.framework/Versions/A/Frameworks/ATS.framework/Versions/A/Resources/libFontRegistry.dylib
0x000000000393a000 	/System/Library/PrivateFrameworks/AppleVPA.framework/Versions/A/AppleVPA
0x000000000393a000 	/System/Library/PrivateFrameworks/AppleJPEG.framework/Versions/A/AppleJPEG
0x000000000393a000 	/System/Library/Frameworks/ImageIO.framework/Versions/A/Resources/libJPEG.dylib
0x000000000393a000 	/System/Library/Frameworks/ImageIO.framework/Versions/A/Resources/libTIFF.dylib
0x000000000393a000 	/System/Library/Frameworks/ImageIO.framework/Versions/A/Resources/libPng.dylib
0x000000000393a000 	/System/Library/Frameworks/ImageIO.framework/Versions/A/Resources/libGIF.dylib
0x000000000393a000 	/System/Library/Frameworks/ImageIO.framework/Versions/A/Resources/libJP2.dylib
0x000000000393a000 	/System/Library/Frameworks/ImageIO.framework/Versions/A/Resources/libRadiance.dylib
0x000000000393a000 	/System/Library/Frameworks/CoreVideo.framework/Versions/A/CoreVideo
0x000000000393a000 	/System/Library/Frameworks/OpenGL.framework/Versions/A/Libraries/libGLU.dylib
0x000000000393a000 	/System/Library/Frameworks/OpenGL.framework/Versions/A/Libraries/libGFXShared.dylib
0x000000000393a000 	/System/Library/Frameworks/OpenGL.framework/Versions/A/Libraries/libGL.dylib
0x000000000393a000 	/System/Library/Frameworks/OpenGL.framework/Versions/A/Libraries/libGLImage.dylib
0x000000000393a000 	/System/Library/Frameworks/OpenGL.framework/Versions/A/Libraries/libCVMSPluginSupport.dylib
0x000000000393a000 	/System/Library/Frameworks/OpenGL.framework/Versions/A/Libraries/libCoreVMClient.dylib
0x000000000393a000 	/usr/lib/libcups.2.dylib
0x000000000393a000 	/System/Library/Frameworks/Kerberos.framework/Versions/A/Kerberos
0x000000000393a000 	/System/Library/Frameworks/GSS.framework/Versions/A/GSS
0x000000000393a000 	/usr/lib/libresolv.9.dylib
0x000000000393a000 	/usr/lib/libiconv.2.dylib
0x000000000393a000 	/System/Library/PrivateFrameworks/Heimdal.framework/Versions/A/Heimdal
0x000000000393a000 	/usr/lib/libheimdal-asn1.dylib
0x000000000393a000 	/System/Library/Frameworks/OpenDirectory.framework/Versions/A/OpenDirectory
0x000000000393a000 	/System/Library/PrivateFrameworks/CommonAuth.framework/Versions/A/CommonAuth
0x000000000393a000 	/System/Library/Frameworks/OpenDirectory.framework/Versions/A/Frameworks/CFOpenDirectory.framework/Versions/A/CFOpenDirectory
0x000000000393a000 	/System/Library/Frameworks/SecurityFoundation.framework/Versions/A/SecurityFoundation
0x000000000393a000 	/System/Library/PrivateFrameworks/LanguageModeling.framework/Versions/A/LanguageModeling
0x000000000393a000 	/usr/lib/libcmph.dylib
0x000000000393a000 	/System/Library/Frameworks/ServiceManagement.framework/Versions/A/ServiceManagement
0x000000000393a000 	/usr/lib/libxslt.1.dylib
0x000000000393a000 	/System/Library/Frameworks/Carbon.framework/Versions/A/Frameworks/Ink.framework/Versions/A/Ink
0x000000000393a000 	/System/Library/Frameworks/QuartzCore.framework/Versions/A/Frameworks/CoreImage.framework/Versions/A/CoreImage
0x000000000393a000 	/System/Library/PrivateFrameworks/CrashReporterSupport.framework/Versions/A/CrashReporterSupport
0x000000000393a000 	/System/Library/Frameworks/OpenCL.framework/Versions/A/OpenCL
0x000000000393a000 	/System/Library/PrivateFrameworks/FaceCore.framework/Versions/A/FaceCore
0x000000000393a000 	/System/Library/PrivateFrameworks/Ubiquity.framework/Versions/A/Ubiquity
0x000000000393a000 	/System/Library/PrivateFrameworks/IconServices.framework/Versions/A/IconServices
0x000000000393a000 	/System/Library/PrivateFrameworks/ChunkingLibrary.framework/Versions/A/ChunkingLibrary
0x000000000393a000 	/System/Library/PrivateFrameworks/Apple80211.framework/Versions/A/Apple80211
0x000000000393a000 	/System/Library/Frameworks/CoreWLAN.framework/Versions/A/CoreWLAN
0x000000000393a000 	/System/Library/Frameworks/IOBluetooth.framework/Versions/A/IOBluetooth
0x000000000393a000 	/System/Library/PrivateFrameworks/CoreWiFi.framework/Versions/A/CoreWiFi
0x000000000393a000 	/System/Library/Frameworks/CoreBluetooth.framework/Versions/A/CoreBluetooth
0x000000000393a000 	/System/Library/PrivateFrameworks/DebugSymbols.framework/Versions/A/DebugSymbols
0x000000000393a000 	/System/Library/PrivateFrameworks/CoreSymbolication.framework/Versions/A/CoreSymbolication
0x000000000393a000 	/System/Library/PrivateFrameworks/Symbolication.framework/Versions/A/Symbolication
0x000000000393a000 	/System/Library/PrivateFrameworks/SpeechRecognitionCore.framework/Versions/A/SpeechRecognitionCore
0x000000010d800000 	/Library/Java/JavaVirtualMachines/jdk1.8.0_25.jdk/Contents/Home/jre/lib/server/libjvm.dylib
0x000000000393a000 	/usr/lib/libstdc++.6.dylib
0x000000010cfc8000 	/Library/Java/JavaVirtualMachines/jdk1.8.0_25.jdk/Contents/Home/jre/lib/libverify.dylib
0x000000010e81f000 	/Library/Java/JavaVirtualMachines/jdk1.8.0_25.jdk/Contents/Home/jre/lib/libjava.dylib
0x000000010cfe0000 	/Library/Java/JavaVirtualMachines/jdk1.8.0_25.jdk/Contents/Home/jre/lib/libzip.dylib
0x000000012234a000 	/System/Library/Frameworks/JavaVM.framework/Frameworks/JavaRuntimeSupport.framework/JavaRuntimeSupport
0x0000000122365000 	/System/Library/Frameworks/JavaVM.framework/Versions/A/Frameworks/JavaNativeFoundation.framework/Versions/A/JavaNativeFoundation
0x000000012237a000 	/System/Library/Frameworks/JavaVM.framework/Versions/A/JavaVM
0x000000000393a000 	/System/Library/Frameworks/Carbon.framework/Versions/A/Carbon
0x0000000122387000 	/System/Library/PrivateFrameworks/JavaLaunching.framework/Versions/A/JavaLaunching
0x000000000393a000 	/System/Library/Frameworks/Carbon.framework/Versions/A/Frameworks/CommonPanels.framework/Versions/A/CommonPanels
0x000000000393a000 	/System/Library/Frameworks/Carbon.framework/Versions/A/Frameworks/Help.framework/Versions/A/Help
0x000000000393a000 	/System/Library/Frameworks/Carbon.framework/Versions/A/Frameworks/ImageCapture.framework/Versions/A/ImageCapture
0x000000000393a000 	/System/Library/Frameworks/Carbon.framework/Versions/A/Frameworks/OpenScripting.framework/Versions/A/OpenScripting
0x000000000393a000 	/System/Library/Frameworks/Carbon.framework/Versions/A/Frameworks/Print.framework/Versions/A/Print
0x000000000393a000 	/System/Library/Frameworks/Carbon.framework/Versions/A/Frameworks/SecurityHI.framework/Versions/A/SecurityHI
0x00000001242dd000 	/Library/Java/JavaVirtualMachines/jdk1.8.0_25.jdk/Contents/Home/jre/lib/libawt.dylib
0x000000012438c000 	/Library/Java/JavaVirtualMachines/jdk1.8.0_25.jdk/Contents/Home/jre/lib/./libmlib_image.dylib
0x0000000124458000 	/Library/Java/JavaVirtualMachines/jdk1.8.0_25.jdk/Contents/Home/jre/lib/libawt_lwawt.dylib
0x000000012450b000 	/Library/Java/JavaVirtualMachines/jdk1.8.0_25.jdk/Contents/Home/jre/lib/./libosxapp.dylib
0x000000000393a000 	/System/Library/Frameworks/ExceptionHandling.framework/Versions/A/ExceptionHandling
0x000000000393a000 	/System/Library/PrivateFrameworks/CoreServicesInternal.framework/Versions/A/CoreServicesInternal
0x000000000393a000 	/System/Library/PrivateFrameworks/CloudDocs.framework/Versions/A/CloudDocs
0x000000000393a000 	/System/Library/PrivateFrameworks/CoreDuet.framework/Versions/A/CoreDuet
0x000000000393a000 	/System/Library/Frameworks/CloudKit.framework/Versions/A/CloudKit
0x000000000393a000 	/System/Library/PrivateFrameworks/ProtocolBuffer.framework/Versions/A/ProtocolBuffer
0x000000000393a000 	/System/Library/PrivateFrameworks/CoreDuetDaemonProtocol.framework/Versions/A/CoreDuetDaemonProtocol
0x000000000393a000 	/System/Library/PrivateFrameworks/CoreDuetDebugLogging.framework/Versions/A/CoreDuetDebugLogging
0x000000000393a000 	/System/Library/PrivateFrameworks/MMCS.framework/Versions/A/MMCS
0x000000000393a000 	/System/Library/Frameworks/CoreLocation.framework/Versions/A/CoreLocation
0x000000000393a000 	/System/Library/PrivateFrameworks/ProtectedCloudStorage.framework/Versions/A/ProtectedCloudStorage
0x000000000393a000 	/System/Library/PrivateFrameworks/GeoServices.framework/Versions/A/GeoServices
0x000000000393a000 	/System/Library/Frameworks/CoreGraphics.framework/Versions/A/Resources/libCGCMS.A.dylib
0x000000000393a000 	/System/Library/Frameworks/CoreGraphics.framework/Versions/A/Resources/libRIP.A.dylib
0x000000000393a000 	/System/Library/Frameworks/CoreGraphics.framework/Versions/A/Resources/libCGXType.A.dylib
0x000000000393a000 	/System/Library/Frameworks/OpenCL.framework/Versions/A/Libraries/libcldcpuengine.dylib
0x000000000393a000 	/System/Library/PrivateFrameworks/DiskImages.framework/Versions/A/DiskImages
0x000000000393a000 	/System/Library/Frameworks/DiscRecording.framework/Versions/A/DiscRecording
0x000000000393a000 	/usr/lib/libcsfde.dylib
0x000000000393a000 	/usr/lib/libcurl.4.dylib
0x000000000393a000 	/System/Library/PrivateFrameworks/MediaKit.framework/Versions/A/MediaKit
0x000000000393a000 	/usr/lib/libCoreStorage.dylib
0x000000000393a000 	/System/Library/PrivateFrameworks/EFILogin.framework/Versions/A/EFILogin
0x000000000393a000 	/usr/lib/libutil.dylib
0x000000000393a000 	/System/Library/PrivateFrameworks/FindMyDevice.framework/Versions/A/FindMyDevice
0x000000000393a000 	/System/Library/Frameworks/LDAP.framework/Versions/A/LDAP
0x000000000393a000 	/usr/lib/libsasl2.2.dylib
0x000000000393a000 	/System/Library/PrivateFrameworks/CoreDaemon.framework/Versions/B/CoreDaemon
0x000000000393a000 	/usr/lib/libcrypto.0.9.8.dylib
0x000000000393a000 	/System/Library/PrivateFrameworks/AppleSRP.framework/Versions/A/AppleSRP
0x000000000393a000 	/System/Library/PrivateFrameworks/TrustEvaluationAgent.framework/Versions/A/TrustEvaluationAgent
0x0000000127273000 	cl_kernels
0x0000000127275000 	/System/Library/Frameworks/OpenCL.framework/Versions/A/Libraries/ImageFormats/unorm8_bgra.dylib
0x0000000127264000 	cl_kernels
0x000000000393a000 	/System/Library/PrivateFrameworks/FamilyControls.framework/Versions/A/FamilyControls
0x000000000393a000 	/System/Library/PrivateFrameworks/CommerceKit.framework/Versions/A/Frameworks/CommerceCore.framework/Versions/A/CommerceCore
0x000000000393a000 	/System/Library/PrivateFrameworks/SystemAdministration.framework/Versions/A/SystemAdministration
0x000000000393a000 	/System/Library/PrivateFrameworks/AppContainer.framework/Versions/A/AppContainer
0x000000000393a000 	/System/Library/PrivateFrameworks/SecCodeWrapper.framework/Versions/A/SecCodeWrapper
0x000000000393a000 	/System/Library/Frameworks/DirectoryService.framework/Versions/A/DirectoryService
0x000000000393a000 	/System/Library/PrivateFrameworks/LoginUIKit.framework/Versions/A/Frameworks/LoginUICore.framework/Versions/A/LoginUICore
0x000000000393a000 	/usr/lib/libodfde.dylib
0x0000000128470000 	/Library/Java/JavaVirtualMachines/jdk1.8.0_25.jdk/Contents/Home/jre/lib/libfontmanager.dylib
0x00000001284d7000 	/Users/student/Documents/workspace/Test/lib/lwjgl-2.9.3/native/macosx/liblwjgl.dylib
0x00000001267a3000 	/Library/Java/JavaVirtualMachines/jdk1.8.0_25.jdk/Contents/Home/jre/lib/libjawt.dylib
0x000000000393a000 	/System/Library/Frameworks/OpenGL.framework/Versions/A/Resources/GLEngine.bundle/GLEngine
0x000000000393a000 	/System/Library/Frameworks/OpenGL.framework/Versions/A/Libraries/libGLProgrammability.dylib
0x0000000000000000 	/System/Library/Extensions/AppleIntelHD4000GraphicsGLDriver.bundle/Contents/MacOS/AppleIntelHD4000GraphicsGLDriver
0x000000000393a000 	/System/Library/PrivateFrameworks/IOAccelerator.framework/Versions/A/IOAccelerator
0x000000000393a000 	/System/Library/PrivateFrameworks/GPUSupport.framework/Versions/A/Libraries/libGPUSupportMercury.dylib
0x000000000393a000 	/System/Library/Frameworks/OpenGL.framework/Versions/A/Resources/GLRendererFloat.bundle/GLRendererFloat
0x0000000128f34000 	/Users/student/Documents/workspace/Test/lib/lwjgl-2.9.3/native/macosx/libjinput-osx.dylib
0x0000000128f39000 	/System/Library/Extensions/IOHIDFamily.kext/Contents/PlugIns/IOHIDLib.plugin/Contents/MacOS/IOHIDLib
0x0000000128f61000 	/Library/Java/JavaVirtualMachines/jdk1.8.0_25.jdk/Contents/Home/jre/lib/libnio.dylib
0x0000000128f71000 	/Library/Java/JavaVirtualMachines/jdk1.8.0_25.jdk/Contents/Home/jre/lib/./libnet.dylib
0x0000000129f1f000 	/Library/Java/JavaVirtualMachines/jdk1.8.0_25.jdk/Contents/Home/jre/lib/libt2k.dylib
0x000000012a06c000 	/Library/Java/JavaVirtualMachines/jdk1.8.0_25.jdk/Contents/Home/jre/lib/libdcpr.dylib
0x000000012a2c6000 	/Users/student/Documents/workspace/Test/lib/lwjgl-2.9.3/native/macosx/openal.dylib
0x000000012a349000 	/System/Library/Components/CoreAudio.component/Contents/MacOS/CoreAudio
0x000000012a622000 	/System/Library/Extensions/AppleHDA.kext/Contents/PlugIns/AppleHDAHALPlugIn.bundle/Contents/MacOS/AppleHDAHALPlugIn

VM Arguments:
jvm_args: -Djava.library.path=/Users/student/Documents/workspace/Test/lib/lwjgl-2.9.3/native/macosx:/Users/student/Documents/workspace/Test/lib:/Users/student/Documents/workspace/Test/lib:/Users/student/Documents/workspace/Test/lib:/Users/student/Documents/workspace/Test/lib -Dfile.encoding=UTF-8 
java_command: test.Main
java_class_path (initial): /Users/student/Documents/workspace/Test/bin:/Users/student/Documents/workspace/Test/lib/slick/lib/jinput.jar:/Users/student/Documents/workspace/Test/lib/slick/lib/lwjgl_util.jar:/Users/student/Documents/workspace/Test/lib/slick/lib/lwjgl.jar:/Users/student/Documents/workspace/Test/lib/slick/lib/slick.jar:/Users/student/Documents/workspace/Test/lib/slick/lib/jogg-0.0.7.jar:/Users/student/Documents/workspace/Test/lib/slick/lib/jorbis-0.0.15.jar
Launcher Type: SUN_STANDARD

Environment Variables:
PATH=/usr/bin:/bin:/usr/sbin:/sbin
SHELL=/bin/bash
DISPLAY=/private/tmp/com.apple.launchd.QRu6wnDffI/org.macosforge.xquartz:0

Signal Handlers:
SIGSEGV: [libjvm.dylib+0x579dc7], sa_mask[0]=11111111011111110111111111111111, sa_flags=SA_ONSTACK|SA_RESTART|SA_SIGINFO
SIGBUS: [libjvm.dylib+0x579dc7], sa_mask[0]=11111111011111110111111111111111, sa_flags=SA_RESTART|SA_SIGINFO
SIGFPE: [libjvm.dylib+0x45b030], sa_mask[0]=11111111011111110111111111111111, sa_flags=SA_RESTART|SA_SIGINFO
SIGPIPE: [libjvm.dylib+0x45b030], sa_mask[0]=11111111011111110111111111111111, sa_flags=SA_RESTART|SA_SIGINFO
SIGXFSZ: [libjvm.dylib+0x45b030], sa_mask[0]=11111111011111110111111111111111, sa_flags=SA_RESTART|SA_SIGINFO
SIGILL: [libjvm.dylib+0x45b030], sa_mask[0]=11111111011111110111111111111111, sa_flags=SA_RESTART|SA_SIGINFO
SIGUSR1: SIG_DFL, sa_mask[0]=00000000000000000000000000000000, sa_flags=none
SIGUSR2: [libjvm.dylib+0x45ab4e], sa_mask[0]=00100000000000000000000000000000, sa_flags=SA_RESTART|SA_SIGINFO
SIGHUP: [libjvm.dylib+0x459121], sa_mask[0]=11111111011111110111111111111111, sa_flags=SA_RESTART|SA_SIGINFO
SIGINT: [libjvm.dylib+0x459121], sa_mask[0]=11111111011111110111111111111111, sa_flags=SA_RESTART|SA_SIGINFO
SIGTERM: [libjvm.dylib+0x459121], sa_mask[0]=11111111011111110111111111111111, sa_flags=SA_RESTART|SA_SIGINFO
SIGQUIT: [libjvm.dylib+0x459121], sa_mask[0]=11111111011111110111111111111111, sa_flags=SA_RESTART|SA_SIGINFO


---------------  S Y S T E M  ---------------

OS:Bsduname:Darwin 14.3.0 Darwin Kernel Version 14.3.0: Mon Mar 23 20:23:44 PDT 2015; root:xnu-2782.20.48~8/RELEASE_X86_64 x86_64
rlimit: STACK 8192k, CORE 0k, NPROC 709, NOFILE 10240, AS infinity
load average:1.27 1.12 1.45

CPU:total 4 (2 cores per cpu, 2 threads per core) family 6 model 58 stepping 9, cmov, cx8, fxsr, mmx, sse, sse2, sse3, ssse3, sse4.1, sse4.2, popcnt, avx, clmul, erms, ht, tsc, tscinvbit, tscinv

Memory: 4k page, physical 4194304k(116824k free)

/proc/meminfo:


vm_info: Java HotSpot(TM) 64-Bit Server VM (25.25-b02) for bsd-amd64 JRE (1.8.0_25-b17), built on Sep 17 2014 16:56:50 by "java_re" with gcc 4.2.1 (Based on Apple Inc. build 5658) (LLVM build 2336.11.00)

time: Mon Nov 28 10:35:45 2016
elapsed time: 6 seconds (0d 0h 0m 6s)

