#
# A fatal error has been detected by the Java Runtime Environment:
#
#  SIGSEGV (0xb) at pc=0x00007fff84b090dd, pid=20722, tid=1811
#
# JRE version: Java(TM) SE Runtime Environment (8.0_25-b17) (build 1.8.0_25-b17)
# Java VM: Java HotSpot(TM) 64-Bit Server VM (25.25-b02 mixed mode bsd-amd64 compressed oops)
# Problematic frame:
# C  [libobjc.A.dylib+0x10dd]  objc_msgSend+0x1d
#
# Failed to write core dump. Core dumps have been disabled. To enable core dumping, try "ulimit -c unlimited" before starting Java again
#
# If you would like to submit a bug report, please visit:
#   http://bugreport.sun.com/bugreport/crash.jsp
# The crash happened outside the Java Virtual Machine in native code.
# See problematic frame for where to report the bug.
#

---------------  T H R E A D  ---------------

Current thread (0x00007fd1fa898800):  JavaThread "AppKit Thread" daemon [_thread_in_native, id=1811, stack(0x00007fff5016a000,0x00007fff5096a000)]

siginfo: si_signo: 11 (SIGSEGV), si_code: 1 (SEGV_MAPERR), si_addr: 0x0000000000000018

Registers:
RAX=0x00007fd1f9554a80, RBX=0x00007fff50965878, RCX=0x0000000000000000, RDX=0x00007fd1f94597c0
RSP=0x00007fff50965698, RBP=0x00007fff509656a0, RSI=0x00007fff87d69423, RDI=0x00007fd1f9554a80
R8 =0x00007fff50965680, R9 =0x0000000000000062, R10=0x00007fff87d69423, R11=0x0000000000000000
R12=0x00007fd1f9415ed0, R13=0x00000000000f4305, R14=0x00007fd1fba14a80, R15=0x00007fff509657d8
RIP=0x00007fff84b090dd, EFLAGS=0x0000000000010246, ERR=0x0000000000000004
  TRAPNO=0x000000000000000e

Top of Stack: (sp=0x00007fff50965698)
0x00007fff50965698:   00007fff92df945c 00007fff50965a00
0x00007fff509656a8:   00007fff92ce9634 00007fff5096572c
0x00007fff509656b8:   00007fff50965730 00007fff50965734
0x00007fff509656c8:   00007fff75c0ce00 ffffffffffffffff
0x00007fff509656d8:   0000000000000930 00007fff75c0ce18
0x00007fff509656e8:   00007fd1fba14a80 0000000000000000
0x00007fff509656f8:   00007fff509657d0 0000000000000000
0x00007fff50965708:   00007fd1f97964d0 00007fff50965850
0x00007fff50965718:   0000000000000062 00000000000f4307
0x00007fff50965728:   00007fd1f94597c0 00007fd1f9791150
0x00007fff50965738:   00007fd1f9415ed0 0000000000000001
0x00007fff50965748:   00000000000f4305 00007fd1f9415ec0
0x00007fff50965758:   00007fff9199bc05 00000001f977aa80
0x00007fff50965768:   00007fff74b6b0d0 0000000042000000
0x00007fff50965778:   00007fff919a2e63 00007fff75bd7240
0x00007fff50965788:   00007fff50965858 00007fff509657b0
0x00007fff50965798:   00007fff509657d0 0000000000000000
0x00007fff509657a8:   0000000000000015 0007090300000001
0x00007fff509657b8:   00007fd1f9415ef4 0000000000000000
0x00007fff509657c8:   00007fd1f942be00 00007fd1f9796550
0x00007fff509657d8:   00007fd1fba14a80 0000002000000000
0x00007fff509657e8:   0000000000000000 00007fff74b6b0d0
0x00007fff509657f8:   0000000042000000 00007fff919a24f8
0x00007fff50965808:   00007fff75bd7350 00007fff50965768
0x00007fff50965818:   0000000000000000 00007fff509658e8
0x00007fff50965828:   00007fff742f4ea0 00007fff50965920
0x00007fff50965838:   00007fff882c7edc 00007fff509658d0
0x00007fff50965848:   00007fff8749d5fd 0000000000000051
0x00007fff50965858:   0000000000000000 00000000000f42e2
0x00007fff50965868:   0000000000000053 0000000000000000
0x00007fff50965878:   00000000000f4305 00007fff509658f4
0x00007fff50965888:   000000000041d401 00000000ffffffff 

Instructions: (pc=0x00007fff84b090dd)
0x00007fff84b090bd:   00 00 00 48 85 ff 2e 74 7a 40 f6 c7 01 2e 75 7e
0x00007fff84b090cd:   49 bb f8 ff ff ff ff 7f 00 00 4c 23 1f 49 89 f2
0x00007fff84b090dd:   45 23 53 18 49 c1 e2 04 4d 03 53 10 49 3b 32 75
0x00007fff84b090ed:   04 41 ff 62 08 49 83 3a 00 74 6a 4d 3b 53 10 74 

Register to memory mapping:

RAX=0x00007fd1f9554a80 is an unknown value
RBX=0x00007fff50965878 is pointing into the stack for thread: 0x00007fd1fa898800
RCX=0x0000000000000000 is an unknown value
RDX=0x00007fd1f94597c0 is an unknown value
RSP=0x00007fff50965698 is pointing into the stack for thread: 0x00007fd1fa898800
RBP=0x00007fff509656a0 is pointing into the stack for thread: 0x00007fd1fa898800
RSI=0x00007fff87d69423: -[NSTitlebarContainerView transparent]+0x5e307 in /System/Library/Frameworks/AppKit.framework/Versions/C/AppKit at 0x00007fff87368000
RDI=0x00007fd1f9554a80 is an unknown value
R8 =0x00007fff50965680 is pointing into the stack for thread: 0x00007fd1fa898800
R9 =0x0000000000000062 is an unknown value
R10=0x00007fff87d69423: -[NSTitlebarContainerView transparent]+0x5e307 in /System/Library/Frameworks/AppKit.framework/Versions/C/AppKit at 0x00007fff87368000
R11=0x0000000000000000 is an unknown value
R12=0x00007fd1f9415ed0 is an unknown value
R13=0x00000000000f4305 is an unknown value
R14=0x00007fd1fba14a80 is an unknown value
R15=0x00007fff509657d8 is pointing into the stack for thread: 0x00007fd1fa898800


Stack: [0x00007fff5016a000,0x00007fff5096a000],  sp=0x00007fff50965698,  free space=8173k
Native frames: (J=compiled Java code, j=interpreted, Vv=VM code, C=native code)
C  [libobjc.A.dylib+0x10dd]  objc_msgSend+0x1d
C  [CoreFoundation+0x10634]  _CFXNotificationPost+0xc44
C  [Foundation+0x79d1]  -[NSNotificationCenter postNotificationName:object:userInfo:]+0x42
C  [AppKit+0x43ac2]  -[NSSurface _disposeSurface]+0x98
C  [AppKit+0x43526]  -[NSSurface setWindow:]+0x42
C  [AppKit+0x33a10]  -[NSView _setWindow:]+0xa33
C  [AppKit+0x6b091]  -[NSView removeFromSuperview]+0x1c5
C  [AppKit+0x14bea9]  -[NSView removeFromSuperviewWithoutNeedingDisplay]+0x26
C  [liblwjgl.dylib+0xa205]  +[MacOSXKeyableWindow destroyWindow]+0xb5
C  [Foundation+0x92d00]  __NSThreadPerformPerform+0x125
C  [CoreFoundation+0x80a01]  __CFRUNLOOP_IS_CALLING_OUT_TO_A_SOURCE0_PERFORM_FUNCTION__+0x11
C  [CoreFoundation+0x72b8d]  __CFRunLoopDoSources0+0x10d
C  [CoreFoundation+0x721bf]  __CFRunLoopRun+0x39f
C  [CoreFoundation+0x71bd8]  CFRunLoopRunSpecific+0x128
C  [HIToolbox+0x3256f]  RunCurrentEventLoopInMode+0xeb
C  [HIToolbox+0x322ea]  ReceiveNextEventCommon+0x1af
C  [HIToolbox+0x3212b]  _BlockUntilNextEventMatchingListInModeWithFilter+0x47
C  [AppKit+0x919bb]  _DPSNextEvent+0x3d2
C  [AppKit+0x90f68]  -[NSApplication nextEventMatchingMask:untilDate:inMode:dequeue:]+0x15a
C  [libosxapp.dylib+0x242a]  -[NSApplicationAWT nextEventMatchingMask:untilDate:inMode:dequeue:]+0x7c
C  [AppKit+0x86bf3]  -[NSApplication run]+0x252
C  [libosxapp.dylib+0x223e]  +[NSApplicationAWT runAWTLoopWithApp:]+0x9c
C  [libawt_lwawt.dylib+0x4494f]  -[AWTStarter starter:]+0x389
C  [Foundation+0x92d00]  __NSThreadPerformPerform+0x125
C  [CoreFoundation+0x80a01]  __CFRUNLOOP_IS_CALLING_OUT_TO_A_SOURCE0_PERFORM_FUNCTION__+0x11
C  [CoreFoundation+0x72b8d]  __CFRunLoopDoSources0+0x10d
C  [CoreFoundation+0x721bf]  __CFRunLoopRun+0x39f
C  [CoreFoundation+0x71bd8]  CFRunLoopRunSpecific+0x128
C  [java+0x56cc]  CreateExecutionEnvironment+0x367
C  [java+0x165c]  JLI_Launch+0x7a0
C  [java+0x768a]  main+0x65
C  [java+0xeb4]  start+0x34
C  0x0000000000000006


---------------  P R O C E S S  ---------------

Java Threads: ( => current thread )
  0x00007fd1fb2cc800 JavaThread "AWT-Shutdown" [_thread_blocked, id=13867, stack(0x000000012bc5b000,0x000000012bd5b000)]
  0x00007fd1fb38c800 JavaThread "Java2D Queue Flusher" daemon [_thread_blocked, id=69639, stack(0x000000012bd5e000,0x000000012be5e000)]
  0x00007fd1fb10d000 JavaThread "Java2D Disposer" daemon [_thread_blocked, id=36151, stack(0x00000001247f8000,0x00000001248f8000)]
=>0x00007fd1fa898800 JavaThread "AppKit Thread" daemon [_thread_in_native, id=1811, stack(0x00007fff5016a000,0x00007fff5096a000)]
  0x00007fd1fa04b000 JavaThread "Service Thread" daemon [_thread_blocked, id=18179, stack(0x000000012645d000,0x000000012655d000)]
  0x00007fd1fb002800 JavaThread "C1 CompilerThread2" daemon [_thread_blocked, id=17667, stack(0x000000012635a000,0x000000012645a000)]
  0x00007fd1fa04a800 JavaThread "C2 CompilerThread1" daemon [_thread_blocked, id=17155, stack(0x0000000126257000,0x0000000126357000)]
  0x00007fd1fa81d000 JavaThread "C2 CompilerThread0" daemon [_thread_blocked, id=16643, stack(0x0000000126154000,0x0000000126254000)]
  0x00007fd1f9821000 JavaThread "Signal Dispatcher" daemon [_thread_blocked, id=13331, stack(0x0000000126051000,0x0000000126151000)]
  0x00007fd1fb000000 JavaThread "Finalizer" daemon [_thread_blocked, id=11011, stack(0x000000012462d000,0x000000012472d000)]
  0x00007fd1fa815000 JavaThread "Reference Handler" daemon [_thread_blocked, id=10499, stack(0x000000012452a000,0x000000012462a000)]
  0x00007fd1fa800800 JavaThread "main" [_thread_in_native, id=3331, stack(0x00000001102b1000,0x00000001103b1000)]

Other Threads:
  0x00007fd1fa049800 VMThread [stack: 0x0000000124427000,0x0000000124527000] [id=9987]
  0x00007fd1fa033000 WatcherThread [stack: 0x0000000126560000,0x0000000126660000] [id=18691]

VM state:not at safepoint (normal execution)

VM Mutex/Monitor currently owned by a thread: None

Heap:
 PSYoungGen      total 20480K, used 16130K [0x00000007aab00000, 0x00000007aca00000, 0x00000007c0000000)
  eden space 16384K, 98% used [0x00000007aab00000,0x00000007abac08f8,0x00000007abb00000)
  from space 4096K, 0% used [0x00000007abf00000,0x00000007abf00000,0x00000007ac300000)
  to   space 4096K, 0% used [0x00000007abb00000,0x00000007abb00000,0x00000007abf00000)
 ParOldGen       total 41472K, used 10284K [0x0000000780000000, 0x0000000782880000, 0x00000007aab00000)
  object space 41472K, 24% used [0x0000000780000000,0x0000000780a0b218,0x0000000782880000)
 Metaspace       used 11524K, capacity 11713K, committed 12032K, reserved 1060864K
  class space    used 1176K, capacity 1213K, committed 1280K, reserved 1048576K

Card table byte_map: [0x000000011ffe4000,0x00000001201e5000] byte_map_base: 0x000000011c3e4000

Marking Bits: (ParMarkBitMap*) 0x000000010fc31390
 Begin Bits: [0x0000000120747000, 0x0000000121747000)
 End Bits:   [0x0000000121747000, 0x0000000122747000)

Polling page: 0x00000001103f5000

CodeCache: size=245760Kb used=5352Kb max_used=5397Kb free=240407Kb
 bounds [0x0000000110c24000, 0x0000000111174000, 0x000000011fc24000]
 total_blobs=2066 nmethods=1517 adapters=464
 compilation: enabled

Compilation events (10 events):
Event: 58.895 Thread 0x00007fd1fa04a800 1523       4       java.nio.Bits::makeInt (29 bytes)
Event: 58.896 Thread 0x00007fd1fa04a800 nmethod 1523 0x0000000110ff80d0 code [0x0000000110ff8200, 0x0000000110ff8258]
Event: 59.263 Thread 0x00007fd1fb002800 1524       3       org.lwjgl.opengl.MacOSXNativeMouse::putMouseEventWithCoords (58 bytes)
Event: 59.264 Thread 0x00007fd1fb002800 nmethod 1524 0x00000001111672d0 code [0x00000001111674c0, 0x0000000111167d68]
Event: 59.379 Thread 0x00007fd1fb002800 1525  s    3       org.lwjgl.opengl.MacOSXNativeMouse::mouseMoved (138 bytes)
Event: 59.379 Thread 0x00007fd1fb002800 nmethod 1525 0x0000000110d3e810 code [0x0000000110d3ea20, 0x0000000110d3f2a8]
Event: 59.802 Thread 0x00007fd1fb002800 1526       3       java.security.CodeSource::hashCode (17 bytes)
Event: 59.802 Thread 0x00007fd1fb002800 nmethod 1526 0x000000011116e7d0 code [0x000000011116e960, 0x000000011116eee8]
Event: 59.802 Thread 0x00007fd1fb002800 1527  s    3       java.net.URL::hashCode (30 bytes)
Event: 59.803 Thread 0x00007fd1fb002800 nmethod 1527 0x0000000110d3e0d0 code [0x0000000110d3e240, 0x0000000110d3e668]

GC Heap History (10 events):
Event: 18.678 GC heap before
{Heap before GC invocations=16 (full 5):
 PSYoungGen      total 20992K, used 15993K [0x00000007aab00000, 0x00000007ac400000, 0x00000007c0000000)
  eden space 16384K, 94% used [0x00000007aab00000,0x00000007aba20a28,0x00000007abb00000)
  from space 4608K, 10% used [0x00000007abb00000,0x00000007abb7da20,0x00000007abf80000)
  to   space 4608K, 0% used [0x00000007abf80000,0x00000007abf80000,0x00000007ac400000)
 ParOldGen       total 325120K, used 320667K [0x0000000780000000, 0x0000000793d80000, 0x00000007aab00000)
  object space 325120K, 98% used [0x0000000780000000,0x0000000793926fd8,0x0000000793d80000)
 Metaspace       used 7252K, capacity 7367K, committed 7552K, reserved 1056768K
  class space    used 732K, capacity 790K, committed 896K, reserved 1048576K
Event: 18.701 GC heap after
Heap after GC invocations=16 (full 5):
 PSYoungGen      total 20992K, used 0K [0x00000007aab00000, 0x00000007ac400000, 0x00000007c0000000)
  eden space 16384K, 0% used [0x00000007aab00000,0x00000007aab00000,0x00000007abb00000)
  from space 4608K, 0% used [0x00000007abb00000,0x00000007abb00000,0x00000007abf80000)
  to   space 4608K, 0% used [0x00000007abf80000,0x00000007abf80000,0x00000007ac400000)
 ParOldGen       total 30720K, used 4520K [0x0000000780000000, 0x0000000781e00000, 0x00000007aab00000)
  object space 30720K, 14% used [0x0000000780000000,0x000000078046a168,0x0000000781e00000)
 Metaspace       used 7252K, capacity 7367K, committed 7552K, reserved 1056768K
  class space    used 732K, capacity 790K, committed 896K, reserved 1048576K
}
Event: 19.081 GC heap before
{Heap before GC invocations=17 (full 5):
 PSYoungGen      total 20992K, used 15390K [0x00000007aab00000, 0x00000007ac400000, 0x00000007c0000000)
  eden space 16384K, 93% used [0x00000007aab00000,0x00000007aba07b88,0x00000007abb00000)
  from space 4608K, 0% used [0x00000007abb00000,0x00000007abb00000,0x00000007abf80000)
  to   space 4608K, 0% used [0x00000007abf80000,0x00000007abf80000,0x00000007ac400000)
 ParOldGen       total 43520K, used 33364K [0x0000000780000000, 0x0000000782a80000, 0x00000007aab00000)
  object space 43520K, 76% used [0x0000000780000000,0x00000007820953d0,0x0000000782a80000)
 Metaspace       used 7252K, capacity 7367K, committed 7552K, reserved 1056768K
  class space    used 732K, capacity 790K, committed 896K, reserved 1048576K
Event: 19.082 GC heap after
Heap after GC invocations=17 (full 5):
 PSYoungGen      total 20992K, used 1541K [0x00000007aab00000, 0x00000007ac400000, 0x00000007c0000000)
  eden space 16384K, 0% used [0x00000007aab00000,0x00000007aab00000,0x00000007abb00000)
  from space 4608K, 33% used [0x00000007abf80000,0x00000007ac101640,0x00000007ac400000)
  to   space 4608K, 0% used [0x00000007abb00000,0x00000007abb00000,0x00000007abf80000)
 ParOldGen       total 43520K, used 33364K [0x0000000780000000, 0x0000000782a80000, 0x00000007aab00000)
  object space 43520K, 76% used [0x0000000780000000,0x00000007820953d0,0x0000000782a80000)
 Metaspace       used 7252K, capacity 7367K, committed 7552K, reserved 1056768K
  class space    used 732K, capacity 790K, committed 896K, reserved 1048576K
}
Event: 19.460 GC heap before
{Heap before GC invocations=18 (full 5):
 PSYoungGen      total 20992K, used 17487K [0x00000007aab00000, 0x00000007ac400000, 0x00000007c0000000)
  eden space 16384K, 97% used [0x00000007aab00000,0x00000007aba928c8,0x00000007abb00000)
  from space 4608K, 33% used [0x00000007abf80000,0x00000007ac101640,0x00000007ac400000)
  to   space 4608K, 0% used [0x00000007abb00000,0x00000007abb00000,0x00000007abf80000)
 ParOldGen       total 73216K, used 62091K [0x0000000780000000, 0x0000000784780000, 0x00000007aab00000)
  object space 73216K, 84% used [0x0000000780000000,0x0000000783ca2e58,0x0000000784780000)
 Metaspace       used 7252K, capacity 7367K, committed 7552K, reserved 1056768K
  class space    used 732K, capacity 790K, committed 896K, reserved 1048576K
Event: 19.461 GC heap after
Heap after GC invocations=18 (full 5):
 PSYoungGen      total 17408K, used 757K [0x00000007aab00000, 0x00000007ac300000, 0x00000007c0000000)
  eden space 16384K, 0% used [0x00000007aab00000,0x00000007aab00000,0x00000007abb00000)
  from space 1024K, 73% used [0x00000007abb00000,0x00000007abbbd650,0x00000007abc00000)
  to   space 4096K, 0% used [0x00000007abf00000,0x00000007abf00000,0x00000007ac300000)
 ParOldGen       total 73216K, used 62091K [0x0000000780000000, 0x0000000784780000, 0x00000007aab00000)
  object space 73216K, 84% used [0x0000000780000000,0x0000000783ca2e58,0x0000000784780000)
 Metaspace       used 7252K, capacity 7367K, committed 7552K, reserved 1056768K
  class space    used 732K, capacity 790K, committed 896K, reserved 1048576K
}
Event: 19.674 GC heap before
{Heap before GC invocations=19 (full 5):
 PSYoungGen      total 17408K, used 16957K [0x00000007aab00000, 0x00000007ac300000, 0x00000007c0000000)
  eden space 16384K, 98% used [0x00000007aab00000,0x00000007abad1f20,0x00000007abb00000)
  from space 1024K, 73% used [0x00000007abb00000,0x00000007abbbd650,0x00000007abc00000)
  to   space 4096K, 0% used [0x00000007abf00000,0x00000007abf00000,0x00000007ac300000)
 ParOldGen       total 73216K, used 62091K [0x0000000780000000, 0x0000000784780000, 0x00000007aab00000)
  object space 73216K, 84% used [0x0000000780000000,0x0000000783ca2e58,0x0000000784780000)
 Metaspace       used 7252K, capacity 7367K, committed 7552K, reserved 1056768K
  class space    used 732K, capacity 790K, committed 896K, reserved 1048576K
Event: 19.679 GC heap after
Heap after GC invocations=19 (full 5):
 PSYoungGen      total 20480K, used 160K [0x00000007aab00000, 0x00000007aca00000, 0x00000007c0000000)
  eden space 16384K, 0% used [0x00000007aab00000,0x00000007aab00000,0x00000007abb00000)
  from space 4096K, 3% used [0x00000007abf00000,0x00000007abf28000,0x00000007ac300000)
  to   space 4096K, 0% used [0x00000007abb00000,0x00000007abb00000,0x00000007abf00000)
 ParOldGen       total 73216K, used 70283K [0x0000000780000000, 0x0000000784780000, 0x00000007aab00000)
  object space 73216K, 95% used [0x0000000780000000,0x00000007844a2e68,0x0000000784780000)
 Metaspace       used 7252K, capacity 7367K, committed 7552K, reserved 1056768K
  class space    used 732K, capacity 790K, committed 896K, reserved 1048576K
}
Event: 19.679 GC heap before
{Heap before GC invocations=20 (full 6):
 PSYoungGen      total 20480K, used 160K [0x00000007aab00000, 0x00000007aca00000, 0x00000007c0000000)
  eden space 16384K, 0% used [0x00000007aab00000,0x00000007aab00000,0x00000007abb00000)
  from space 4096K, 3% used [0x00000007abf00000,0x00000007abf28000,0x00000007ac300000)
  to   space 4096K, 0% used [0x00000007abb00000,0x00000007abb00000,0x00000007abf00000)
 ParOldGen       total 73216K, used 70283K [0x0000000780000000, 0x0000000784780000, 0x00000007aab00000)
  object space 73216K, 95% used [0x0000000780000000,0x00000007844a2e68,0x0000000784780000)
 Metaspace       used 7252K, capacity 7367K, committed 7552K, reserved 1056768K
  class space    used 732K, capacity 790K, committed 896K, reserved 1048576K
Event: 19.689 GC heap after
Heap after GC invocations=20 (full 6):
 PSYoungGen      total 20480K, used 0K [0x00000007aab00000, 0x00000007aca00000, 0x00000007c0000000)
  eden space 16384K, 0% used [0x00000007aab00000,0x00000007aab00000,0x00000007abb00000)
  from space 4096K, 0% used [0x00000007abf00000,0x00000007abf00000,0x00000007ac300000)
  to   space 4096K, 0% used [0x00000007abb00000,0x00000007abb00000,0x00000007abf00000)
 ParOldGen       total 41472K, used 10284K [0x0000000780000000, 0x0000000782880000, 0x00000007aab00000)
  object space 41472K, 24% used [0x0000000780000000,0x0000000780a0b218,0x0000000782880000)
 Metaspace       used 7252K, capacity 7367K, committed 7552K, reserved 1056768K
  class space    used 732K, capacity 790K, committed 896K, reserved 1048576K
}

Deoptimization events (10 events):
Event: 19.724 Thread 0x00007fd1fa800800 Uncommon trap: reason=class_check action=maybe_recompile pc=0x0000000110e40950 method=java.util.HashMap.putVal(ILjava/lang/Object;Ljava/lang/Object;ZZ)Ljava/lang/Object; @ 253
Event: 19.724 Thread 0x00007fd1fa800800 Uncommon trap: reason=class_check action=maybe_recompile pc=0x0000000110e40950 method=java.util.HashMap.putVal(ILjava/lang/Object;Ljava/lang/Object;ZZ)Ljava/lang/Object; @ 253
Event: 19.724 Thread 0x00007fd1fa800800 Uncommon trap: reason=class_check action=maybe_recompile pc=0x0000000110e40950 method=java.util.HashMap.putVal(ILjava/lang/Object;Ljava/lang/Object;ZZ)Ljava/lang/Object; @ 253
Event: 19.909 Thread 0x00007fd1fa800800 Uncommon trap: reason=unloaded action=reinterpret pc=0x0000000110e21498 method=java.lang.CharacterData.of(I)Ljava/lang/CharacterData; @ 96
Event: 20.122 Thread 0x00007fd1fa800800 Uncommon trap: reason=class_check action=maybe_recompile pc=0x0000000110e42184 method=java.util.HashMap.putVal(ILjava/lang/Object;Ljava/lang/Object;ZZ)Ljava/lang/Object; @ 253
Event: 20.123 Thread 0x00007fd1fa800800 Uncommon trap: reason=bimorphic action=maybe_recompile pc=0x0000000110f5c890 method=java.util.HashMap.putVal(ILjava/lang/Object;Ljava/lang/Object;ZZ)Ljava/lang/Object; @ 253
Event: 20.129 Thread 0x00007fd1fa800800 Uncommon trap: reason=bimorphic action=maybe_recompile pc=0x0000000110f5c890 method=java.util.HashMap.putVal(ILjava/lang/Object;Ljava/lang/Object;ZZ)Ljava/lang/Object; @ 253
Event: 20.130 Thread 0x00007fd1fa800800 Uncommon trap: reason=bimorphic action=maybe_recompile pc=0x0000000110f5c890 method=java.util.HashMap.putVal(ILjava/lang/Object;Ljava/lang/Object;ZZ)Ljava/lang/Object; @ 253
Event: 21.646 Thread 0x00007fd1fa800800 Uncommon trap: reason=bimorphic action=maybe_recompile pc=0x0000000110f5c890 method=java.util.HashMap.putVal(ILjava/lang/Object;Ljava/lang/Object;ZZ)Ljava/lang/Object; @ 253
Event: 46.138 Thread 0x00007fd1fb3d3800 Uncommon trap: reason=unreached action=reinterpret pc=0x0000000111155b44 method=java.util.HashMap$HashIterator.<init>(Ljava/util/HashMap;)V @ 38

Internal exceptions (10 events):
Event: 19.976 Thread 0x00007fd1fa800800 Exception <a 'java/security/PrivilegedActionException'> (0x00000007ab47e3d0) thrown at [/HUDSON3/workspace/8-2-build-macosx-x86_64/jdk8u25/1514/hotspot/src/share/vm/prims/jvm.cpp, line 1312]
Event: 19.987 Thread 0x00007fd1fa800800 Exception <a 'java/security/PrivilegedActionException'> (0x00000007ab4a7ba0) thrown at [/HUDSON3/workspace/8-2-build-macosx-x86_64/jdk8u25/1514/hotspot/src/share/vm/prims/jvm.cpp, line 1312]
Event: 20.013 Thread 0x00007fd1fa800800 Exception <a 'java/security/PrivilegedActionException'> (0x00000007ab4e5bb8) thrown at [/HUDSON3/workspace/8-2-build-macosx-x86_64/jdk8u25/1514/hotspot/src/share/vm/prims/jvm.cpp, line 1312]
Event: 20.020 Thread 0x00007fd1fa800800 Exception <a 'java/security/PrivilegedActionException'> (0x00000007ab516f50) thrown at [/HUDSON3/workspace/8-2-build-macosx-x86_64/jdk8u25/1514/hotspot/src/share/vm/prims/jvm.cpp, line 1312]
Event: 20.060 Thread 0x00007fd1fa800800 Exception <a 'java/security/PrivilegedActionException'> (0x00000007ab5b6d40) thrown at [/HUDSON3/workspace/8-2-build-macosx-x86_64/jdk8u25/1514/hotspot/src/share/vm/prims/jvm.cpp, line 1312]
Event: 20.123 Thread 0x00007fd1fa800800 Exception <a 'java/security/PrivilegedActionException'> (0x00000007ab73c4d0) thrown at [/HUDSON3/workspace/8-2-build-macosx-x86_64/jdk8u25/1514/hotspot/src/share/vm/prims/jvm.cpp, line 1312]
Event: 20.123 Thread 0x00007fd1fa800800 Exception <a 'java/security/PrivilegedActionException'> (0x00000007ab7409a8) thrown at [/HUDSON3/workspace/8-2-build-macosx-x86_64/jdk8u25/1514/hotspot/src/share/vm/prims/jvm.cpp, line 1312]
Event: 20.124 Thread 0x00007fd1fa800800 Exception <a 'java/security/PrivilegedActionException'> (0x00000007ab7454a0) thrown at [/HUDSON3/workspace/8-2-build-macosx-x86_64/jdk8u25/1514/hotspot/src/share/vm/prims/jvm.cpp, line 1312]
Event: 46.138 Thread 0x00007fd1fb3d3800 Implicit null exception at 0x0000000111155943 to 0x0000000111155b31
Event: 59.802 Thread 0x00007fd1fa800800 Exception <a 'java/security/PrivilegedActionException'> (0x00000007abab06c8) thrown at [/HUDSON3/workspace/8-2-build-macosx-x86_64/jdk8u25/1514/hotspot/src/share/vm/prims/jvm.cpp, line 1312]

Events (10 events):
Event: 50.212 Executing VM operation: RevokeBias done
Event: 50.212 Thread 0x00007fd1fb100800 Thread exited: 0x00007fd1fb100800
Event: 50.393 Thread 0x00007fd1fa834000 Thread added: 0x00007fd1fa834000
Event: 52.115 Executing VM operation: RevokeBias
Event: 52.115 Executing VM operation: RevokeBias done
Event: 52.115 Thread 0x00007fd1fa834000 Thread exited: 0x00007fd1fa834000
Event: 57.401 Thread 0x00007fd1fb2cc800 Thread added: 0x00007fd1fb2cc800
Event: 57.664 Thread 0x00007fd1fa81d000 flushing nmethod 0x0000000110e0a390
Event: 59.802 loading class org/lwjgl/opengl/CallbackUtil
Event: 59.802 loading class org/lwjgl/opengl/CallbackUtil done


Dynamic libraries:
0x000000000393a000 	/System/Library/Frameworks/Cocoa.framework/Versions/A/Cocoa
0x000000000393a000 	/System/Library/Frameworks/Security.framework/Versions/A/Security
0x000000000393a000 	/System/Library/Frameworks/ApplicationServices.framework/Versions/A/ApplicationServices
0x000000000393a000 	/usr/lib/libz.1.dylib
0x000000000393a000 	/usr/lib/libSystem.B.dylib
0x000000000393a000 	/usr/lib/libobjc.A.dylib
0x000000000393a000 	/System/Library/Frameworks/CoreFoundation.framework/Versions/A/CoreFoundation
0x000000000393a000 	/System/Library/Frameworks/Foundation.framework/Versions/C/Foundation
0x000000000393a000 	/System/Library/Frameworks/AppKit.framework/Versions/C/AppKit
0x000000000393a000 	/System/Library/Frameworks/CoreData.framework/Versions/A/CoreData
0x000000000393a000 	/System/Library/PrivateFrameworks/RemoteViewServices.framework/Versions/A/RemoteViewServices
0x000000000393a000 	/System/Library/PrivateFrameworks/UIFoundation.framework/Versions/A/UIFoundation
0x000000000393a000 	/System/Library/Frameworks/IOSurface.framework/Versions/A/IOSurface
0x000000000393a000 	/System/Library/Frameworks/AudioToolbox.framework/Versions/A/AudioToolbox
0x000000000393a000 	/System/Library/Frameworks/AudioUnit.framework/Versions/A/AudioUnit
0x000000000393a000 	/System/Library/PrivateFrameworks/DataDetectorsCore.framework/Versions/A/DataDetectorsCore
0x000000000393a000 	/System/Library/PrivateFrameworks/DesktopServicesPriv.framework/Versions/A/DesktopServicesPriv
0x000000000393a000 	/System/Library/Frameworks/Carbon.framework/Versions/A/Frameworks/HIToolbox.framework/Versions/A/HIToolbox
0x000000000393a000 	/System/Library/Frameworks/QuartzCore.framework/Versions/A/QuartzCore
0x000000000393a000 	/System/Library/Frameworks/Carbon.framework/Versions/A/Frameworks/SpeechRecognition.framework/Versions/A/SpeechRecognition
0x000000000393a000 	/usr/lib/libauto.dylib
0x000000000393a000 	/usr/lib/libicucore.A.dylib
0x000000000393a000 	/usr/lib/libxml2.2.dylib
0x000000000393a000 	/System/Library/PrivateFrameworks/CoreUI.framework/Versions/A/CoreUI
0x000000000393a000 	/System/Library/Frameworks/CoreAudio.framework/Versions/A/CoreAudio
0x000000000393a000 	/System/Library/Frameworks/DiskArbitration.framework/Versions/A/DiskArbitration
0x000000000393a000 	/usr/lib/liblangid.dylib
0x000000000393a000 	/System/Library/PrivateFrameworks/MultitouchSupport.framework/Versions/A/MultitouchSupport
0x000000000393a000 	/System/Library/Frameworks/IOKit.framework/Versions/A/IOKit
0x000000000393a000 	/usr/lib/libDiagnosticMessagesClient.dylib
0x000000000393a000 	/System/Library/Frameworks/CoreServices.framework/Versions/A/CoreServices
0x000000000393a000 	/System/Library/PrivateFrameworks/PerformanceAnalysis.framework/Versions/A/PerformanceAnalysis
0x000000000393a000 	/System/Library/PrivateFrameworks/GenerationalStorage.framework/Versions/A/GenerationalStorage
0x000000000393a000 	/System/Library/Frameworks/OpenGL.framework/Versions/A/OpenGL
0x000000000393a000 	/System/Library/PrivateFrameworks/Sharing.framework/Versions/A/Sharing
0x000000000393a000 	/System/Library/Frameworks/CoreGraphics.framework/Versions/A/CoreGraphics
0x000000000393a000 	/System/Library/Frameworks/CoreText.framework/Versions/A/CoreText
0x000000000393a000 	/System/Library/Frameworks/ImageIO.framework/Versions/A/ImageIO
0x000000000393a000 	/usr/lib/libextension.dylib
0x000000000393a000 	/System/Library/PrivateFrameworks/Backup.framework/Versions/A/Backup
0x000000000393a000 	/usr/lib/libarchive.2.dylib
0x000000000393a000 	/System/Library/Frameworks/CFNetwork.framework/Versions/A/CFNetwork
0x000000000393a000 	/System/Library/Frameworks/SystemConfiguration.framework/Versions/A/SystemConfiguration
0x000000000393a000 	/usr/lib/libCRFSuite.dylib
0x000000000393a000 	/usr/lib/libc++.1.dylib
0x000000000393a000 	/usr/lib/libc++abi.dylib
0x000000000393a000 	/usr/lib/system/libcache.dylib
0x000000000393a000 	/usr/lib/system/libcommonCrypto.dylib
0x000000000393a000 	/usr/lib/system/libcompiler_rt.dylib
0x000000000393a000 	/usr/lib/system/libcopyfile.dylib
0x000000000393a000 	/usr/lib/system/libcorecrypto.dylib
0x000000000393a000 	/usr/lib/system/libdispatch.dylib
0x000000000393a000 	/usr/lib/system/libdyld.dylib
0x000000000393a000 	/usr/lib/system/libkeymgr.dylib
0x000000000393a000 	/usr/lib/system/liblaunch.dylib
0x000000000393a000 	/usr/lib/system/libmacho.dylib
0x000000000393a000 	/usr/lib/system/libquarantine.dylib
0x000000000393a000 	/usr/lib/system/libremovefile.dylib
0x000000000393a000 	/usr/lib/system/libsystem_asl.dylib
0x000000000393a000 	/usr/lib/system/libsystem_blocks.dylib
0x000000000393a000 	/usr/lib/system/libsystem_c.dylib
0x000000000393a000 	/usr/lib/system/libsystem_configuration.dylib
0x000000000393a000 	/usr/lib/system/libsystem_coreservices.dylib
0x000000000393a000 	/usr/lib/system/libsystem_coretls.dylib
0x000000000393a000 	/usr/lib/system/libsystem_dnssd.dylib
0x000000000393a000 	/usr/lib/system/libsystem_info.dylib
0x000000000393a000 	/usr/lib/system/libsystem_kernel.dylib
0x000000000393a000 	/usr/lib/system/libsystem_m.dylib
0x000000000393a000 	/usr/lib/system/libsystem_malloc.dylib
0x000000000393a000 	/usr/lib/system/libsystem_network.dylib
0x000000000393a000 	/usr/lib/system/libsystem_networkextension.dylib
0x000000000393a000 	/usr/lib/system/libsystem_notify.dylib
0x000000000393a000 	/usr/lib/system/libsystem_platform.dylib
0x000000000393a000 	/usr/lib/system/libsystem_pthread.dylib
0x000000000393a000 	/usr/lib/system/libsystem_sandbox.dylib
0x000000000393a000 	/usr/lib/system/libsystem_secinit.dylib
0x000000000393a000 	/usr/lib/system/libsystem_stats.dylib
0x000000000393a000 	/usr/lib/system/libsystem_trace.dylib
0x000000000393a000 	/usr/lib/system/libunc.dylib
0x000000000393a000 	/usr/lib/system/libunwind.dylib
0x000000000393a000 	/usr/lib/system/libxpc.dylib
0x000000000393a000 	/usr/lib/libbz2.1.0.dylib
0x000000000393a000 	/usr/lib/liblzma.5.dylib
0x000000000393a000 	/usr/lib/libbsm.0.dylib
0x000000000393a000 	/usr/lib/libsqlite3.dylib
0x000000000393a000 	/usr/lib/system/libkxld.dylib
0x000000000393a000 	/usr/lib/libxar.1.dylib
0x000000000393a000 	/usr/lib/libpam.2.dylib
0x000000000393a000 	/usr/lib/libOpenScriptingUtil.dylib
0x000000000393a000 	/System/Library/Frameworks/CoreServices.framework/Versions/A/Frameworks/FSEvents.framework/Versions/A/FSEvents
0x000000000393a000 	/System/Library/Frameworks/CoreServices.framework/Versions/A/Frameworks/CarbonCore.framework/Versions/A/CarbonCore
0x000000000393a000 	/System/Library/Frameworks/CoreServices.framework/Versions/A/Frameworks/Metadata.framework/Versions/A/Metadata
0x000000000393a000 	/System/Library/Frameworks/CoreServices.framework/Versions/A/Frameworks/OSServices.framework/Versions/A/OSServices
0x000000000393a000 	/System/Library/Frameworks/CoreServices.framework/Versions/A/Frameworks/SearchKit.framework/Versions/A/SearchKit
0x000000000393a000 	/System/Library/Frameworks/CoreServices.framework/Versions/A/Frameworks/AE.framework/Versions/A/AE
0x000000000393a000 	/System/Library/Frameworks/CoreServices.framework/Versions/A/Frameworks/LaunchServices.framework/Versions/A/LaunchServices
0x000000000393a000 	/System/Library/Frameworks/CoreServices.framework/Versions/A/Frameworks/DictionaryServices.framework/Versions/A/DictionaryServices
0x000000000393a000 	/System/Library/Frameworks/NetFS.framework/Versions/A/NetFS
0x000000000393a000 	/System/Library/PrivateFrameworks/NetAuth.framework/Versions/A/NetAuth
0x000000000393a000 	/System/Library/PrivateFrameworks/login.framework/Versions/A/Frameworks/loginsupport.framework/Versions/A/loginsupport
0x000000000393a000 	/System/Library/PrivateFrameworks/TCC.framework/Versions/A/TCC
0x000000000393a000 	/usr/lib/libmecabra.dylib
0x000000000393a000 	/System/Library/Frameworks/ApplicationServices.framework/Versions/A/Frameworks/ATS.framework/Versions/A/ATS
0x000000000393a000 	/System/Library/Frameworks/ApplicationServices.framework/Versions/A/Frameworks/ColorSync.framework/Versions/A/ColorSync
0x000000000393a000 	/System/Library/Frameworks/ApplicationServices.framework/Versions/A/Frameworks/HIServices.framework/Versions/A/HIServices
0x000000000393a000 	/System/Library/Frameworks/ApplicationServices.framework/Versions/A/Frameworks/LangAnalysis.framework/Versions/A/LangAnalysis
0x000000000393a000 	/System/Library/Frameworks/ApplicationServices.framework/Versions/A/Frameworks/PrintCore.framework/Versions/A/PrintCore
0x000000000393a000 	/System/Library/Frameworks/ApplicationServices.framework/Versions/A/Frameworks/QD.framework/Versions/A/QD
0x000000000393a000 	/System/Library/Frameworks/ApplicationServices.framework/Versions/A/Frameworks/SpeechSynthesis.framework/Versions/A/SpeechSynthesis
0x000000000393a000 	/System/Library/Frameworks/Accelerate.framework/Versions/A/Accelerate
0x000000000393a000 	/System/Library/Frameworks/Accelerate.framework/Versions/A/Frameworks/vImage.framework/Versions/A/vImage
0x000000000393a000 	/System/Library/Frameworks/Accelerate.framework/Versions/A/Frameworks/vecLib.framework/Versions/A/vecLib
0x000000000393a000 	/System/Library/Frameworks/Accelerate.framework/Versions/A/Frameworks/vecLib.framework/Versions/A/libvDSP.dylib
0x000000000393a000 	/System/Library/Frameworks/Accelerate.framework/Versions/A/Frameworks/vecLib.framework/Versions/A/libvMisc.dylib
0x000000000393a000 	/System/Library/Frameworks/Accelerate.framework/Versions/A/Frameworks/vecLib.framework/Versions/A/libLAPACK.dylib
0x000000000393a000 	/System/Library/Frameworks/Accelerate.framework/Versions/A/Frameworks/vecLib.framework/Versions/A/libBLAS.dylib
0x000000000393a000 	/System/Library/Frameworks/Accelerate.framework/Versions/A/Frameworks/vecLib.framework/Versions/A/libLinearAlgebra.dylib
0x000000000393a000 	/System/Library/Frameworks/ApplicationServices.framework/Versions/A/Frameworks/ATS.framework/Versions/A/Resources/libFontParser.dylib
0x000000000393a000 	/System/Library/Frameworks/ApplicationServices.framework/Versions/A/Frameworks/ATS.framework/Versions/A/Resources/libFontRegistry.dylib
0x000000000393a000 	/System/Library/PrivateFrameworks/AppleVPA.framework/Versions/A/AppleVPA
0x000000000393a000 	/System/Library/PrivateFrameworks/AppleJPEG.framework/Versions/A/AppleJPEG
0x000000000393a000 	/System/Library/Frameworks/ImageIO.framework/Versions/A/Resources/libJPEG.dylib
0x000000000393a000 	/System/Library/Frameworks/ImageIO.framework/Versions/A/Resources/libTIFF.dylib
0x000000000393a000 	/System/Library/Frameworks/ImageIO.framework/Versions/A/Resources/libPng.dylib
0x000000000393a000 	/System/Library/Frameworks/ImageIO.framework/Versions/A/Resources/libGIF.dylib
0x000000000393a000 	/System/Library/Frameworks/ImageIO.framework/Versions/A/Resources/libJP2.dylib
0x000000000393a000 	/System/Library/Frameworks/ImageIO.framework/Versions/A/Resources/libRadiance.dylib
0x000000000393a000 	/System/Library/Frameworks/CoreVideo.framework/Versions/A/CoreVideo
0x000000000393a000 	/System/Library/Frameworks/OpenGL.framework/Versions/A/Libraries/libGLU.dylib
0x000000000393a000 	/System/Library/Frameworks/OpenGL.framework/Versions/A/Libraries/libGFXShared.dylib
0x000000000393a000 	/System/Library/Frameworks/OpenGL.framework/Versions/A/Libraries/libGL.dylib
0x000000000393a000 	/System/Library/Frameworks/OpenGL.framework/Versions/A/Libraries/libGLImage.dylib
0x000000000393a000 	/System/Library/Frameworks/OpenGL.framework/Versions/A/Libraries/libCVMSPluginSupport.dylib
0x000000000393a000 	/System/Library/Frameworks/OpenGL.framework/Versions/A/Libraries/libCoreVMClient.dylib
0x000000000393a000 	/usr/lib/libcups.2.dylib
0x000000000393a000 	/System/Library/Frameworks/Kerberos.framework/Versions/A/Kerberos
0x000000000393a000 	/System/Library/Frameworks/GSS.framework/Versions/A/GSS
0x000000000393a000 	/usr/lib/libresolv.9.dylib
0x000000000393a000 	/usr/lib/libiconv.2.dylib
0x000000000393a000 	/System/Library/PrivateFrameworks/Heimdal.framework/Versions/A/Heimdal
0x000000000393a000 	/usr/lib/libheimdal-asn1.dylib
0x000000000393a000 	/System/Library/Frameworks/OpenDirectory.framework/Versions/A/OpenDirectory
0x000000000393a000 	/System/Library/PrivateFrameworks/CommonAuth.framework/Versions/A/CommonAuth
0x000000000393a000 	/System/Library/Frameworks/OpenDirectory.framework/Versions/A/Frameworks/CFOpenDirectory.framework/Versions/A/CFOpenDirectory
0x000000000393a000 	/System/Library/Frameworks/SecurityFoundation.framework/Versions/A/SecurityFoundation
0x000000000393a000 	/System/Library/PrivateFrameworks/LanguageModeling.framework/Versions/A/LanguageModeling
0x000000000393a000 	/usr/lib/libcmph.dylib
0x000000000393a000 	/System/Library/Frameworks/ServiceManagement.framework/Versions/A/ServiceManagement
0x000000000393a000 	/usr/lib/libxslt.1.dylib
0x000000000393a000 	/System/Library/Frameworks/Carbon.framework/Versions/A/Frameworks/Ink.framework/Versions/A/Ink
0x000000000393a000 	/System/Library/Frameworks/QuartzCore.framework/Versions/A/Frameworks/CoreImage.framework/Versions/A/CoreImage
0x000000000393a000 	/System/Library/PrivateFrameworks/CrashReporterSupport.framework/Versions/A/CrashReporterSupport
0x000000000393a000 	/System/Library/Frameworks/OpenCL.framework/Versions/A/OpenCL
0x000000000393a000 	/System/Library/PrivateFrameworks/FaceCore.framework/Versions/A/FaceCore
0x000000000393a000 	/System/Library/PrivateFrameworks/Ubiquity.framework/Versions/A/Ubiquity
0x000000000393a000 	/System/Library/PrivateFrameworks/IconServices.framework/Versions/A/IconServices
0x000000000393a000 	/System/Library/PrivateFrameworks/ChunkingLibrary.framework/Versions/A/ChunkingLibrary
0x000000000393a000 	/System/Library/PrivateFrameworks/Apple80211.framework/Versions/A/Apple80211
0x000000000393a000 	/System/Library/Frameworks/CoreWLAN.framework/Versions/A/CoreWLAN
0x000000000393a000 	/System/Library/Frameworks/IOBluetooth.framework/Versions/A/IOBluetooth
0x000000000393a000 	/System/Library/PrivateFrameworks/CoreWiFi.framework/Versions/A/CoreWiFi
0x000000000393a000 	/System/Library/Frameworks/CoreBluetooth.framework/Versions/A/CoreBluetooth
0x000000000393a000 	/System/Library/PrivateFrameworks/DebugSymbols.framework/Versions/A/DebugSymbols
0x000000000393a000 	/System/Library/PrivateFrameworks/CoreSymbolication.framework/Versions/A/CoreSymbolication
0x000000000393a000 	/System/Library/PrivateFrameworks/Symbolication.framework/Versions/A/Symbolication
0x000000000393a000 	/System/Library/PrivateFrameworks/SpeechRecognitionCore.framework/Versions/A/SpeechRecognitionCore
0x000000010f394000 	/Library/Java/JavaVirtualMachines/jdk1.8.0_25.jdk/Contents/Home/jre/lib/server/libjvm.dylib
0x000000000393a000 	/usr/lib/libstdc++.6.dylib
0x00000001103b3000 	/Library/Java/JavaVirtualMachines/jdk1.8.0_25.jdk/Contents/Home/jre/lib/libverify.dylib
0x00000001103c1000 	/Library/Java/JavaVirtualMachines/jdk1.8.0_25.jdk/Contents/Home/jre/lib/libjava.dylib
0x0000000110c1b000 	/Library/Java/JavaVirtualMachines/jdk1.8.0_25.jdk/Contents/Home/jre/lib/libzip.dylib
0x000000012472f000 	/System/Library/Frameworks/JavaVM.framework/Frameworks/JavaRuntimeSupport.framework/JavaRuntimeSupport
0x000000012474a000 	/System/Library/Frameworks/JavaVM.framework/Versions/A/Frameworks/JavaNativeFoundation.framework/Versions/A/JavaNativeFoundation
0x000000012475f000 	/System/Library/Frameworks/JavaVM.framework/Versions/A/JavaVM
0x000000000393a000 	/System/Library/Frameworks/Carbon.framework/Versions/A/Carbon
0x000000012476c000 	/System/Library/PrivateFrameworks/JavaLaunching.framework/Versions/A/JavaLaunching
0x000000000393a000 	/System/Library/Frameworks/Carbon.framework/Versions/A/Frameworks/CommonPanels.framework/Versions/A/CommonPanels
0x000000000393a000 	/System/Library/Frameworks/Carbon.framework/Versions/A/Frameworks/Help.framework/Versions/A/Help
0x000000000393a000 	/System/Library/Frameworks/Carbon.framework/Versions/A/Frameworks/ImageCapture.framework/Versions/A/ImageCapture
0x000000000393a000 	/System/Library/Frameworks/Carbon.framework/Versions/A/Frameworks/OpenScripting.framework/Versions/A/OpenScripting
0x000000000393a000 	/System/Library/Frameworks/Carbon.framework/Versions/A/Frameworks/Print.framework/Versions/A/Print
0x000000000393a000 	/System/Library/Frameworks/Carbon.framework/Versions/A/Frameworks/SecurityHI.framework/Versions/A/SecurityHI
0x00000001266c0000 	/Library/Java/JavaVirtualMachines/jdk1.8.0_25.jdk/Contents/Home/jre/lib/libawt.dylib
0x000000012676f000 	/Library/Java/JavaVirtualMachines/jdk1.8.0_25.jdk/Contents/Home/jre/lib/./libmlib_image.dylib
0x000000012683b000 	/Library/Java/JavaVirtualMachines/jdk1.8.0_25.jdk/Contents/Home/jre/lib/libawt_lwawt.dylib
0x00000001268ee000 	/Library/Java/JavaVirtualMachines/jdk1.8.0_25.jdk/Contents/Home/jre/lib/./libosxapp.dylib
0x000000000393a000 	/System/Library/Frameworks/ExceptionHandling.framework/Versions/A/ExceptionHandling
0x000000000393a000 	/System/Library/PrivateFrameworks/CoreServicesInternal.framework/Versions/A/CoreServicesInternal
0x000000000393a000 	/System/Library/PrivateFrameworks/CloudDocs.framework/Versions/A/CloudDocs
0x000000000393a000 	/System/Library/PrivateFrameworks/CoreDuet.framework/Versions/A/CoreDuet
0x000000000393a000 	/System/Library/Frameworks/CloudKit.framework/Versions/A/CloudKit
0x000000000393a000 	/System/Library/PrivateFrameworks/ProtocolBuffer.framework/Versions/A/ProtocolBuffer
0x000000000393a000 	/System/Library/PrivateFrameworks/CoreDuetDaemonProtocol.framework/Versions/A/CoreDuetDaemonProtocol
0x000000000393a000 	/System/Library/PrivateFrameworks/CoreDuetDebugLogging.framework/Versions/A/CoreDuetDebugLogging
0x000000000393a000 	/System/Library/PrivateFrameworks/MMCS.framework/Versions/A/MMCS
0x000000000393a000 	/System/Library/Frameworks/CoreLocation.framework/Versions/A/CoreLocation
0x000000000393a000 	/System/Library/PrivateFrameworks/ProtectedCloudStorage.framework/Versions/A/ProtectedCloudStorage
0x000000000393a000 	/System/Library/PrivateFrameworks/GeoServices.framework/Versions/A/GeoServices
0x000000000393a000 	/System/Library/Frameworks/CoreGraphics.framework/Versions/A/Resources/libCGCMS.A.dylib
0x000000000393a000 	/System/Library/Frameworks/CoreGraphics.framework/Versions/A/Resources/libRIP.A.dylib
0x000000000393a000 	/System/Library/Frameworks/CoreGraphics.framework/Versions/A/Resources/libCGXType.A.dylib
0x000000000393a000 	/System/Library/Frameworks/OpenCL.framework/Versions/A/Libraries/libcldcpuengine.dylib
0x000000000393a000 	/System/Library/PrivateFrameworks/DiskImages.framework/Versions/A/DiskImages
0x000000000393a000 	/System/Library/Frameworks/DiscRecording.framework/Versions/A/DiscRecording
0x000000000393a000 	/usr/lib/libcsfde.dylib
0x000000000393a000 	/usr/lib/libcurl.4.dylib
0x000000000393a000 	/System/Library/PrivateFrameworks/MediaKit.framework/Versions/A/MediaKit
0x000000000393a000 	/usr/lib/libCoreStorage.dylib
0x000000000393a000 	/System/Library/PrivateFrameworks/EFILogin.framework/Versions/A/EFILogin
0x000000000393a000 	/usr/lib/libutil.dylib
0x000000000393a000 	/System/Library/PrivateFrameworks/FindMyDevice.framework/Versions/A/FindMyDevice
0x000000000393a000 	/System/Library/Frameworks/LDAP.framework/Versions/A/LDAP
0x000000000393a000 	/usr/lib/libsasl2.2.dylib
0x000000000393a000 	/System/Library/PrivateFrameworks/CoreDaemon.framework/Versions/B/CoreDaemon
0x000000000393a000 	/usr/lib/libcrypto.0.9.8.dylib
0x000000000393a000 	/System/Library/PrivateFrameworks/AppleSRP.framework/Versions/A/AppleSRP
0x000000000393a000 	/System/Library/PrivateFrameworks/TrustEvaluationAgent.framework/Versions/A/TrustEvaluationAgent
0x0000000129656000 	cl_kernels
0x0000000129658000 	/System/Library/Frameworks/OpenCL.framework/Versions/A/Libraries/ImageFormats/unorm8_bgra.dylib
0x0000000129647000 	cl_kernels
0x000000000393a000 	/System/Library/PrivateFrameworks/FamilyControls.framework/Versions/A/FamilyControls
0x000000000393a000 	/System/Library/PrivateFrameworks/CommerceKit.framework/Versions/A/Frameworks/CommerceCore.framework/Versions/A/CommerceCore
0x000000000393a000 	/System/Library/PrivateFrameworks/SystemAdministration.framework/Versions/A/SystemAdministration
0x000000000393a000 	/System/Library/PrivateFrameworks/AppContainer.framework/Versions/A/AppContainer
0x000000000393a000 	/System/Library/PrivateFrameworks/SecCodeWrapper.framework/Versions/A/SecCodeWrapper
0x000000000393a000 	/System/Library/Frameworks/DirectoryService.framework/Versions/A/DirectoryService
0x000000000393a000 	/System/Library/PrivateFrameworks/LoginUIKit.framework/Versions/A/Frameworks/LoginUICore.framework/Versions/A/LoginUICore
0x000000000393a000 	/usr/lib/libodfde.dylib
0x000000012a853000 	/Library/Java/JavaVirtualMachines/jdk1.8.0_25.jdk/Contents/Home/jre/lib/libfontmanager.dylib
0x000000012a8ba000 	/Users/student/Documents/workspace/Test/lib/lwjgl-2.9.3/native/macosx/liblwjgl.dylib
0x0000000128b7c000 	/Library/Java/JavaVirtualMachines/jdk1.8.0_25.jdk/Contents/Home/jre/lib/libjawt.dylib
0x000000000393a000 	/System/Library/Frameworks/OpenGL.framework/Versions/A/Resources/GLEngine.bundle/GLEngine
0x000000000393a000 	/System/Library/Frameworks/OpenGL.framework/Versions/A/Libraries/libGLProgrammability.dylib
0x0000000000000000 	/System/Library/Extensions/AppleIntelHD4000GraphicsGLDriver.bundle/Contents/MacOS/AppleIntelHD4000GraphicsGLDriver
0x000000000393a000 	/System/Library/PrivateFrameworks/IOAccelerator.framework/Versions/A/IOAccelerator
0x000000000393a000 	/System/Library/PrivateFrameworks/GPUSupport.framework/Versions/A/Libraries/libGPUSupportMercury.dylib
0x000000000393a000 	/System/Library/Frameworks/OpenGL.framework/Versions/A/Resources/GLRendererFloat.bundle/GLRendererFloat
0x000000012b316000 	/Users/student/Documents/workspace/Test/lib/lwjgl-2.9.3/native/macosx/libjinput-osx.dylib
0x000000012b31b000 	/System/Library/Extensions/IOHIDFamily.kext/Contents/PlugIns/IOHIDLib.plugin/Contents/MacOS/IOHIDLib
0x000000012b343000 	/Users/student/Documents/workspace/Test/lib/lwjgl-2.9.3/native/macosx/openal.dylib
0x000000012b3c7000 	/System/Library/Components/CoreAudio.component/Contents/MacOS/CoreAudio
0x000000012b6a0000 	/System/Library/Extensions/AppleHDA.kext/Contents/PlugIns/AppleHDAHALPlugIn.bundle/Contents/MacOS/AppleHDAHALPlugIn
0x000000012477a000 	/Library/Java/JavaVirtualMachines/jdk1.8.0_25.jdk/Contents/Home/jre/lib/libnio.dylib
0x00000001247e0000 	/Library/Java/JavaVirtualMachines/jdk1.8.0_25.jdk/Contents/Home/jre/lib/./libnet.dylib
0x000000013ff32000 	/Library/Java/JavaVirtualMachines/jdk1.8.0_25.jdk/Contents/Home/jre/lib/libt2k.dylib
0x000000012baac000 	/Library/Java/JavaVirtualMachines/jdk1.8.0_25.jdk/Contents/Home/jre/lib/libdcpr.dylib

VM Arguments:
jvm_args: -Djava.library.path=/Users/student/Documents/workspace/Test/lib/lwjgl-2.9.3/native/macosx:/Users/student/Documents/workspace/Test/lib:/Users/student/Documents/workspace/Test/lib:/Users/student/Documents/workspace/Test/lib:/Users/student/Documents/workspace/Test/lib -Dfile.encoding=UTF-8 
java_command: test.Main
java_class_path (initial): /Users/student/Documents/workspace/Test/bin:/Users/student/Documents/workspace/Test/lib/slick/lib/jinput.jar:/Users/student/Documents/workspace/Test/lib/slick/lib/lwjgl_util.jar:/Users/student/Documents/workspace/Test/lib/slick/lib/lwjgl.jar:/Users/student/Documents/workspace/Test/lib/slick/lib/slick.jar:/Users/student/Documents/workspace/Test/lib/slick/lib/jogg-0.0.7.jar:/Users/student/Documents/workspace/Test/lib/slick/lib/jorbis-0.0.15.jar
Launcher Type: SUN_STANDARD

Environment Variables:
PATH=/usr/bin:/bin:/usr/sbin:/sbin
SHELL=/bin/bash
DISPLAY=/private/tmp/com.apple.launchd.QRu6wnDffI/org.macosforge.xquartz:0

Signal Handlers:
SIGSEGV: [libjvm.dylib+0x579dc7], sa_mask[0]=11111111011111110111111111111111, sa_flags=SA_ONSTACK|SA_RESTART|SA_SIGINFO
SIGBUS: [libjvm.dylib+0x579dc7], sa_mask[0]=11111111011111110111111111111111, sa_flags=SA_RESTART|SA_SIGINFO
SIGFPE: [libjvm.dylib+0x45b030], sa_mask[0]=11111111011111110111111111111111, sa_flags=SA_RESTART|SA_SIGINFO
SIGPIPE: [libjvm.dylib+0x45b030], sa_mask[0]=11111111011111110111111111111111, sa_flags=SA_RESTART|SA_SIGINFO
SIGXFSZ: [libjvm.dylib+0x45b030], sa_mask[0]=11111111011111110111111111111111, sa_flags=SA_RESTART|SA_SIGINFO
SIGILL: [libjvm.dylib+0x45b030], sa_mask[0]=11111111011111110111111111111111, sa_flags=SA_RESTART|SA_SIGINFO
SIGUSR1: SIG_DFL, sa_mask[0]=00000000000000000000000000000000, sa_flags=none
SIGUSR2: [libjvm.dylib+0x45ab4e], sa_mask[0]=00100000000000000000000000000000, sa_flags=SA_RESTART|SA_SIGINFO
SIGHUP: [libjvm.dylib+0x459121], sa_mask[0]=11111111011111110111111111111111, sa_flags=SA_RESTART|SA_SIGINFO
SIGINT: [libjvm.dylib+0x459121], sa_mask[0]=11111111011111110111111111111111, sa_flags=SA_RESTART|SA_SIGINFO
SIGTERM: [libjvm.dylib+0x459121], sa_mask[0]=11111111011111110111111111111111, sa_flags=SA_RESTART|SA_SIGINFO
SIGQUIT: [libjvm.dylib+0x459121], sa_mask[0]=11111111011111110111111111111111, sa_flags=SA_RESTART|SA_SIGINFO


---------------  S Y S T E M  ---------------

OS:Bsduname:Darwin 14.3.0 Darwin Kernel Version 14.3.0: Mon Mar 23 20:23:44 PDT 2015; root:xnu-2782.20.48~8/RELEASE_X86_64 x86_64
rlimit: STACK 8192k, CORE 0k, NPROC 709, NOFILE 10240, AS infinity
load average:1.07 1.20 1.21

CPU:total 4 (2 cores per cpu, 2 threads per core) family 6 model 58 stepping 9, cmov, cx8, fxsr, mmx, sse, sse2, sse3, ssse3, sse4.1, sse4.2, popcnt, avx, clmul, erms, ht, tsc, tscinvbit, tscinv

Memory: 4k page, physical 4194304k(227516k free)

/proc/meminfo:


vm_info: Java HotSpot(TM) 64-Bit Server VM (25.25-b02) for bsd-amd64 JRE (1.8.0_25-b17), built on Sep 17 2014 16:56:50 by "java_re" with gcc 4.2.1 (Based on Apple Inc. build 5658) (LLVM build 2336.11.00)

time: Tue Nov 29 13:22:35 2016
elapsed time: 60 seconds (0d 0h 1m 0s)

