#
# A fatal error has been detected by the Java Runtime Environment:
#
#  SIGSEGV (0xb) at pc=0x00007fff8fbff8f2, pid=10371, tid=1811
#
# JRE version: Java(TM) SE Runtime Environment (8.0_25-b17) (build 1.8.0_25-b17)
# Java VM: Java HotSpot(TM) 64-Bit Server VM (25.25-b02 mixed mode bsd-amd64 compressed oops)
# Problematic frame:
# C  [libGPUSupportMercury.dylib+0xb8f2]  gldAttachDrawable+0x60
#
# Failed to write core dump. Core dumps have been disabled. To enable core dumping, try "ulimit -c unlimited" before starting Java again
#
# If you would like to submit a bug report, please visit:
#   http://bugreport.sun.com/bugreport/crash.jsp
# The crash happened outside the Java Virtual Machine in native code.
# See problematic frame for where to report the bug.
#

---------------  T H R E A D  ---------------

Current thread (0x00007fd003858000):  JavaThread "AppKit Thread" daemon [_thread_in_native, id=1811, stack(0x00007fff57a6c000,0x00007fff5826c000)]

siginfo: si_signo: 11 (SIGSEGV), si_code: 0 (unknown), si_addr: 0x0000000000000000

Registers:
RAX=0x3000000000000000, RBX=0x000000000000271e, RCX=0x0000000000000000, RDX=0x00007fd001ea3a48
RSP=0x00007fff582659d0, RBP=0x00007fff58265ad0, RSI=0x0000000000000050, RDI=0x00007fff7bbfc070
R8 =0x00007fd005009e60, R9 =0x00007fd004800000, R10=0x000000000000003c, R11=0x0000000000000206
R12=0x0000000000002718, R13=0x00007fd0029cca00, R14=0x0000000000000050, R15=0x0000000000000000
RIP=0x00007fff8fbff8f2, EFLAGS=0x0000000000010212, ERR=0x0000000000000000
  TRAPNO=0x000000000000000d

Top of Stack: (sp=0x00007fff582659d0)
0x00007fff582659d0:   00007fff58265a44 00007fd001e39ea0
0x00007fff582659e0:   ffffffffffffffff 0000206000000040
0x00007fff582659f0:   00007fd001e39eb8 00007fff8d62864f
0x00007fff58265a00:   0000000000000000 3000000000000000
0x00007fff58265a10:   0000000300000003 00007fff58265b58
0x00007fff58265a20:   00007fff58265ae4 0000000000021287
0x00007fff58265a30:   00007fff58265adc 00007fff58265ae0
0x00007fff58265a40:   00007fff58265ac0 00007fff8de7bdf1
0x00007fff58265a50:   0000000000000000 00000000000009a1
0x00007fff58265a60:   0000003400001200 0000040b00000000
0x00007fff58265a70:   00007fff58265aa0 00007fff8de1256c
0x00007fff58265a80:   00007fff58265ad0 00000000000009a1
0x00007fff58265a90:   0000000004280480 000000000e9756cf
0x00007fff58265aa0:   49003d75795cf8a1 00007fd005000000
0x00007fff58265ab0:   0000000000002718 0000000000000000
0x00007fff58265ac0:   0000000000000050 0000000000000000
0x00007fff58265ad0:   00007fff58265b20 00007fff8e9d97e8
0x00007fff58265ae0:   00007fd005009e60 0000000000000000
0x00007fff58265af0:   00007fd001ea3a48 00007fd001f37940
0x00007fff58265b00:   0000000000000000 00007fd0029ca950
0x00007fff58265b10:   00007fd0029c8a00 00007fff7bbfc070
0x00007fff58265b20:   00007fff58265c10 00007fff8ba2b870
0x00007fff58265b30:   4090e00000000000 4084000000000000
0x00007fff58265b40:   4068c00000000000 4084000000000000
0x00007fff58265b50:   4084b00000000000 0000000000000000
0x00007fff58265b60:   4036000000000000 4084000000000000
0x00007fff58265b70:   4084000000000000 0000000000000000
0x00007fff58265b80:   0000000000000000 0000000000000001
0x00007fff58265b90:   00007fd001ea3a48 0000000000000001
0x00007fff58265ba0:   00007fff58265c10 00007fff8ba3066b
0x00007fff58265bb0:   0000000100000003 00007fd0029ca950
0x00007fff58265bc0:   00007fd0029ca888 000000028d4cffff 

Instructions: (pc=0x00007fff8fbff8f2)
0x00007fff8fbff8d2:   48 85 d2 b8 01 00 00 00 bb 15 27 00 00 0f 44 d8
0x00007fff8fbff8e2:   e9 7f 01 00 00 49 8b 45 08 48 89 85 38 ff ff ff
0x00007fff8fbff8f2:   48 8b 00 48 89 85 30 ff ff ff 83 fe 4f 0f 8f fd
0x00007fff8fbff902:   00 00 00 48 89 d0 bb 15 27 00 00 83 fe 35 0f 84 

Register to memory mapping:

RAX=0x3000000000000000 is an unknown value
RBX=0x000000000000271e is an unknown value
RCX=0x0000000000000000 is an unknown value
RDX=0x00007fd001ea3a48 is an unknown value
RSP=0x00007fff582659d0 is pointing into the stack for thread: 0x00007fd003858000
RBP=0x00007fff58265ad0 is pointing into the stack for thread: 0x00007fd003858000
RSI=0x0000000000000050 is an unknown value
RDI=0x00007fff7bbfc070: __stack_chk_guard+0 in /usr/lib/system/libsystem_c.dylib at 0x00007fff8d34b000
R8 =0x00007fd005009e60 is an unknown value
R9 =0x00007fd004800000 is an unknown value
R10=0x000000000000003c is an unknown value
R11=0x0000000000000206 is an unknown value
R12=0x0000000000002718 is an unknown value
R13=0x00007fd0029cca00 is an unknown value
R14=0x0000000000000050 is an unknown value
R15=0x0000000000000000 is an unknown value


Stack: [0x00007fff57a6c000,0x00007fff5826c000],  sp=0x00007fff582659d0,  free space=8166k
Native frames: (J=compiled Java code, j=interpreted, Vv=VM code, C=native code)
C  [libGPUSupportMercury.dylib+0xb8f2]  gldAttachDrawable+0x60
C  [GLEngine+0x167e8]  gliAttachDrawableWithOptions+0x101
C  [OpenGL+0x3870]  glcGetIOAccelService+0xe03
C  [OpenGL+0x7412]  CGLSetPBuffer+0xb90
C  [OpenGL+0x7735]  CGLSetSurface+0x124
C  [AppKit+0x332d44]  NSOpenGLContextAttachOnScreenViewSurface+0x109
C  [AppKit+0x31dc8c]  -[NSOpenGLContext setView:]+0x83
C  [liblwjgl.dylib+0xa586]  -[MacOSXOpenGLView lockFocus]+0x76
C  [AppKit+0xe2055]  -[NSView _recursiveDisplayRectIfNeededIgnoringOpacity:isVisibleRect:rectIsVisibleRectForView:topView:]+0x740
C  [AppKit+0xe30b0]  -[NSView _recursiveDisplayRectIfNeededIgnoringOpacity:isVisibleRect:rectIsVisibleRectForView:topView:]+0x179b
C  [AppKit+0xe1403]  -[NSThemeFrame _recursiveDisplayRectIfNeededIgnoringOpacity:isVisibleRect:rectIsVisibleRectForView:topView:]+0x14d
C  [AppKit+0xdd79b]  -[NSView _displayRectIgnoringOpacity:isVisibleRect:rectIsVisibleRectForView:]+0xac9
C  [AppKit+0x952be]  -[NSView displayIfNeeded]+0x754
C  [AppKit+0x94b19]  -[NSWindow displayIfNeeded]+0xec
C  [AppKit+0x94782]  _handleWindowNeedsDisplayOrLayoutOrUpdateConstraints+0x3a8
C  [Foundation+0x4b953]  __NSFireTimer+0x5f
C  [CoreFoundation+0xb72e4]  __CFRUNLOOP_IS_CALLING_OUT_TO_A_TIMER_CALLBACK_FUNCTION__+0x14
C  [CoreFoundation+0xb6f73]  __CFRunLoopDoTimer+0x423
C  [CoreFoundation+0x12a53d]  __CFRunLoopDoTimers+0x12d
C  [CoreFoundation+0x72608]  __CFRunLoopRun+0x7e8
C  [CoreFoundation+0x71bd8]  CFRunLoopRunSpecific+0x128
C  [HIToolbox+0x3256f]  RunCurrentEventLoopInMode+0xeb
C  [HIToolbox+0x322ea]  ReceiveNextEventCommon+0x1af
C  [HIToolbox+0x3212b]  _BlockUntilNextEventMatchingListInModeWithFilter+0x47
C  [AppKit+0x919bb]  _DPSNextEvent+0x3d2
C  [AppKit+0x90f68]  -[NSApplication nextEventMatchingMask:untilDate:inMode:dequeue:]+0x15a
C  [libosxapp.dylib+0x242a]  -[NSApplicationAWT nextEventMatchingMask:untilDate:inMode:dequeue:]+0x7c
C  [AppKit+0x86bf3]  -[NSApplication run]+0x252
C  [libosxapp.dylib+0x223e]  +[NSApplicationAWT runAWTLoopWithApp:]+0x9c
C  [libawt_lwawt.dylib+0x4494f]  -[AWTStarter starter:]+0x389
C  [Foundation+0x92d00]  __NSThreadPerformPerform+0x125
C  [CoreFoundation+0x80a01]  __CFRUNLOOP_IS_CALLING_OUT_TO_A_SOURCE0_PERFORM_FUNCTION__+0x11
C  [CoreFoundation+0x72b8d]  __CFRunLoopDoSources0+0x10d
C  [CoreFoundation+0x721bf]  __CFRunLoopRun+0x39f
C  [CoreFoundation+0x71bd8]  CFRunLoopRunSpecific+0x128
C  [java+0x56cc]  CreateExecutionEnvironment+0x367
C  [java+0x165c]  JLI_Launch+0x7a0
C  [java+0x768a]  main+0x65
C  [java+0xeb4]  start+0x34
C  0x0000000000000006


---------------  P R O C E S S  ---------------

Java Threads: ( => current thread )
  0x00007fd0030bf000 JavaThread "AWT-Shutdown" [_thread_blocked, id=12051, stack(0x0000000123a02000,0x0000000123b02000)]
=>0x00007fd003858000 JavaThread "AppKit Thread" daemon [_thread_in_native, id=1811, stack(0x00007fff57a6c000,0x00007fff5826c000)]
  0x00007fd002841000 JavaThread "Service Thread" daemon [_thread_blocked, id=18179, stack(0x000000011eb5e000,0x000000011ec5e000)]
  0x00007fd00380a000 JavaThread "C1 CompilerThread2" daemon [_thread_blocked, id=17667, stack(0x000000011ea5b000,0x000000011eb5b000)]
  0x00007fd003803000 JavaThread "C2 CompilerThread1" daemon [_thread_blocked, id=17155, stack(0x000000011e958000,0x000000011ea58000)]
  0x00007fd00200e800 JavaThread "C2 CompilerThread0" daemon [_thread_blocked, id=16643, stack(0x000000011e855000,0x000000011e955000)]
  0x00007fd003801000 JavaThread "Signal Dispatcher" daemon [_thread_blocked, id=13331, stack(0x000000011e752000,0x000000011e852000)]
  0x00007fd00200c800 JavaThread "Finalizer" daemon [_thread_blocked, id=11523, stack(0x000000011cd2e000,0x000000011ce2e000)]
  0x00007fd00283c000 JavaThread "Reference Handler" daemon [_thread_blocked, id=11011, stack(0x000000011cc2b000,0x000000011cd2b000)]
  0x00007fd003003000 JavaThread "main" [_thread_in_native, id=4867, stack(0x0000000107aaa000,0x0000000107baa000)]

Other Threads:
  0x00007fd002839800 VMThread [stack: 0x000000011cb28000,0x000000011cc28000] [id=10499]
  0x00007fd00283e000 WatcherThread [stack: 0x000000011ec61000,0x000000011ed61000] [id=18691]

VM state:not at safepoint (normal execution)

VM Mutex/Monitor currently owned by a thread: None

Heap:
 PSYoungGen      total 18944K, used 12524K [0x00000007aab00000, 0x00000007ac000000, 0x00000007c0000000)
  eden space 16384K, 76% used [0x00000007aab00000,0x00000007ab73b3f8,0x00000007abb00000)
  from space 2560K, 0% used [0x00000007abd80000,0x00000007abd80000,0x00000007ac000000)
  to   space 2560K, 0% used [0x00000007abb00000,0x00000007abb00000,0x00000007abd80000)
 ParOldGen       total 44032K, used 0K [0x0000000780000000, 0x0000000782b00000, 0x00000007aab00000)
  object space 44032K, 0% used [0x0000000780000000,0x0000000780000000,0x0000000782b00000)
 Metaspace       used 8184K, capacity 8361K, committed 8576K, reserved 1056768K
  class space    used 837K, capacity 887K, committed 896K, reserved 1048576K

Card table byte_map: [0x00000001186e5000,0x00000001188e6000] byte_map_base: 0x0000000114ae5000

Marking Bits: (ParMarkBitMap*) 0x0000000108c9d390
 Begin Bits: [0x0000000118e48000, 0x0000000119e48000)
 End Bits:   [0x0000000119e48000, 0x000000011ae48000)

Polling page: 0x0000000107bee000

CodeCache: size=245760Kb used=3188Kb max_used=3199Kb free=242571Kb
 bounds [0x0000000109325000, 0x0000000109655000, 0x0000000118325000]
 total_blobs=1210 nmethods=809 adapters=316
 compilation: enabled

Compilation events (10 events):
Event: 13.564 Thread 0x00007fd00200e800  802       4       java.lang.AbstractStringBuilder::append (50 bytes)
Event: 13.568 Thread 0x00007fd00200e800 nmethod 802 0x0000000109640f90 code [0x0000000109641100, 0x00000001096414d8]
Event: 13.806 Thread 0x00007fd00380a000  803       3       org.newdawn.slick.state.StateBasedGame::transitioning (20 bytes)
Event: 13.806 Thread 0x00007fd00380a000 nmethod 803 0x0000000109640b90 code [0x0000000109640d00, 0x0000000109640ef0]
Event: 15.208 Thread 0x00007fd00380a000  804       3       java.nio.ByteBuffer::arrayOffset (35 bytes)
Event: 15.209 Thread 0x00007fd00380a000 nmethod 804 0x00000001096405d0 code [0x0000000109640760, 0x0000000109640a58]
Event: 16.226 Thread 0x00007fd003803000  805       4       java.nio.DirectIntBufferU::get (16 bytes)
Event: 16.226 Thread 0x00007fd003803000 nmethod 805 0x0000000109643210 code [0x0000000109643360, 0x00000001096433f8]
Event: 16.395 Thread 0x00007fd00200e800  806       4       org.newdawn.slick.tiled.TiledMap::render (130 bytes)
Event: 16.399 Thread 0x00007fd00200e800 nmethod 806 0x00000001096444d0 code [0x0000000109644640, 0x00000001096448b8]

GC Heap History (0 events):
No events

Deoptimization events (0 events):
No events

Internal exceptions (10 events):
Event: 0.700 Thread 0x00007fd003003000 Exception <a 'java/security/PrivilegedActionException'> (0x00000007ab4ac3a0) thrown at [/HUDSON3/workspace/8-2-build-macosx-x86_64/jdk8u25/1514/hotspot/src/share/vm/prims/jvm.cpp, line 1312]
Event: 0.717 Thread 0x00007fd003003000 Exception <a 'java/security/PrivilegedActionException'> (0x00000007ab4d22e0) thrown at [/HUDSON3/workspace/8-2-build-macosx-x86_64/jdk8u25/1514/hotspot/src/share/vm/prims/jvm.cpp, line 1312]
Event: 0.730 Thread 0x00007fd003003000 Exception <a 'java/security/PrivilegedActionException'> (0x00000007ab4fa700) thrown at [/HUDSON3/workspace/8-2-build-macosx-x86_64/jdk8u25/1514/hotspot/src/share/vm/prims/jvm.cpp, line 1312]
Event: 0.763 Thread 0x00007fd003003000 Exception <a 'java/security/PrivilegedActionException'> (0x00000007ab538430) thrown at [/HUDSON3/workspace/8-2-build-macosx-x86_64/jdk8u25/1514/hotspot/src/share/vm/prims/jvm.cpp, line 1312]
Event: 0.765 Thread 0x00007fd003003000 Exception <a 'java/security/PrivilegedActionException'> (0x00000007ab540a18) thrown at [/HUDSON3/workspace/8-2-build-macosx-x86_64/jdk8u25/1514/hotspot/src/share/vm/prims/jvm.cpp, line 1312]
Event: 0.767 Thread 0x00007fd003003000 Exception <a 'java/security/PrivilegedActionException'> (0x00000007ab551670) thrown at [/HUDSON3/workspace/8-2-build-macosx-x86_64/jdk8u25/1514/hotspot/src/share/vm/prims/jvm.cpp, line 1312]
Event: 0.772 Thread 0x00007fd003003000 Exception <a 'java/security/PrivilegedActionException'> (0x00000007ab575418) thrown at [/HUDSON3/workspace/8-2-build-macosx-x86_64/jdk8u25/1514/hotspot/src/share/vm/prims/jvm.cpp, line 1312]
Event: 0.780 Thread 0x00007fd003003000 Exception <a 'java/security/PrivilegedActionException'> (0x00000007ab57d608) thrown at [/HUDSON3/workspace/8-2-build-macosx-x86_64/jdk8u25/1514/hotspot/src/share/vm/prims/jvm.cpp, line 1312]
Event: 0.781 Thread 0x00007fd003003000 Exception <a 'java/security/PrivilegedActionException'> (0x00000007ab581bf8) thrown at [/HUDSON3/workspace/8-2-build-macosx-x86_64/jdk8u25/1514/hotspot/src/share/vm/prims/jvm.cpp, line 1312]
Event: 0.782 Thread 0x00007fd003003000 Exception <a 'java/security/PrivilegedActionException'> (0x00000007ab586568) thrown at [/HUDSON3/workspace/8-2-build-macosx-x86_64/jdk8u25/1514/hotspot/src/share/vm/prims/jvm.cpp, line 1312]

Events (10 events):
Event: 14.848 Executing VM operation: RevokeBias
Event: 14.848 Executing VM operation: RevokeBias done
Event: 14.848 Thread 0x00007fd00214e800 Thread exited: 0x00007fd00214e800
Event: 15.395 Thread 0x00007fd0030bf000 Thread added: 0x00007fd0030bf000
Event: 16.593 Executing VM operation: RevokeBias
Event: 16.593 Executing VM operation: RevokeBias done
Event: 16.593 Thread 0x00007fd0030bf000 Thread exited: 0x00007fd0030bf000
Event: 17.951 Thread 0x00007fd0030bf000 Thread added: 0x00007fd0030bf000
Event: 18.092 loading class org/lwjgl/opengl/CallbackUtil
Event: 18.092 loading class org/lwjgl/opengl/CallbackUtil done


Dynamic libraries:
0x000000000b5c6000 	/System/Library/Frameworks/Cocoa.framework/Versions/A/Cocoa
0x000000000b5c6000 	/System/Library/Frameworks/Security.framework/Versions/A/Security
0x000000000b5c6000 	/System/Library/Frameworks/ApplicationServices.framework/Versions/A/ApplicationServices
0x000000000b5c6000 	/usr/lib/libz.1.dylib
0x000000000b5c6000 	/usr/lib/libSystem.B.dylib
0x000000000b5c6000 	/usr/lib/libobjc.A.dylib
0x000000000b5c6000 	/System/Library/Frameworks/CoreFoundation.framework/Versions/A/CoreFoundation
0x000000000b5c6000 	/System/Library/Frameworks/Foundation.framework/Versions/C/Foundation
0x000000000b5c6000 	/System/Library/Frameworks/AppKit.framework/Versions/C/AppKit
0x000000000b5c6000 	/System/Library/Frameworks/CoreData.framework/Versions/A/CoreData
0x000000000b5c6000 	/System/Library/PrivateFrameworks/RemoteViewServices.framework/Versions/A/RemoteViewServices
0x000000000b5c6000 	/System/Library/PrivateFrameworks/UIFoundation.framework/Versions/A/UIFoundation
0x000000000b5c6000 	/System/Library/Frameworks/IOSurface.framework/Versions/A/IOSurface
0x000000000b5c6000 	/System/Library/Frameworks/AudioToolbox.framework/Versions/A/AudioToolbox
0x000000000b5c6000 	/System/Library/Frameworks/AudioUnit.framework/Versions/A/AudioUnit
0x000000000b5c6000 	/System/Library/PrivateFrameworks/DataDetectorsCore.framework/Versions/A/DataDetectorsCore
0x000000000b5c6000 	/System/Library/PrivateFrameworks/DesktopServicesPriv.framework/Versions/A/DesktopServicesPriv
0x000000000b5c6000 	/System/Library/Frameworks/Carbon.framework/Versions/A/Frameworks/HIToolbox.framework/Versions/A/HIToolbox
0x000000000b5c6000 	/System/Library/Frameworks/QuartzCore.framework/Versions/A/QuartzCore
0x000000000b5c6000 	/System/Library/Frameworks/Carbon.framework/Versions/A/Frameworks/SpeechRecognition.framework/Versions/A/SpeechRecognition
0x000000000b5c6000 	/usr/lib/libauto.dylib
0x000000000b5c6000 	/usr/lib/libicucore.A.dylib
0x000000000b5c6000 	/usr/lib/libxml2.2.dylib
0x000000000b5c6000 	/System/Library/PrivateFrameworks/CoreUI.framework/Versions/A/CoreUI
0x000000000b5c6000 	/System/Library/Frameworks/CoreAudio.framework/Versions/A/CoreAudio
0x000000000b5c6000 	/System/Library/Frameworks/DiskArbitration.framework/Versions/A/DiskArbitration
0x000000000b5c6000 	/usr/lib/liblangid.dylib
0x000000000b5c6000 	/System/Library/PrivateFrameworks/MultitouchSupport.framework/Versions/A/MultitouchSupport
0x000000000b5c6000 	/System/Library/Frameworks/IOKit.framework/Versions/A/IOKit
0x000000000b5c6000 	/usr/lib/libDiagnosticMessagesClient.dylib
0x000000000b5c6000 	/System/Library/Frameworks/CoreServices.framework/Versions/A/CoreServices
0x000000000b5c6000 	/System/Library/PrivateFrameworks/PerformanceAnalysis.framework/Versions/A/PerformanceAnalysis
0x000000000b5c6000 	/System/Library/PrivateFrameworks/GenerationalStorage.framework/Versions/A/GenerationalStorage
0x000000000b5c6000 	/System/Library/Frameworks/OpenGL.framework/Versions/A/OpenGL
0x000000000b5c6000 	/System/Library/PrivateFrameworks/Sharing.framework/Versions/A/Sharing
0x000000000b5c6000 	/System/Library/Frameworks/CoreGraphics.framework/Versions/A/CoreGraphics
0x000000000b5c6000 	/System/Library/Frameworks/CoreText.framework/Versions/A/CoreText
0x000000000b5c6000 	/System/Library/Frameworks/ImageIO.framework/Versions/A/ImageIO
0x000000000b5c6000 	/usr/lib/libextension.dylib
0x000000000b5c6000 	/System/Library/PrivateFrameworks/Backup.framework/Versions/A/Backup
0x000000000b5c6000 	/usr/lib/libarchive.2.dylib
0x000000000b5c6000 	/System/Library/Frameworks/CFNetwork.framework/Versions/A/CFNetwork
0x000000000b5c6000 	/System/Library/Frameworks/SystemConfiguration.framework/Versions/A/SystemConfiguration
0x000000000b5c6000 	/usr/lib/libCRFSuite.dylib
0x000000000b5c6000 	/usr/lib/libc++.1.dylib
0x000000000b5c6000 	/usr/lib/libc++abi.dylib
0x000000000b5c6000 	/usr/lib/system/libcache.dylib
0x000000000b5c6000 	/usr/lib/system/libcommonCrypto.dylib
0x000000000b5c6000 	/usr/lib/system/libcompiler_rt.dylib
0x000000000b5c6000 	/usr/lib/system/libcopyfile.dylib
0x000000000b5c6000 	/usr/lib/system/libcorecrypto.dylib
0x000000000b5c6000 	/usr/lib/system/libdispatch.dylib
0x000000000b5c6000 	/usr/lib/system/libdyld.dylib
0x000000000b5c6000 	/usr/lib/system/libkeymgr.dylib
0x000000000b5c6000 	/usr/lib/system/liblaunch.dylib
0x000000000b5c6000 	/usr/lib/system/libmacho.dylib
0x000000000b5c6000 	/usr/lib/system/libquarantine.dylib
0x000000000b5c6000 	/usr/lib/system/libremovefile.dylib
0x000000000b5c6000 	/usr/lib/system/libsystem_asl.dylib
0x000000000b5c6000 	/usr/lib/system/libsystem_blocks.dylib
0x000000000b5c6000 	/usr/lib/system/libsystem_c.dylib
0x000000000b5c6000 	/usr/lib/system/libsystem_configuration.dylib
0x000000000b5c6000 	/usr/lib/system/libsystem_coreservices.dylib
0x000000000b5c6000 	/usr/lib/system/libsystem_coretls.dylib
0x000000000b5c6000 	/usr/lib/system/libsystem_dnssd.dylib
0x000000000b5c6000 	/usr/lib/system/libsystem_info.dylib
0x000000000b5c6000 	/usr/lib/system/libsystem_kernel.dylib
0x000000000b5c6000 	/usr/lib/system/libsystem_m.dylib
0x000000000b5c6000 	/usr/lib/system/libsystem_malloc.dylib
0x000000000b5c6000 	/usr/lib/system/libsystem_network.dylib
0x000000000b5c6000 	/usr/lib/system/libsystem_networkextension.dylib
0x000000000b5c6000 	/usr/lib/system/libsystem_notify.dylib
0x000000000b5c6000 	/usr/lib/system/libsystem_platform.dylib
0x000000000b5c6000 	/usr/lib/system/libsystem_pthread.dylib
0x000000000b5c6000 	/usr/lib/system/libsystem_sandbox.dylib
0x000000000b5c6000 	/usr/lib/system/libsystem_secinit.dylib
0x000000000b5c6000 	/usr/lib/system/libsystem_stats.dylib
0x000000000b5c6000 	/usr/lib/system/libsystem_trace.dylib
0x000000000b5c6000 	/usr/lib/system/libunc.dylib
0x000000000b5c6000 	/usr/lib/system/libunwind.dylib
0x000000000b5c6000 	/usr/lib/system/libxpc.dylib
0x000000000b5c6000 	/usr/lib/libbz2.1.0.dylib
0x000000000b5c6000 	/usr/lib/liblzma.5.dylib
0x000000000b5c6000 	/usr/lib/libbsm.0.dylib
0x000000000b5c6000 	/usr/lib/libsqlite3.dylib
0x000000000b5c6000 	/usr/lib/system/libkxld.dylib
0x000000000b5c6000 	/usr/lib/libxar.1.dylib
0x000000000b5c6000 	/usr/lib/libpam.2.dylib
0x000000000b5c6000 	/usr/lib/libOpenScriptingUtil.dylib
0x000000000b5c6000 	/System/Library/Frameworks/CoreServices.framework/Versions/A/Frameworks/FSEvents.framework/Versions/A/FSEvents
0x000000000b5c6000 	/System/Library/Frameworks/CoreServices.framework/Versions/A/Frameworks/CarbonCore.framework/Versions/A/CarbonCore
0x000000000b5c6000 	/System/Library/Frameworks/CoreServices.framework/Versions/A/Frameworks/Metadata.framework/Versions/A/Metadata
0x000000000b5c6000 	/System/Library/Frameworks/CoreServices.framework/Versions/A/Frameworks/OSServices.framework/Versions/A/OSServices
0x000000000b5c6000 	/System/Library/Frameworks/CoreServices.framework/Versions/A/Frameworks/SearchKit.framework/Versions/A/SearchKit
0x000000000b5c6000 	/System/Library/Frameworks/CoreServices.framework/Versions/A/Frameworks/AE.framework/Versions/A/AE
0x000000000b5c6000 	/System/Library/Frameworks/CoreServices.framework/Versions/A/Frameworks/LaunchServices.framework/Versions/A/LaunchServices
0x000000000b5c6000 	/System/Library/Frameworks/CoreServices.framework/Versions/A/Frameworks/DictionaryServices.framework/Versions/A/DictionaryServices
0x000000000b5c6000 	/System/Library/Frameworks/NetFS.framework/Versions/A/NetFS
0x000000000b5c6000 	/System/Library/PrivateFrameworks/NetAuth.framework/Versions/A/NetAuth
0x000000000b5c6000 	/System/Library/PrivateFrameworks/login.framework/Versions/A/Frameworks/loginsupport.framework/Versions/A/loginsupport
0x000000000b5c6000 	/System/Library/PrivateFrameworks/TCC.framework/Versions/A/TCC
0x000000000b5c6000 	/usr/lib/libmecabra.dylib
0x000000000b5c6000 	/System/Library/Frameworks/ApplicationServices.framework/Versions/A/Frameworks/ATS.framework/Versions/A/ATS
0x000000000b5c6000 	/System/Library/Frameworks/ApplicationServices.framework/Versions/A/Frameworks/ColorSync.framework/Versions/A/ColorSync
0x000000000b5c6000 	/System/Library/Frameworks/ApplicationServices.framework/Versions/A/Frameworks/HIServices.framework/Versions/A/HIServices
0x000000000b5c6000 	/System/Library/Frameworks/ApplicationServices.framework/Versions/A/Frameworks/LangAnalysis.framework/Versions/A/LangAnalysis
0x000000000b5c6000 	/System/Library/Frameworks/ApplicationServices.framework/Versions/A/Frameworks/PrintCore.framework/Versions/A/PrintCore
0x000000000b5c6000 	/System/Library/Frameworks/ApplicationServices.framework/Versions/A/Frameworks/QD.framework/Versions/A/QD
0x000000000b5c6000 	/System/Library/Frameworks/ApplicationServices.framework/Versions/A/Frameworks/SpeechSynthesis.framework/Versions/A/SpeechSynthesis
0x000000000b5c6000 	/System/Library/Frameworks/Accelerate.framework/Versions/A/Accelerate
0x000000000b5c6000 	/System/Library/Frameworks/Accelerate.framework/Versions/A/Frameworks/vImage.framework/Versions/A/vImage
0x000000000b5c6000 	/System/Library/Frameworks/Accelerate.framework/Versions/A/Frameworks/vecLib.framework/Versions/A/vecLib
0x000000000b5c6000 	/System/Library/Frameworks/Accelerate.framework/Versions/A/Frameworks/vecLib.framework/Versions/A/libvDSP.dylib
0x000000000b5c6000 	/System/Library/Frameworks/Accelerate.framework/Versions/A/Frameworks/vecLib.framework/Versions/A/libvMisc.dylib
0x000000000b5c6000 	/System/Library/Frameworks/Accelerate.framework/Versions/A/Frameworks/vecLib.framework/Versions/A/libLAPACK.dylib
0x000000000b5c6000 	/System/Library/Frameworks/Accelerate.framework/Versions/A/Frameworks/vecLib.framework/Versions/A/libBLAS.dylib
0x000000000b5c6000 	/System/Library/Frameworks/Accelerate.framework/Versions/A/Frameworks/vecLib.framework/Versions/A/libLinearAlgebra.dylib
0x000000000b5c6000 	/System/Library/Frameworks/ApplicationServices.framework/Versions/A/Frameworks/ATS.framework/Versions/A/Resources/libFontParser.dylib
0x000000000b5c6000 	/System/Library/Frameworks/ApplicationServices.framework/Versions/A/Frameworks/ATS.framework/Versions/A/Resources/libFontRegistry.dylib
0x000000000b5c6000 	/System/Library/PrivateFrameworks/AppleVPA.framework/Versions/A/AppleVPA
0x000000000b5c6000 	/System/Library/PrivateFrameworks/AppleJPEG.framework/Versions/A/AppleJPEG
0x000000000b5c6000 	/System/Library/Frameworks/ImageIO.framework/Versions/A/Resources/libJPEG.dylib
0x000000000b5c6000 	/System/Library/Frameworks/ImageIO.framework/Versions/A/Resources/libTIFF.dylib
0x000000000b5c6000 	/System/Library/Frameworks/ImageIO.framework/Versions/A/Resources/libPng.dylib
0x000000000b5c6000 	/System/Library/Frameworks/ImageIO.framework/Versions/A/Resources/libGIF.dylib
0x000000000b5c6000 	/System/Library/Frameworks/ImageIO.framework/Versions/A/Resources/libJP2.dylib
0x000000000b5c6000 	/System/Library/Frameworks/ImageIO.framework/Versions/A/Resources/libRadiance.dylib
0x000000000b5c6000 	/System/Library/Frameworks/CoreVideo.framework/Versions/A/CoreVideo
0x000000000b5c6000 	/System/Library/Frameworks/OpenGL.framework/Versions/A/Libraries/libGLU.dylib
0x000000000b5c6000 	/System/Library/Frameworks/OpenGL.framework/Versions/A/Libraries/libGFXShared.dylib
0x000000000b5c6000 	/System/Library/Frameworks/OpenGL.framework/Versions/A/Libraries/libGL.dylib
0x000000000b5c6000 	/System/Library/Frameworks/OpenGL.framework/Versions/A/Libraries/libGLImage.dylib
0x000000000b5c6000 	/System/Library/Frameworks/OpenGL.framework/Versions/A/Libraries/libCVMSPluginSupport.dylib
0x000000000b5c6000 	/System/Library/Frameworks/OpenGL.framework/Versions/A/Libraries/libCoreVMClient.dylib
0x000000000b5c6000 	/usr/lib/libcups.2.dylib
0x000000000b5c6000 	/System/Library/Frameworks/Kerberos.framework/Versions/A/Kerberos
0x000000000b5c6000 	/System/Library/Frameworks/GSS.framework/Versions/A/GSS
0x000000000b5c6000 	/usr/lib/libresolv.9.dylib
0x000000000b5c6000 	/usr/lib/libiconv.2.dylib
0x000000000b5c6000 	/System/Library/PrivateFrameworks/Heimdal.framework/Versions/A/Heimdal
0x000000000b5c6000 	/usr/lib/libheimdal-asn1.dylib
0x000000000b5c6000 	/System/Library/Frameworks/OpenDirectory.framework/Versions/A/OpenDirectory
0x000000000b5c6000 	/System/Library/PrivateFrameworks/CommonAuth.framework/Versions/A/CommonAuth
0x000000000b5c6000 	/System/Library/Frameworks/OpenDirectory.framework/Versions/A/Frameworks/CFOpenDirectory.framework/Versions/A/CFOpenDirectory
0x000000000b5c6000 	/System/Library/Frameworks/SecurityFoundation.framework/Versions/A/SecurityFoundation
0x000000000b5c6000 	/System/Library/PrivateFrameworks/LanguageModeling.framework/Versions/A/LanguageModeling
0x000000000b5c6000 	/usr/lib/libcmph.dylib
0x000000000b5c6000 	/System/Library/Frameworks/ServiceManagement.framework/Versions/A/ServiceManagement
0x000000000b5c6000 	/usr/lib/libxslt.1.dylib
0x000000000b5c6000 	/System/Library/Frameworks/Carbon.framework/Versions/A/Frameworks/Ink.framework/Versions/A/Ink
0x000000000b5c6000 	/System/Library/Frameworks/QuartzCore.framework/Versions/A/Frameworks/CoreImage.framework/Versions/A/CoreImage
0x000000000b5c6000 	/System/Library/PrivateFrameworks/CrashReporterSupport.framework/Versions/A/CrashReporterSupport
0x000000000b5c6000 	/System/Library/Frameworks/OpenCL.framework/Versions/A/OpenCL
0x000000000b5c6000 	/System/Library/PrivateFrameworks/FaceCore.framework/Versions/A/FaceCore
0x000000000b5c6000 	/System/Library/PrivateFrameworks/Ubiquity.framework/Versions/A/Ubiquity
0x000000000b5c6000 	/System/Library/PrivateFrameworks/IconServices.framework/Versions/A/IconServices
0x000000000b5c6000 	/System/Library/PrivateFrameworks/ChunkingLibrary.framework/Versions/A/ChunkingLibrary
0x000000000b5c6000 	/System/Library/PrivateFrameworks/Apple80211.framework/Versions/A/Apple80211
0x000000000b5c6000 	/System/Library/Frameworks/CoreWLAN.framework/Versions/A/CoreWLAN
0x000000000b5c6000 	/System/Library/Frameworks/IOBluetooth.framework/Versions/A/IOBluetooth
0x000000000b5c6000 	/System/Library/PrivateFrameworks/CoreWiFi.framework/Versions/A/CoreWiFi
0x000000000b5c6000 	/System/Library/Frameworks/CoreBluetooth.framework/Versions/A/CoreBluetooth
0x000000000b5c6000 	/System/Library/PrivateFrameworks/DebugSymbols.framework/Versions/A/DebugSymbols
0x000000000b5c6000 	/System/Library/PrivateFrameworks/CoreSymbolication.framework/Versions/A/CoreSymbolication
0x000000000b5c6000 	/System/Library/PrivateFrameworks/Symbolication.framework/Versions/A/Symbolication
0x000000000b5c6000 	/System/Library/PrivateFrameworks/SpeechRecognitionCore.framework/Versions/A/SpeechRecognitionCore
0x0000000108400000 	/Library/Java/JavaVirtualMachines/jdk1.8.0_25.jdk/Contents/Home/jre/lib/server/libjvm.dylib
0x000000000b5c6000 	/usr/lib/libstdc++.6.dylib
0x0000000107bac000 	/Library/Java/JavaVirtualMachines/jdk1.8.0_25.jdk/Contents/Home/jre/lib/libverify.dylib
0x0000000107bba000 	/Library/Java/JavaVirtualMachines/jdk1.8.0_25.jdk/Contents/Home/jre/lib/libjava.dylib
0x000000010931c000 	/Library/Java/JavaVirtualMachines/jdk1.8.0_25.jdk/Contents/Home/jre/lib/libzip.dylib
0x000000011ce30000 	/System/Library/Frameworks/JavaVM.framework/Frameworks/JavaRuntimeSupport.framework/JavaRuntimeSupport
0x000000011ce4b000 	/System/Library/Frameworks/JavaVM.framework/Versions/A/Frameworks/JavaNativeFoundation.framework/Versions/A/JavaNativeFoundation
0x000000011ce60000 	/System/Library/Frameworks/JavaVM.framework/Versions/A/JavaVM
0x000000000b5c6000 	/System/Library/Frameworks/Carbon.framework/Versions/A/Carbon
0x000000011ce6d000 	/System/Library/PrivateFrameworks/JavaLaunching.framework/Versions/A/JavaLaunching
0x000000000b5c6000 	/System/Library/Frameworks/Carbon.framework/Versions/A/Frameworks/CommonPanels.framework/Versions/A/CommonPanels
0x000000000b5c6000 	/System/Library/Frameworks/Carbon.framework/Versions/A/Frameworks/Help.framework/Versions/A/Help
0x000000000b5c6000 	/System/Library/Frameworks/Carbon.framework/Versions/A/Frameworks/ImageCapture.framework/Versions/A/ImageCapture
0x000000000b5c6000 	/System/Library/Frameworks/Carbon.framework/Versions/A/Frameworks/OpenScripting.framework/Versions/A/OpenScripting
0x000000000b5c6000 	/System/Library/Frameworks/Carbon.framework/Versions/A/Frameworks/Print.framework/Versions/A/Print
0x000000000b5c6000 	/System/Library/Frameworks/Carbon.framework/Versions/A/Frameworks/SecurityHI.framework/Versions/A/SecurityHI
0x000000011edbe000 	/Library/Java/JavaVirtualMachines/jdk1.8.0_25.jdk/Contents/Home/jre/lib/libawt.dylib
0x000000011ee6d000 	/Library/Java/JavaVirtualMachines/jdk1.8.0_25.jdk/Contents/Home/jre/lib/./libmlib_image.dylib
0x000000011ef39000 	/Library/Java/JavaVirtualMachines/jdk1.8.0_25.jdk/Contents/Home/jre/lib/libawt_lwawt.dylib
0x000000011efec000 	/Library/Java/JavaVirtualMachines/jdk1.8.0_25.jdk/Contents/Home/jre/lib/./libosxapp.dylib
0x000000000b5c6000 	/System/Library/Frameworks/ExceptionHandling.framework/Versions/A/ExceptionHandling
0x000000000b5c6000 	/System/Library/PrivateFrameworks/CoreServicesInternal.framework/Versions/A/CoreServicesInternal
0x000000000b5c6000 	/System/Library/PrivateFrameworks/CloudDocs.framework/Versions/A/CloudDocs
0x000000000b5c6000 	/System/Library/PrivateFrameworks/CoreDuet.framework/Versions/A/CoreDuet
0x000000000b5c6000 	/System/Library/Frameworks/CloudKit.framework/Versions/A/CloudKit
0x000000000b5c6000 	/System/Library/PrivateFrameworks/ProtocolBuffer.framework/Versions/A/ProtocolBuffer
0x000000000b5c6000 	/System/Library/PrivateFrameworks/CoreDuetDaemonProtocol.framework/Versions/A/CoreDuetDaemonProtocol
0x000000000b5c6000 	/System/Library/PrivateFrameworks/CoreDuetDebugLogging.framework/Versions/A/CoreDuetDebugLogging
0x000000000b5c6000 	/System/Library/PrivateFrameworks/MMCS.framework/Versions/A/MMCS
0x000000000b5c6000 	/System/Library/Frameworks/CoreLocation.framework/Versions/A/CoreLocation
0x000000000b5c6000 	/System/Library/PrivateFrameworks/ProtectedCloudStorage.framework/Versions/A/ProtectedCloudStorage
0x000000000b5c6000 	/System/Library/PrivateFrameworks/GeoServices.framework/Versions/A/GeoServices
0x000000000b5c6000 	/System/Library/Frameworks/CoreGraphics.framework/Versions/A/Resources/libCGCMS.A.dylib
0x000000000b5c6000 	/System/Library/Frameworks/CoreGraphics.framework/Versions/A/Resources/libRIP.A.dylib
0x000000000b5c6000 	/System/Library/Frameworks/CoreGraphics.framework/Versions/A/Resources/libCGXType.A.dylib
0x000000000b5c6000 	/System/Library/Frameworks/OpenCL.framework/Versions/A/Libraries/libcldcpuengine.dylib
0x000000000b5c6000 	/System/Library/PrivateFrameworks/DiskImages.framework/Versions/A/DiskImages
0x000000000b5c6000 	/System/Library/Frameworks/DiscRecording.framework/Versions/A/DiscRecording
0x000000000b5c6000 	/usr/lib/libcsfde.dylib
0x000000000b5c6000 	/usr/lib/libcurl.4.dylib
0x000000000b5c6000 	/System/Library/PrivateFrameworks/MediaKit.framework/Versions/A/MediaKit
0x000000000b5c6000 	/usr/lib/libCoreStorage.dylib
0x000000000b5c6000 	/System/Library/PrivateFrameworks/EFILogin.framework/Versions/A/EFILogin
0x000000000b5c6000 	/usr/lib/libutil.dylib
0x000000000b5c6000 	/System/Library/PrivateFrameworks/FindMyDevice.framework/Versions/A/FindMyDevice
0x000000000b5c6000 	/System/Library/Frameworks/LDAP.framework/Versions/A/LDAP
0x000000000b5c6000 	/usr/lib/libsasl2.2.dylib
0x000000000b5c6000 	/System/Library/PrivateFrameworks/CoreDaemon.framework/Versions/B/CoreDaemon
0x000000000b5c6000 	/usr/lib/libcrypto.0.9.8.dylib
0x000000000b5c6000 	/System/Library/PrivateFrameworks/AppleSRP.framework/Versions/A/AppleSRP
0x000000000b5c6000 	/System/Library/PrivateFrameworks/TrustEvaluationAgent.framework/Versions/A/TrustEvaluationAgent
0x0000000121cd1000 	cl_kernels
0x0000000121cd3000 	/System/Library/Frameworks/OpenCL.framework/Versions/A/Libraries/ImageFormats/unorm8_bgra.dylib
0x0000000121cc2000 	cl_kernels
0x000000000b5c6000 	/System/Library/PrivateFrameworks/FamilyControls.framework/Versions/A/FamilyControls
0x000000000b5c6000 	/System/Library/PrivateFrameworks/CommerceKit.framework/Versions/A/Frameworks/CommerceCore.framework/Versions/A/CommerceCore
0x000000000b5c6000 	/System/Library/PrivateFrameworks/SystemAdministration.framework/Versions/A/SystemAdministration
0x000000000b5c6000 	/System/Library/PrivateFrameworks/AppContainer.framework/Versions/A/AppContainer
0x000000000b5c6000 	/System/Library/PrivateFrameworks/SecCodeWrapper.framework/Versions/A/SecCodeWrapper
0x000000000b5c6000 	/System/Library/Frameworks/DirectoryService.framework/Versions/A/DirectoryService
0x000000000b5c6000 	/System/Library/PrivateFrameworks/LoginUIKit.framework/Versions/A/Frameworks/LoginUICore.framework/Versions/A/LoginUICore
0x000000000b5c6000 	/usr/lib/libodfde.dylib
0x0000000122f51000 	/Library/Java/JavaVirtualMachines/jdk1.8.0_25.jdk/Contents/Home/jre/lib/libfontmanager.dylib
0x0000000122fb8000 	/Users/student/Documents/workspace/Test/lib/lwjgl-2.9.3/native/macosx/liblwjgl.dylib
0x0000000121218000 	/Library/Java/JavaVirtualMachines/jdk1.8.0_25.jdk/Contents/Home/jre/lib/libjawt.dylib
0x000000000b5c6000 	/System/Library/Frameworks/OpenGL.framework/Versions/A/Resources/GLEngine.bundle/GLEngine
0x000000000b5c6000 	/System/Library/Frameworks/OpenGL.framework/Versions/A/Libraries/libGLProgrammability.dylib
0x0000000000000000 	/System/Library/Extensions/AppleIntelHD4000GraphicsGLDriver.bundle/Contents/MacOS/AppleIntelHD4000GraphicsGLDriver
0x000000000b5c6000 	/System/Library/PrivateFrameworks/IOAccelerator.framework/Versions/A/IOAccelerator
0x000000000b5c6000 	/System/Library/PrivateFrameworks/GPUSupport.framework/Versions/A/Libraries/libGPUSupportMercury.dylib
0x000000000b5c6000 	/System/Library/Frameworks/OpenGL.framework/Versions/A/Resources/GLRendererFloat.bundle/GLRendererFloat
0x00000001237bf000 	/Users/student/Documents/workspace/Test/lib/lwjgl-2.9.3/native/macosx/libjinput-osx.dylib
0x00000001237c4000 	/System/Library/Extensions/IOHIDFamily.kext/Contents/PlugIns/IOHIDLib.plugin/Contents/MacOS/IOHIDLib

VM Arguments:
jvm_args: -Djava.library.path=/Users/student/Documents/workspace/Test/lib/lwjgl-2.9.3/native/macosx -Dfile.encoding=UTF-8 
java_command: test.Main
java_class_path (initial): /Users/student/Documents/workspace/Test/bin:/Users/student/Desktop/lib/slick/lib/jinput.jar:/Users/student/Desktop/lib/slick/lib/lwjgl_util.jar:/Users/student/Desktop/lib/slick/lib/lwjgl.jar:/Users/student/Desktop/lib/slick/lib/slick.jar
Launcher Type: SUN_STANDARD

Environment Variables:
PATH=/usr/bin:/bin:/usr/sbin:/sbin
SHELL=/bin/bash
DISPLAY=/private/tmp/com.apple.launchd.ClddUelqtn/org.macosforge.xquartz:0

Signal Handlers:
SIGSEGV: [libjvm.dylib+0x579dc7], sa_mask[0]=11111111011111110111111111111111, sa_flags=SA_ONSTACK|SA_RESTART|SA_SIGINFO
SIGBUS: [libjvm.dylib+0x579dc7], sa_mask[0]=11111111011111110111111111111111, sa_flags=SA_RESTART|SA_SIGINFO
SIGFPE: [libjvm.dylib+0x45b030], sa_mask[0]=11111111011111110111111111111111, sa_flags=SA_RESTART|SA_SIGINFO
SIGPIPE: [libjvm.dylib+0x45b030], sa_mask[0]=11111111011111110111111111111111, sa_flags=SA_RESTART|SA_SIGINFO
SIGXFSZ: [libjvm.dylib+0x45b030], sa_mask[0]=11111111011111110111111111111111, sa_flags=SA_RESTART|SA_SIGINFO
SIGILL: [libjvm.dylib+0x45b030], sa_mask[0]=11111111011111110111111111111111, sa_flags=SA_RESTART|SA_SIGINFO
SIGUSR1: SIG_DFL, sa_mask[0]=00000000000000000000000000000000, sa_flags=none
SIGUSR2: [libjvm.dylib+0x45ab4e], sa_mask[0]=00100000000000000000000000000000, sa_flags=SA_RESTART|SA_SIGINFO
SIGHUP: [libjvm.dylib+0x459121], sa_mask[0]=11111111011111110111111111111111, sa_flags=SA_RESTART|SA_SIGINFO
SIGINT: [libjvm.dylib+0x459121], sa_mask[0]=11111111011111110111111111111111, sa_flags=SA_RESTART|SA_SIGINFO
SIGTERM: [libjvm.dylib+0x459121], sa_mask[0]=11111111011111110111111111111111, sa_flags=SA_RESTART|SA_SIGINFO
SIGQUIT: [libjvm.dylib+0x459121], sa_mask[0]=11111111011111110111111111111111, sa_flags=SA_RESTART|SA_SIGINFO


---------------  S Y S T E M  ---------------

OS:Bsduname:Darwin 14.3.0 Darwin Kernel Version 14.3.0: Mon Mar 23 20:23:44 PDT 2015; root:xnu-2782.20.48~8/RELEASE_X86_64 x86_64
rlimit: STACK 8192k, CORE 0k, NPROC 709, NOFILE 10240, AS infinity
load average:1.93 1.84 1.66

CPU:total 4 (2 cores per cpu, 2 threads per core) family 6 model 58 stepping 9, cmov, cx8, fxsr, mmx, sse, sse2, sse3, ssse3, sse4.1, sse4.2, popcnt, avx, clmul, erms, ht, tsc, tscinvbit, tscinv

Memory: 4k page, physical 4194304k(63532k free)

/proc/meminfo:


vm_info: Java HotSpot(TM) 64-Bit Server VM (25.25-b02) for bsd-amd64 JRE (1.8.0_25-b17), built on Sep 17 2014 16:56:50 by "java_re" with gcc 4.2.1 (Based on Apple Inc. build 5658) (LLVM build 2336.11.00)

time: Thu Oct 20 10:40:39 2016
elapsed time: 18 seconds (0d 0h 0m 18s)

