#
# A fatal error has been detected by the Java Runtime Environment:
#
#  SIGSEGV (0xb) at pc=0x00007fff8c7950dd, pid=27492, tid=1811
#
# JRE version: Java(TM) SE Runtime Environment (8.0_25-b17) (build 1.8.0_25-b17)
# Java VM: Java HotSpot(TM) 64-Bit Server VM (25.25-b02 mixed mode bsd-amd64 compressed oops)
# Problematic frame:
# C  [libobjc.A.dylib+0x10dd]  objc_msgSend+0x1d
#
# Failed to write core dump. Core dumps have been disabled. To enable core dumping, try "ulimit -c unlimited" before starting Java again
#
# If you would like to submit a bug report, please visit:
#   http://bugreport.sun.com/bugreport/crash.jsp
# The crash happened outside the Java Virtual Machine in native code.
# See problematic frame for where to report the bug.
#

---------------  T H R E A D  ---------------

Current thread (0x00007ffe73128000):  JavaThread "AppKit Thread" daemon [_thread_in_native, id=1811, stack(0x00007fff5865b000,0x00007fff58e5b000)]

siginfo: si_signo: 11 (SIGSEGV), si_code: 1 (SEGV_MAPERR), si_addr: 0x000007ffe71c11c8

Registers:
RAX=0x00007ffe71ca10a0, RBX=0x00007fff58e56928, RCX=0x0000000000000000, RDX=0x00007ffe71e7b130
RSP=0x00007fff58e56748, RBP=0x00007fff58e56750, RSI=0x00007fff8f9f5423, RDI=0x00007ffe71ca10a0
R8 =0x00007fff58e56730, R9 =0x0000000000000055, R10=0x00007fff8f9f5423, R11=0x000007ffe71c11b0
R12=0x00007ffe71c17b40, R13=0x00000000000f42f2, R14=0x00007ffe71eb0890, R15=0x00007fff58e56888
RIP=0x00007fff8c7950dd, EFLAGS=0x0000000000010202, ERR=0x0000000000000004
  TRAPNO=0x000000000000000e

Top of Stack: (sp=0x00007fff58e56748)
0x00007fff58e56748:   00007fff9aa8545c 00007fff58e56ab0
0x00007fff58e56758:   00007fff9a975634 00007fff58e567dc
0x00007fff58e56768:   00007fff58e567e0 00007fff58e567e4
0x00007fff58e56778:   00007fff7d898e00 ffffffffffffffff
0x00007fff58e56788:   00000000000007f8 00007fff7d898e18
0x00007fff58e56798:   00007ffe71eb0890 0000000000000000
0x00007fff58e567a8:   00007fff58e56880 0000000000000000
0x00007fff58e567b8:   00007ffe71ca6dd0 00007fff58e56900
0x00007fff58e567c8:   0000000000000055 00000000000f42f4
0x00007fff58e567d8:   00007ffe71e7b130 00007ffe71c4c180
0x00007fff58e567e8:   00007ffe71c17b40 0000000000000001
0x00007fff58e567f8:   00000000000f42f2 00007ffe71c17b30
0x00007fff58e56808:   00007fff99627c05 000000017bbfc070
0x00007fff58e56818:   00007fff7c7f70d0 0000000042000000
0x00007fff58e56828:   00007fff9962ee63 00007fff7d863240
0x00007fff58e56838:   00007fff58e56908 00007fff58e56860
0x00007fff58e56848:   00007fff58e56880 0000000000000000
0x00007fff58e56858:   0000000000000020 00053e038c7b597a
0x00007fff58e56868:   00007ffe71c17b64 0000000000000000
0x00007fff58e56878:   0000000000000000 00007ffe71ca6e50
0x00007fff58e56888:   00007ffe71eb0890 0000002000000000
0x00007fff58e56898:   0000000000000000 00007fff7c7f70d0
0x00007fff58e568a8:   0000000042000000 00007fff9962e4f8
0x00007fff58e568b8:   00007fff7d863350 00007fff58e56818
0x00007fff58e568c8:   0000000000000000 00007fff58e56998
0x00007fff58e568d8:   00007fff7bf80ea0 00007fff58e569d0
0x00007fff58e568e8:   00007fff8ff53edc 00007fff58e56980
0x00007fff58e568f8:   00007fff8f1295fd 0000000000000051
0x00007fff58e56908:   0000000000000000 00000000000f42e2
0x00007fff58e56918:   0000000000000053 0000000000000000
0x00007fff58e56928:   00000000000f42f2 00007fff58e569a4
0x00007fff58e56938:   00000000003e2b01 00000000ffffffff 

Instructions: (pc=0x00007fff8c7950dd)
0x00007fff8c7950bd:   00 00 00 48 85 ff 2e 74 7a 40 f6 c7 01 2e 75 7e
0x00007fff8c7950cd:   49 bb f8 ff ff ff ff 7f 00 00 4c 23 1f 49 89 f2
0x00007fff8c7950dd:   45 23 53 18 49 c1 e2 04 4d 03 53 10 49 3b 32 75
0x00007fff8c7950ed:   04 41 ff 62 08 49 83 3a 00 74 6a 4d 3b 53 10 74 

Register to memory mapping:

RAX=0x00007ffe71ca10a0 is an unknown value
RBX=0x00007fff58e56928 is pointing into the stack for thread: 0x00007ffe73128000
RCX=0x0000000000000000 is an unknown value
RDX=0x00007ffe71e7b130 is an unknown value
RSP=0x00007fff58e56748 is pointing into the stack for thread: 0x00007ffe73128000
RBP=0x00007fff58e56750 is pointing into the stack for thread: 0x00007ffe73128000
RSI=0x00007fff8f9f5423: -[NSTitlebarContainerView transparent]+0x5e307 in /System/Library/Frameworks/AppKit.framework/Versions/C/AppKit at 0x00007fff8eff4000
RDI=0x00007ffe71ca10a0 is an unknown value
R8 =0x00007fff58e56730 is pointing into the stack for thread: 0x00007ffe73128000
R9 =0x0000000000000055 is an unknown value
R10=0x00007fff8f9f5423: -[NSTitlebarContainerView transparent]+0x5e307 in /System/Library/Frameworks/AppKit.framework/Versions/C/AppKit at 0x00007fff8eff4000
R11=0x000007ffe71c11b0 is an unknown value
R12=0x00007ffe71c17b40 is an unknown value
R13=0x00000000000f42f2 is an unknown value
R14=0x00007ffe71eb0890 is an unknown value
R15=0x00007fff58e56888 is pointing into the stack for thread: 0x00007ffe73128000


Stack: [0x00007fff5865b000,0x00007fff58e5b000],  sp=0x00007fff58e56748,  free space=8173k
Native frames: (J=compiled Java code, j=interpreted, Vv=VM code, C=native code)
C  [libobjc.A.dylib+0x10dd]  objc_msgSend+0x1d
C  [CoreFoundation+0x10634]  _CFXNotificationPost+0xc44
C  [Foundation+0x79d1]  -[NSNotificationCenter postNotificationName:object:userInfo:]+0x42
C  [AppKit+0x43ac2]  -[NSSurface _disposeSurface]+0x98
C  [AppKit+0x43526]  -[NSSurface setWindow:]+0x42
C  [AppKit+0x33a10]  -[NSView _setWindow:]+0xa33
C  [AppKit+0x6b091]  -[NSView removeFromSuperview]+0x1c5
C  [AppKit+0x14bea9]  -[NSView removeFromSuperviewWithoutNeedingDisplay]+0x26
C  [liblwjgl.dylib+0xa205]  +[MacOSXKeyableWindow destroyWindow]+0xb5
C  [Foundation+0x92d00]  __NSThreadPerformPerform+0x125
C  [CoreFoundation+0x80a01]  __CFRUNLOOP_IS_CALLING_OUT_TO_A_SOURCE0_PERFORM_FUNCTION__+0x11
C  [CoreFoundation+0x72b8d]  __CFRunLoopDoSources0+0x10d
C  [CoreFoundation+0x721bf]  __CFRunLoopRun+0x39f
C  [CoreFoundation+0x71bd8]  CFRunLoopRunSpecific+0x128
C  [HIToolbox+0x3256f]  RunCurrentEventLoopInMode+0xeb
C  [HIToolbox+0x321ee]  ReceiveNextEventCommon+0xb3
C  [HIToolbox+0x3212b]  _BlockUntilNextEventMatchingListInModeWithFilter+0x47
C  [AppKit+0x919bb]  _DPSNextEvent+0x3d2
C  [AppKit+0x90f68]  -[NSApplication nextEventMatchingMask:untilDate:inMode:dequeue:]+0x15a
C  [libosxapp.dylib+0x242a]  -[NSApplicationAWT nextEventMatchingMask:untilDate:inMode:dequeue:]+0x7c
C  [AppKit+0x86bf3]  -[NSApplication run]+0x252
C  [libosxapp.dylib+0x223e]  +[NSApplicationAWT runAWTLoopWithApp:]+0x9c
C  [libawt_lwawt.dylib+0x4494f]  -[AWTStarter starter:]+0x389
C  [Foundation+0x92d00]  __NSThreadPerformPerform+0x125
C  [CoreFoundation+0x80a01]  __CFRUNLOOP_IS_CALLING_OUT_TO_A_SOURCE0_PERFORM_FUNCTION__+0x11
C  [CoreFoundation+0x72b8d]  __CFRunLoopDoSources0+0x10d
C  [CoreFoundation+0x721bf]  __CFRunLoopRun+0x39f
C  [CoreFoundation+0x71bd8]  CFRunLoopRunSpecific+0x128
C  [java+0x56cc]  CreateExecutionEnvironment+0x367
C  [java+0x165c]  JLI_Launch+0x7a0
C  [java+0x768a]  main+0x65
C  [java+0xeb4]  start+0x34
C  0x0000000000000006


---------------  P R O C E S S  ---------------

Java Threads: ( => current thread )
  0x00007ffe72abd800 JavaThread "AWT-Shutdown" [_thread_blocked, id=27927, stack(0x00000001a3461000,0x00000001a3561000)]
=>0x00007ffe73128000 JavaThread "AppKit Thread" daemon [_thread_in_native, id=1811, stack(0x00007fff5865b000,0x00007fff58e5b000)]
  0x00007ffe72033800 JavaThread "Service Thread" daemon [_thread_blocked, id=18179, stack(0x000000019e16d000,0x000000019e26d000)]
  0x00007ffe73065000 JavaThread "C1 CompilerThread2" daemon [_thread_blocked, id=17667, stack(0x000000019e06a000,0x000000019e16a000)]
  0x00007ffe73064000 JavaThread "C2 CompilerThread1" daemon [_thread_blocked, id=17155, stack(0x000000019df67000,0x000000019e067000)]
  0x00007ffe7304f800 JavaThread "C2 CompilerThread0" daemon [_thread_blocked, id=16643, stack(0x000000019de64000,0x000000019df64000)]
  0x00007ffe7203e000 JavaThread "Signal Dispatcher" daemon [_thread_blocked, id=12567, stack(0x000000019dd61000,0x000000019de61000)]
  0x00007ffe7304e800 JavaThread "Finalizer" daemon [_thread_blocked, id=11523, stack(0x000000019c346000,0x000000019c446000)]
  0x00007ffe7304d800 JavaThread "Reference Handler" daemon [_thread_blocked, id=11011, stack(0x000000019c243000,0x000000019c343000)]
  0x00007ffe72806000 JavaThread "main" [_thread_in_native, id=4867, stack(0x0000000106ebb000,0x0000000106fbb000)]

Other Threads:
  0x00007ffe73049000 VMThread [stack: 0x000000019c140000,0x000000019c240000] [id=10499]
  0x00007ffe7201e800 WatcherThread [stack: 0x000000019e270000,0x000000019e370000] [id=18691]

VM state:not at safepoint (normal execution)

VM Mutex/Monitor currently owned by a thread: None

Heap:
 PSYoungGen      total 18944K, used 10266K [0x0000000142900000, 0x0000000143e00000, 0x0000000157e00000)
  eden space 16384K, 54% used [0x0000000142900000,0x00000001431ca898,0x0000000143900000)
  from space 2560K, 49% used [0x0000000143b80000,0x0000000143cbc030,0x0000000143e00000)
  to   space 2560K, 0% used [0x0000000143900000,0x0000000143900000,0x0000000143b80000)
 ParOldGen       total 105472K, used 79219K [0x0000000117e00000, 0x000000011e500000, 0x0000000142900000)
  object space 105472K, 75% used [0x0000000117e00000,0x000000011cb5cc50,0x000000011e500000)
 Metaspace       used 8680K, capacity 8841K, committed 8960K, reserved 1056768K
  class space    used 877K, capacity 919K, committed 1024K, reserved 1048576K

Card table byte_map: [0x0000000157e00000,0x0000000158001000] byte_map_base: 0x0000000157541000

Marking Bits: (ParMarkBitMap*) 0x000000010809d390
 Begin Bits: [0x0000000158460000, 0x0000000159460000)
 End Bits:   [0x0000000159460000, 0x000000015a460000)

Polling page: 0x0000000106fff000

CodeCache: size=245760Kb used=4362Kb max_used=4373Kb free=241397Kb
 bounds [0x000000010872e000, 0x0000000108b7e000, 0x000000011772e000]
 total_blobs=1518 nmethods=1102 adapters=331
 compilation: enabled

Compilation events (10 events):
Event: 37.445 Thread 0x00007ffe73065000 1098       3       java.nio.HeapByteBuffer::getLong (19 bytes)
Event: 37.445 Thread 0x00007ffe73065000 nmethod 1098 0x0000000108b5ee10 code [0x0000000108b5efc0, 0x0000000108b5f368]
Event: 37.445 Thread 0x00007ffe73065000 1099       3       java.nio.Bits::getLong (18 bytes)
Event: 37.446 Thread 0x00007ffe73065000 nmethod 1099 0x0000000108b5e9d0 code [0x0000000108b5eb40, 0x0000000108b5ed38]
Event: 43.850 Thread 0x00007ffe73065000 1100       3       org.newdawn.slick.state.StateBasedGame::isAcceptingInput (19 bytes)
Event: 43.850 Thread 0x00007ffe73065000 nmethod 1100 0x0000000108b53610 code [0x0000000108b537a0, 0x0000000108b53b08]
Event: 43.901 Thread 0x00007ffe73065000 1101       3       org.newdawn.slick.state.BasicGameState::isAcceptingInput (2 bytes)
Event: 43.901 Thread 0x00007ffe73065000 nmethod 1101 0x0000000108b5e690 code [0x0000000108b5e7e0, 0x0000000108b5e930]
Event: 44.804 Thread 0x00007ffe73064000 1102       4       java.nio.DirectByteBuffer::put (18 bytes)
Event: 44.805 Thread 0x00007ffe73064000 nmethod 1102 0x0000000108b1ac90 code [0x0000000108b1ade0, 0x0000000108b1ae78]

GC Heap History (4 events):
Event: 1.431 GC heap before
{Heap before GC invocations=1 (full 0):
 PSYoungGen      total 18944K, used 14483K [0x0000000142900000, 0x0000000143e00000, 0x0000000157e00000)
  eden space 16384K, 88% used [0x0000000142900000,0x0000000143724e70,0x0000000143900000)
  from space 2560K, 0% used [0x0000000143b80000,0x0000000143b80000,0x0000000143e00000)
  to   space 2560K, 0% used [0x0000000143900000,0x0000000143900000,0x0000000143b80000)
 ParOldGen       total 44032K, used 0K [0x0000000117e00000, 0x000000011a900000, 0x0000000142900000)
  object space 44032K, 0% used [0x0000000117e00000,0x0000000117e00000,0x000000011a900000)
 Metaspace       used 8344K, capacity 8521K, committed 8704K, reserved 1056768K
  class space    used 864K, capacity 919K, committed 1024K, reserved 1048576K
Event: 1.438 GC heap after
Heap after GC invocations=1 (full 0):
 PSYoungGen      total 18944K, used 2546K [0x0000000142900000, 0x0000000143e00000, 0x0000000157e00000)
  eden space 16384K, 0% used [0x0000000142900000,0x0000000142900000,0x0000000143900000)
  from space 2560K, 99% used [0x0000000143900000,0x0000000143b7ca90,0x0000000143b80000)
  to   space 2560K, 0% used [0x0000000143b80000,0x0000000143b80000,0x0000000143e00000)
 ParOldGen       total 44032K, used 2281K [0x0000000117e00000, 0x000000011a900000, 0x0000000142900000)
  object space 44032K, 5% used [0x0000000117e00000,0x000000011803a748,0x000000011a900000)
 Metaspace       used 8344K, capacity 8521K, committed 8704K, reserved 1056768K
  class space    used 864K, capacity 919K, committed 1024K, reserved 1048576K
}
Event: 4.791 GC heap before
{Heap before GC invocations=2 (full 0):
 PSYoungGen      total 18944K, used 18930K [0x0000000142900000, 0x0000000143e00000, 0x0000000157e00000)
  eden space 16384K, 100% used [0x0000000142900000,0x0000000143900000,0x0000000143900000)
  from space 2560K, 99% used [0x0000000143900000,0x0000000143b7ca90,0x0000000143b80000)
  to   space 2560K, 0% used [0x0000000143b80000,0x0000000143b80000,0x0000000143e00000)
 ParOldGen       total 105472K, used 79211K [0x0000000117e00000, 0x000000011e500000, 0x0000000142900000)
  object space 105472K, 75% used [0x0000000117e00000,0x000000011cb5ac50,0x000000011e500000)
 Metaspace       used 8568K, capacity 8713K, committed 8960K, reserved 1056768K
  class space    used 873K, capacity 919K, committed 1024K, reserved 1048576K
Event: 4.794 GC heap after
Heap after GC invocations=2 (full 0):
 PSYoungGen      total 18944K, used 1264K [0x0000000142900000, 0x0000000143e00000, 0x0000000157e00000)
  eden space 16384K, 0% used [0x0000000142900000,0x0000000142900000,0x0000000143900000)
  from space 2560K, 49% used [0x0000000143b80000,0x0000000143cbc030,0x0000000143e00000)
  to   space 2560K, 0% used [0x0000000143900000,0x0000000143900000,0x0000000143b80000)
 ParOldGen       total 105472K, used 79219K [0x0000000117e00000, 0x000000011e500000, 0x0000000142900000)
  object space 105472K, 75% used [0x0000000117e00000,0x000000011cb5cc50,0x000000011e500000)
 Metaspace       used 8568K, capacity 8713K, committed 8960K, reserved 1056768K
  class space    used 873K, capacity 919K, committed 1024K, reserved 1048576K
}

Deoptimization events (5 events):
Event: 2.987 Thread 0x00007ffe72806000 Uncommon trap: reason=unreached action=reinterpret pc=0x00000001089e1e5c method=com.jcraft.jorbis.Mapping0.inverse(Lcom/jcraft/jorbis/Block;Ljava/lang/Object;)I @ 207
Event: 2.987 Thread 0x00007ffe72806000 Uncommon trap: reason=unreached action=reinterpret pc=0x00000001089ef8e8 method=com.jcraft.jorbis.Floor1.inverse2(Lcom/jcraft/jorbis/Block;Ljava/lang/Object;Ljava/lang/Object;[F)I @ 33
Event: 2.989 Thread 0x00007ffe72806000 Uncommon trap: reason=unloaded action=reinterpret pc=0x00000001089f147c method=org.newdawn.slick.openal.OggDecoder.getData(Ljava/io/InputStream;)Lorg/newdawn/slick/openal/OggData; @ 52
Event: 28.599 Thread 0x00007ffe720f4000 Uncommon trap: reason=unreached action=reinterpret pc=0x0000000108b21f38 method=java.util.HashMap.keySet()Ljava/util/Set; @ 6
Event: 28.599 Thread 0x00007ffe720f4000 Uncommon trap: reason=unreached action=reinterpret pc=0x0000000108b33808 method=java.util.HashMap$HashIterator.<init>(Ljava/util/HashMap;)V @ 38

Internal exceptions (10 events):
Event: 1.215 Thread 0x00007ffe72806000 Exception <a 'java/security/PrivilegedActionException'> (0x00000001434e4f58) thrown at [/HUDSON3/workspace/8-2-build-macosx-x86_64/jdk8u25/1514/hotspot/src/share/vm/prims/jvm.cpp, line 1312]
Event: 1.216 Thread 0x00007ffe72806000 Exception <a 'java/security/PrivilegedActionException'> (0x00000001434e9050) thrown at [/HUDSON3/workspace/8-2-build-macosx-x86_64/jdk8u25/1514/hotspot/src/share/vm/prims/jvm.cpp, line 1312]
Event: 1.216 Thread 0x00007ffe72806000 Exception <a 'java/security/PrivilegedActionException'> (0x00000001434ed508) thrown at [/HUDSON3/workspace/8-2-build-macosx-x86_64/jdk8u25/1514/hotspot/src/share/vm/prims/jvm.cpp, line 1312]
Event: 1.275 Thread 0x00007ffe72806000 Exception <a 'java/security/PrivilegedActionException'> (0x000000014350cf40) thrown at [/HUDSON3/workspace/8-2-build-macosx-x86_64/jdk8u25/1514/hotspot/src/share/vm/prims/jvm.cpp, line 1312]
Event: 2.987 Thread 0x00007ffe72806000 Implicit null exception at 0x00000001089ef210 to 0x00000001089ef8c9
Event: 3.052 Thread 0x00007ffe72806000 Exception <a 'java/security/PrivilegedActionException'> (0x000000014386ce68) thrown at [/HUDSON3/workspace/8-2-build-macosx-x86_64/jdk8u25/1514/hotspot/src/share/vm/prims/jvm.cpp, line 1312]
Event: 3.093 Thread 0x00007ffe72806000 Exception <a 'java/security/PrivilegedActionException'> (0x00000001438799b8) thrown at [/HUDSON3/workspace/8-2-build-macosx-x86_64/jdk8u25/1514/hotspot/src/share/vm/prims/jvm.cpp, line 1312]
Event: 3.111 Thread 0x00007ffe72806000 Exception <a 'java/security/PrivilegedActionException'> (0x00000001438a5af8) thrown at [/HUDSON3/workspace/8-2-build-macosx-x86_64/jdk8u25/1514/hotspot/src/share/vm/prims/jvm.cpp, line 1312]
Event: 28.599 Thread 0x00007ffe720f4000 Implicit null exception at 0x0000000108b335bf to 0x0000000108b337ed
Event: 44.803 Thread 0x00007ffe72806000 Exception <a 'java/security/PrivilegedActionException'> (0x000000014319cbb8) thrown at [/HUDSON3/workspace/8-2-build-macosx-x86_64/jdk8u25/1514/hotspot/src/share/vm/prims/jvm.cpp, line 1312]

Events (10 events):
Event: 28.599 Thread 0x00007ffe720f4000 Uncommon trap: trap_request=0xffffffad fr.pc=0x0000000108b21f38
Event: 28.599 Thread 0x00007ffe720f4000 DEOPT PACKING pc=0x0000000108b21f38 sp=0x000000019fce8780
Event: 28.599 Thread 0x00007ffe720f4000 DEOPT UNPACKING pc=0x0000000108732f69 sp=0x000000019fce8738 mode 2
Event: 28.599 Thread 0x00007ffe720f4000 Uncommon trap: trap_request=0xffffffad fr.pc=0x0000000108b33808
Event: 28.599 Thread 0x00007ffe720f4000 DEOPT PACKING pc=0x0000000108b33808 sp=0x000000019fce8770
Event: 28.599 Thread 0x00007ffe720f4000 DEOPT UNPACKING pc=0x0000000108732f69 sp=0x000000019fce8670 mode 2
Event: 28.599 Thread 0x00007ffe720f4000 Thread exited: 0x00007ffe720f4000
Event: 32.612 Thread 0x00007ffe72abd800 Thread added: 0x00007ffe72abd800
Event: 44.803 loading class org/lwjgl/opengl/CallbackUtil
Event: 44.803 loading class org/lwjgl/opengl/CallbackUtil done


Dynamic libraries:
0x000000000b5c6000 	/System/Library/Frameworks/Cocoa.framework/Versions/A/Cocoa
0x000000000b5c6000 	/System/Library/Frameworks/Security.framework/Versions/A/Security
0x000000000b5c6000 	/System/Library/Frameworks/ApplicationServices.framework/Versions/A/ApplicationServices
0x000000000b5c6000 	/usr/lib/libz.1.dylib
0x000000000b5c6000 	/usr/lib/libSystem.B.dylib
0x000000000b5c6000 	/usr/lib/libobjc.A.dylib
0x000000000b5c6000 	/System/Library/Frameworks/CoreFoundation.framework/Versions/A/CoreFoundation
0x000000000b5c6000 	/System/Library/Frameworks/Foundation.framework/Versions/C/Foundation
0x000000000b5c6000 	/System/Library/Frameworks/AppKit.framework/Versions/C/AppKit
0x000000000b5c6000 	/System/Library/Frameworks/CoreData.framework/Versions/A/CoreData
0x000000000b5c6000 	/System/Library/PrivateFrameworks/RemoteViewServices.framework/Versions/A/RemoteViewServices
0x000000000b5c6000 	/System/Library/PrivateFrameworks/UIFoundation.framework/Versions/A/UIFoundation
0x000000000b5c6000 	/System/Library/Frameworks/IOSurface.framework/Versions/A/IOSurface
0x000000000b5c6000 	/System/Library/Frameworks/AudioToolbox.framework/Versions/A/AudioToolbox
0x000000000b5c6000 	/System/Library/Frameworks/AudioUnit.framework/Versions/A/AudioUnit
0x000000000b5c6000 	/System/Library/PrivateFrameworks/DataDetectorsCore.framework/Versions/A/DataDetectorsCore
0x000000000b5c6000 	/System/Library/PrivateFrameworks/DesktopServicesPriv.framework/Versions/A/DesktopServicesPriv
0x000000000b5c6000 	/System/Library/Frameworks/Carbon.framework/Versions/A/Frameworks/HIToolbox.framework/Versions/A/HIToolbox
0x000000000b5c6000 	/System/Library/Frameworks/QuartzCore.framework/Versions/A/QuartzCore
0x000000000b5c6000 	/System/Library/Frameworks/Carbon.framework/Versions/A/Frameworks/SpeechRecognition.framework/Versions/A/SpeechRecognition
0x000000000b5c6000 	/usr/lib/libauto.dylib
0x000000000b5c6000 	/usr/lib/libicucore.A.dylib
0x000000000b5c6000 	/usr/lib/libxml2.2.dylib
0x000000000b5c6000 	/System/Library/PrivateFrameworks/CoreUI.framework/Versions/A/CoreUI
0x000000000b5c6000 	/System/Library/Frameworks/CoreAudio.framework/Versions/A/CoreAudio
0x000000000b5c6000 	/System/Library/Frameworks/DiskArbitration.framework/Versions/A/DiskArbitration
0x000000000b5c6000 	/usr/lib/liblangid.dylib
0x000000000b5c6000 	/System/Library/PrivateFrameworks/MultitouchSupport.framework/Versions/A/MultitouchSupport
0x000000000b5c6000 	/System/Library/Frameworks/IOKit.framework/Versions/A/IOKit
0x000000000b5c6000 	/usr/lib/libDiagnosticMessagesClient.dylib
0x000000000b5c6000 	/System/Library/Frameworks/CoreServices.framework/Versions/A/CoreServices
0x000000000b5c6000 	/System/Library/PrivateFrameworks/PerformanceAnalysis.framework/Versions/A/PerformanceAnalysis
0x000000000b5c6000 	/System/Library/PrivateFrameworks/GenerationalStorage.framework/Versions/A/GenerationalStorage
0x000000000b5c6000 	/System/Library/Frameworks/OpenGL.framework/Versions/A/OpenGL
0x000000000b5c6000 	/System/Library/PrivateFrameworks/Sharing.framework/Versions/A/Sharing
0x000000000b5c6000 	/System/Library/Frameworks/CoreGraphics.framework/Versions/A/CoreGraphics
0x000000000b5c6000 	/System/Library/Frameworks/CoreText.framework/Versions/A/CoreText
0x000000000b5c6000 	/System/Library/Frameworks/ImageIO.framework/Versions/A/ImageIO
0x000000000b5c6000 	/usr/lib/libextension.dylib
0x000000000b5c6000 	/System/Library/PrivateFrameworks/Backup.framework/Versions/A/Backup
0x000000000b5c6000 	/usr/lib/libarchive.2.dylib
0x000000000b5c6000 	/System/Library/Frameworks/CFNetwork.framework/Versions/A/CFNetwork
0x000000000b5c6000 	/System/Library/Frameworks/SystemConfiguration.framework/Versions/A/SystemConfiguration
0x000000000b5c6000 	/usr/lib/libCRFSuite.dylib
0x000000000b5c6000 	/usr/lib/libc++.1.dylib
0x000000000b5c6000 	/usr/lib/libc++abi.dylib
0x000000000b5c6000 	/usr/lib/system/libcache.dylib
0x000000000b5c6000 	/usr/lib/system/libcommonCrypto.dylib
0x000000000b5c6000 	/usr/lib/system/libcompiler_rt.dylib
0x000000000b5c6000 	/usr/lib/system/libcopyfile.dylib
0x000000000b5c6000 	/usr/lib/system/libcorecrypto.dylib
0x000000000b5c6000 	/usr/lib/system/libdispatch.dylib
0x000000000b5c6000 	/usr/lib/system/libdyld.dylib
0x000000000b5c6000 	/usr/lib/system/libkeymgr.dylib
0x000000000b5c6000 	/usr/lib/system/liblaunch.dylib
0x000000000b5c6000 	/usr/lib/system/libmacho.dylib
0x000000000b5c6000 	/usr/lib/system/libquarantine.dylib
0x000000000b5c6000 	/usr/lib/system/libremovefile.dylib
0x000000000b5c6000 	/usr/lib/system/libsystem_asl.dylib
0x000000000b5c6000 	/usr/lib/system/libsystem_blocks.dylib
0x000000000b5c6000 	/usr/lib/system/libsystem_c.dylib
0x000000000b5c6000 	/usr/lib/system/libsystem_configuration.dylib
0x000000000b5c6000 	/usr/lib/system/libsystem_coreservices.dylib
0x000000000b5c6000 	/usr/lib/system/libsystem_coretls.dylib
0x000000000b5c6000 	/usr/lib/system/libsystem_dnssd.dylib
0x000000000b5c6000 	/usr/lib/system/libsystem_info.dylib
0x000000000b5c6000 	/usr/lib/system/libsystem_kernel.dylib
0x000000000b5c6000 	/usr/lib/system/libsystem_m.dylib
0x000000000b5c6000 	/usr/lib/system/libsystem_malloc.dylib
0x000000000b5c6000 	/usr/lib/system/libsystem_network.dylib
0x000000000b5c6000 	/usr/lib/system/libsystem_networkextension.dylib
0x000000000b5c6000 	/usr/lib/system/libsystem_notify.dylib
0x000000000b5c6000 	/usr/lib/system/libsystem_platform.dylib
0x000000000b5c6000 	/usr/lib/system/libsystem_pthread.dylib
0x000000000b5c6000 	/usr/lib/system/libsystem_sandbox.dylib
0x000000000b5c6000 	/usr/lib/system/libsystem_secinit.dylib
0x000000000b5c6000 	/usr/lib/system/libsystem_stats.dylib
0x000000000b5c6000 	/usr/lib/system/libsystem_trace.dylib
0x000000000b5c6000 	/usr/lib/system/libunc.dylib
0x000000000b5c6000 	/usr/lib/system/libunwind.dylib
0x000000000b5c6000 	/usr/lib/system/libxpc.dylib
0x000000000b5c6000 	/usr/lib/libbz2.1.0.dylib
0x000000000b5c6000 	/usr/lib/liblzma.5.dylib
0x000000000b5c6000 	/usr/lib/libbsm.0.dylib
0x000000000b5c6000 	/usr/lib/libsqlite3.dylib
0x000000000b5c6000 	/usr/lib/system/libkxld.dylib
0x000000000b5c6000 	/usr/lib/libxar.1.dylib
0x000000000b5c6000 	/usr/lib/libpam.2.dylib
0x000000000b5c6000 	/usr/lib/libOpenScriptingUtil.dylib
0x000000000b5c6000 	/System/Library/Frameworks/CoreServices.framework/Versions/A/Frameworks/FSEvents.framework/Versions/A/FSEvents
0x000000000b5c6000 	/System/Library/Frameworks/CoreServices.framework/Versions/A/Frameworks/CarbonCore.framework/Versions/A/CarbonCore
0x000000000b5c6000 	/System/Library/Frameworks/CoreServices.framework/Versions/A/Frameworks/Metadata.framework/Versions/A/Metadata
0x000000000b5c6000 	/System/Library/Frameworks/CoreServices.framework/Versions/A/Frameworks/OSServices.framework/Versions/A/OSServices
0x000000000b5c6000 	/System/Library/Frameworks/CoreServices.framework/Versions/A/Frameworks/SearchKit.framework/Versions/A/SearchKit
0x000000000b5c6000 	/System/Library/Frameworks/CoreServices.framework/Versions/A/Frameworks/AE.framework/Versions/A/AE
0x000000000b5c6000 	/System/Library/Frameworks/CoreServices.framework/Versions/A/Frameworks/LaunchServices.framework/Versions/A/LaunchServices
0x000000000b5c6000 	/System/Library/Frameworks/CoreServices.framework/Versions/A/Frameworks/DictionaryServices.framework/Versions/A/DictionaryServices
0x000000000b5c6000 	/System/Library/Frameworks/NetFS.framework/Versions/A/NetFS
0x000000000b5c6000 	/System/Library/PrivateFrameworks/NetAuth.framework/Versions/A/NetAuth
0x000000000b5c6000 	/System/Library/PrivateFrameworks/login.framework/Versions/A/Frameworks/loginsupport.framework/Versions/A/loginsupport
0x000000000b5c6000 	/System/Library/PrivateFrameworks/TCC.framework/Versions/A/TCC
0x000000000b5c6000 	/usr/lib/libmecabra.dylib
0x000000000b5c6000 	/System/Library/Frameworks/ApplicationServices.framework/Versions/A/Frameworks/ATS.framework/Versions/A/ATS
0x000000000b5c6000 	/System/Library/Frameworks/ApplicationServices.framework/Versions/A/Frameworks/ColorSync.framework/Versions/A/ColorSync
0x000000000b5c6000 	/System/Library/Frameworks/ApplicationServices.framework/Versions/A/Frameworks/HIServices.framework/Versions/A/HIServices
0x000000000b5c6000 	/System/Library/Frameworks/ApplicationServices.framework/Versions/A/Frameworks/LangAnalysis.framework/Versions/A/LangAnalysis
0x000000000b5c6000 	/System/Library/Frameworks/ApplicationServices.framework/Versions/A/Frameworks/PrintCore.framework/Versions/A/PrintCore
0x000000000b5c6000 	/System/Library/Frameworks/ApplicationServices.framework/Versions/A/Frameworks/QD.framework/Versions/A/QD
0x000000000b5c6000 	/System/Library/Frameworks/ApplicationServices.framework/Versions/A/Frameworks/SpeechSynthesis.framework/Versions/A/SpeechSynthesis
0x000000000b5c6000 	/System/Library/Frameworks/Accelerate.framework/Versions/A/Accelerate
0x000000000b5c6000 	/System/Library/Frameworks/Accelerate.framework/Versions/A/Frameworks/vImage.framework/Versions/A/vImage
0x000000000b5c6000 	/System/Library/Frameworks/Accelerate.framework/Versions/A/Frameworks/vecLib.framework/Versions/A/vecLib
0x000000000b5c6000 	/System/Library/Frameworks/Accelerate.framework/Versions/A/Frameworks/vecLib.framework/Versions/A/libvDSP.dylib
0x000000000b5c6000 	/System/Library/Frameworks/Accelerate.framework/Versions/A/Frameworks/vecLib.framework/Versions/A/libvMisc.dylib
0x000000000b5c6000 	/System/Library/Frameworks/Accelerate.framework/Versions/A/Frameworks/vecLib.framework/Versions/A/libLAPACK.dylib
0x000000000b5c6000 	/System/Library/Frameworks/Accelerate.framework/Versions/A/Frameworks/vecLib.framework/Versions/A/libBLAS.dylib
0x000000000b5c6000 	/System/Library/Frameworks/Accelerate.framework/Versions/A/Frameworks/vecLib.framework/Versions/A/libLinearAlgebra.dylib
0x000000000b5c6000 	/System/Library/Frameworks/ApplicationServices.framework/Versions/A/Frameworks/ATS.framework/Versions/A/Resources/libFontParser.dylib
0x000000000b5c6000 	/System/Library/Frameworks/ApplicationServices.framework/Versions/A/Frameworks/ATS.framework/Versions/A/Resources/libFontRegistry.dylib
0x000000000b5c6000 	/System/Library/PrivateFrameworks/AppleVPA.framework/Versions/A/AppleVPA
0x000000000b5c6000 	/System/Library/PrivateFrameworks/AppleJPEG.framework/Versions/A/AppleJPEG
0x000000000b5c6000 	/System/Library/Frameworks/ImageIO.framework/Versions/A/Resources/libJPEG.dylib
0x000000000b5c6000 	/System/Library/Frameworks/ImageIO.framework/Versions/A/Resources/libTIFF.dylib
0x000000000b5c6000 	/System/Library/Frameworks/ImageIO.framework/Versions/A/Resources/libPng.dylib
0x000000000b5c6000 	/System/Library/Frameworks/ImageIO.framework/Versions/A/Resources/libGIF.dylib
0x000000000b5c6000 	/System/Library/Frameworks/ImageIO.framework/Versions/A/Resources/libJP2.dylib
0x000000000b5c6000 	/System/Library/Frameworks/ImageIO.framework/Versions/A/Resources/libRadiance.dylib
0x000000000b5c6000 	/System/Library/Frameworks/CoreVideo.framework/Versions/A/CoreVideo
0x000000000b5c6000 	/System/Library/Frameworks/OpenGL.framework/Versions/A/Libraries/libGLU.dylib
0x000000000b5c6000 	/System/Library/Frameworks/OpenGL.framework/Versions/A/Libraries/libGFXShared.dylib
0x000000000b5c6000 	/System/Library/Frameworks/OpenGL.framework/Versions/A/Libraries/libGL.dylib
0x000000000b5c6000 	/System/Library/Frameworks/OpenGL.framework/Versions/A/Libraries/libGLImage.dylib
0x000000000b5c6000 	/System/Library/Frameworks/OpenGL.framework/Versions/A/Libraries/libCVMSPluginSupport.dylib
0x000000000b5c6000 	/System/Library/Frameworks/OpenGL.framework/Versions/A/Libraries/libCoreVMClient.dylib
0x000000000b5c6000 	/usr/lib/libcups.2.dylib
0x000000000b5c6000 	/System/Library/Frameworks/Kerberos.framework/Versions/A/Kerberos
0x000000000b5c6000 	/System/Library/Frameworks/GSS.framework/Versions/A/GSS
0x000000000b5c6000 	/usr/lib/libresolv.9.dylib
0x000000000b5c6000 	/usr/lib/libiconv.2.dylib
0x000000000b5c6000 	/System/Library/PrivateFrameworks/Heimdal.framework/Versions/A/Heimdal
0x000000000b5c6000 	/usr/lib/libheimdal-asn1.dylib
0x000000000b5c6000 	/System/Library/Frameworks/OpenDirectory.framework/Versions/A/OpenDirectory
0x000000000b5c6000 	/System/Library/PrivateFrameworks/CommonAuth.framework/Versions/A/CommonAuth
0x000000000b5c6000 	/System/Library/Frameworks/OpenDirectory.framework/Versions/A/Frameworks/CFOpenDirectory.framework/Versions/A/CFOpenDirectory
0x000000000b5c6000 	/System/Library/Frameworks/SecurityFoundation.framework/Versions/A/SecurityFoundation
0x000000000b5c6000 	/System/Library/PrivateFrameworks/LanguageModeling.framework/Versions/A/LanguageModeling
0x000000000b5c6000 	/usr/lib/libcmph.dylib
0x000000000b5c6000 	/System/Library/Frameworks/ServiceManagement.framework/Versions/A/ServiceManagement
0x000000000b5c6000 	/usr/lib/libxslt.1.dylib
0x000000000b5c6000 	/System/Library/Frameworks/Carbon.framework/Versions/A/Frameworks/Ink.framework/Versions/A/Ink
0x000000000b5c6000 	/System/Library/Frameworks/QuartzCore.framework/Versions/A/Frameworks/CoreImage.framework/Versions/A/CoreImage
0x000000000b5c6000 	/System/Library/PrivateFrameworks/CrashReporterSupport.framework/Versions/A/CrashReporterSupport
0x000000000b5c6000 	/System/Library/Frameworks/OpenCL.framework/Versions/A/OpenCL
0x000000000b5c6000 	/System/Library/PrivateFrameworks/FaceCore.framework/Versions/A/FaceCore
0x000000000b5c6000 	/System/Library/PrivateFrameworks/Ubiquity.framework/Versions/A/Ubiquity
0x000000000b5c6000 	/System/Library/PrivateFrameworks/IconServices.framework/Versions/A/IconServices
0x000000000b5c6000 	/System/Library/PrivateFrameworks/ChunkingLibrary.framework/Versions/A/ChunkingLibrary
0x000000000b5c6000 	/System/Library/PrivateFrameworks/Apple80211.framework/Versions/A/Apple80211
0x000000000b5c6000 	/System/Library/Frameworks/CoreWLAN.framework/Versions/A/CoreWLAN
0x000000000b5c6000 	/System/Library/Frameworks/IOBluetooth.framework/Versions/A/IOBluetooth
0x000000000b5c6000 	/System/Library/PrivateFrameworks/CoreWiFi.framework/Versions/A/CoreWiFi
0x000000000b5c6000 	/System/Library/Frameworks/CoreBluetooth.framework/Versions/A/CoreBluetooth
0x000000000b5c6000 	/System/Library/PrivateFrameworks/DebugSymbols.framework/Versions/A/DebugSymbols
0x000000000b5c6000 	/System/Library/PrivateFrameworks/CoreSymbolication.framework/Versions/A/CoreSymbolication
0x000000000b5c6000 	/System/Library/PrivateFrameworks/Symbolication.framework/Versions/A/Symbolication
0x000000000b5c6000 	/System/Library/PrivateFrameworks/SpeechRecognitionCore.framework/Versions/A/SpeechRecognitionCore
0x0000000107800000 	/Library/Java/JavaVirtualMachines/jdk1.8.0_25.jdk/Contents/Home/jre/lib/server/libjvm.dylib
0x000000000b5c6000 	/usr/lib/libstdc++.6.dylib
0x0000000106fbd000 	/Library/Java/JavaVirtualMachines/jdk1.8.0_25.jdk/Contents/Home/jre/lib/libverify.dylib
0x0000000106fcb000 	/Library/Java/JavaVirtualMachines/jdk1.8.0_25.jdk/Contents/Home/jre/lib/libjava.dylib
0x0000000108725000 	/Library/Java/JavaVirtualMachines/jdk1.8.0_25.jdk/Contents/Home/jre/lib/libzip.dylib
0x000000019c448000 	/System/Library/Frameworks/JavaVM.framework/Frameworks/JavaRuntimeSupport.framework/JavaRuntimeSupport
0x000000019c463000 	/System/Library/Frameworks/JavaVM.framework/Versions/A/Frameworks/JavaNativeFoundation.framework/Versions/A/JavaNativeFoundation
0x0000000117bf2000 	/System/Library/Frameworks/JavaVM.framework/Versions/A/JavaVM
0x000000000b5c6000 	/System/Library/Frameworks/Carbon.framework/Versions/A/Carbon
0x000000019c478000 	/System/Library/PrivateFrameworks/JavaLaunching.framework/Versions/A/JavaLaunching
0x000000000b5c6000 	/System/Library/Frameworks/Carbon.framework/Versions/A/Frameworks/CommonPanels.framework/Versions/A/CommonPanels
0x000000000b5c6000 	/System/Library/Frameworks/Carbon.framework/Versions/A/Frameworks/Help.framework/Versions/A/Help
0x000000000b5c6000 	/System/Library/Frameworks/Carbon.framework/Versions/A/Frameworks/ImageCapture.framework/Versions/A/ImageCapture
0x000000000b5c6000 	/System/Library/Frameworks/Carbon.framework/Versions/A/Frameworks/OpenScripting.framework/Versions/A/OpenScripting
0x000000000b5c6000 	/System/Library/Frameworks/Carbon.framework/Versions/A/Frameworks/Print.framework/Versions/A/Print
0x000000000b5c6000 	/System/Library/Frameworks/Carbon.framework/Versions/A/Frameworks/SecurityHI.framework/Versions/A/SecurityHI
0x000000019e3cf000 	/Library/Java/JavaVirtualMachines/jdk1.8.0_25.jdk/Contents/Home/jre/lib/libawt.dylib
0x000000019e47e000 	/Library/Java/JavaVirtualMachines/jdk1.8.0_25.jdk/Contents/Home/jre/lib/./libmlib_image.dylib
0x000000019e54a000 	/Library/Java/JavaVirtualMachines/jdk1.8.0_25.jdk/Contents/Home/jre/lib/libawt_lwawt.dylib
0x000000019e5fd000 	/Library/Java/JavaVirtualMachines/jdk1.8.0_25.jdk/Contents/Home/jre/lib/./libosxapp.dylib
0x000000000b5c6000 	/System/Library/Frameworks/ExceptionHandling.framework/Versions/A/ExceptionHandling
0x000000000b5c6000 	/System/Library/PrivateFrameworks/CoreServicesInternal.framework/Versions/A/CoreServicesInternal
0x000000000b5c6000 	/System/Library/PrivateFrameworks/CloudDocs.framework/Versions/A/CloudDocs
0x000000000b5c6000 	/System/Library/PrivateFrameworks/CoreDuet.framework/Versions/A/CoreDuet
0x000000000b5c6000 	/System/Library/Frameworks/CloudKit.framework/Versions/A/CloudKit
0x000000000b5c6000 	/System/Library/PrivateFrameworks/ProtocolBuffer.framework/Versions/A/ProtocolBuffer
0x000000000b5c6000 	/System/Library/PrivateFrameworks/CoreDuetDaemonProtocol.framework/Versions/A/CoreDuetDaemonProtocol
0x000000000b5c6000 	/System/Library/PrivateFrameworks/CoreDuetDebugLogging.framework/Versions/A/CoreDuetDebugLogging
0x000000000b5c6000 	/System/Library/PrivateFrameworks/MMCS.framework/Versions/A/MMCS
0x000000000b5c6000 	/System/Library/Frameworks/CoreLocation.framework/Versions/A/CoreLocation
0x000000000b5c6000 	/System/Library/PrivateFrameworks/ProtectedCloudStorage.framework/Versions/A/ProtectedCloudStorage
0x000000000b5c6000 	/System/Library/PrivateFrameworks/GeoServices.framework/Versions/A/GeoServices
0x000000000b5c6000 	/System/Library/Frameworks/CoreGraphics.framework/Versions/A/Resources/libCGCMS.A.dylib
0x000000000b5c6000 	/System/Library/Frameworks/CoreGraphics.framework/Versions/A/Resources/libRIP.A.dylib
0x000000000b5c6000 	/System/Library/Frameworks/CoreGraphics.framework/Versions/A/Resources/libCGXType.A.dylib
0x000000000b5c6000 	/System/Library/Frameworks/OpenCL.framework/Versions/A/Libraries/libcldcpuengine.dylib
0x000000000b5c6000 	/System/Library/PrivateFrameworks/DiskImages.framework/Versions/A/DiskImages
0x000000000b5c6000 	/System/Library/Frameworks/DiscRecording.framework/Versions/A/DiscRecording
0x000000000b5c6000 	/usr/lib/libcsfde.dylib
0x000000000b5c6000 	/usr/lib/libcurl.4.dylib
0x000000000b5c6000 	/System/Library/PrivateFrameworks/MediaKit.framework/Versions/A/MediaKit
0x000000000b5c6000 	/usr/lib/libCoreStorage.dylib
0x000000000b5c6000 	/System/Library/PrivateFrameworks/EFILogin.framework/Versions/A/EFILogin
0x000000000b5c6000 	/usr/lib/libutil.dylib
0x000000000b5c6000 	/System/Library/PrivateFrameworks/FindMyDevice.framework/Versions/A/FindMyDevice
0x000000000b5c6000 	/System/Library/Frameworks/LDAP.framework/Versions/A/LDAP
0x000000000b5c6000 	/usr/lib/libsasl2.2.dylib
0x000000000b5c6000 	/System/Library/PrivateFrameworks/CoreDaemon.framework/Versions/B/CoreDaemon
0x000000000b5c6000 	/usr/lib/libcrypto.0.9.8.dylib
0x000000000b5c6000 	/System/Library/PrivateFrameworks/AppleSRP.framework/Versions/A/AppleSRP
0x000000000b5c6000 	/System/Library/PrivateFrameworks/TrustEvaluationAgent.framework/Versions/A/TrustEvaluationAgent
0x00000001a1365000 	cl_kernels
0x00000001a1367000 	/System/Library/Frameworks/OpenCL.framework/Versions/A/Libraries/ImageFormats/unorm8_bgra.dylib
0x00000001a1356000 	cl_kernels
0x000000000b5c6000 	/System/Library/PrivateFrameworks/FamilyControls.framework/Versions/A/FamilyControls
0x000000000b5c6000 	/System/Library/PrivateFrameworks/CommerceKit.framework/Versions/A/Frameworks/CommerceCore.framework/Versions/A/CommerceCore
0x000000000b5c6000 	/System/Library/PrivateFrameworks/SystemAdministration.framework/Versions/A/SystemAdministration
0x000000000b5c6000 	/System/Library/PrivateFrameworks/AppContainer.framework/Versions/A/AppContainer
0x000000000b5c6000 	/System/Library/PrivateFrameworks/SecCodeWrapper.framework/Versions/A/SecCodeWrapper
0x000000000b5c6000 	/System/Library/Frameworks/DirectoryService.framework/Versions/A/DirectoryService
0x000000000b5c6000 	/System/Library/PrivateFrameworks/LoginUIKit.framework/Versions/A/Frameworks/LoginUICore.framework/Versions/A/LoginUICore
0x000000000b5c6000 	/usr/lib/libodfde.dylib
0x00000001a25e5000 	/Library/Java/JavaVirtualMachines/jdk1.8.0_25.jdk/Contents/Home/jre/lib/libfontmanager.dylib
0x00000001a264c000 	/Users/student/Documents/workspace/Test/lib/lwjgl-2.9.3/native/macosx/liblwjgl.dylib
0x00000001a0895000 	/Library/Java/JavaVirtualMachines/jdk1.8.0_25.jdk/Contents/Home/jre/lib/libjawt.dylib
0x000000000b5c6000 	/System/Library/Frameworks/OpenGL.framework/Versions/A/Resources/GLEngine.bundle/GLEngine
0x000000000b5c6000 	/System/Library/Frameworks/OpenGL.framework/Versions/A/Libraries/libGLProgrammability.dylib
0x0000000000000000 	/System/Library/Extensions/AppleIntelHD4000GraphicsGLDriver.bundle/Contents/MacOS/AppleIntelHD4000GraphicsGLDriver
0x000000000b5c6000 	/System/Library/PrivateFrameworks/IOAccelerator.framework/Versions/A/IOAccelerator
0x000000000b5c6000 	/System/Library/PrivateFrameworks/GPUSupport.framework/Versions/A/Libraries/libGPUSupportMercury.dylib
0x000000000b5c6000 	/System/Library/Frameworks/OpenGL.framework/Versions/A/Resources/GLRendererFloat.bundle/GLRendererFloat
0x00000001a2e55000 	/Users/student/Documents/workspace/Test/lib/lwjgl-2.9.3/native/macosx/libjinput-osx.dylib
0x00000001a2e5a000 	/System/Library/Extensions/IOHIDFamily.kext/Contents/PlugIns/IOHIDLib.plugin/Contents/MacOS/IOHIDLib
0x00000001a2f86000 	/Users/student/Documents/workspace/Test/lib/lwjgl-2.9.3/native/macosx/openal.dylib
0x00000001a300a000 	/System/Library/Components/CoreAudio.component/Contents/MacOS/CoreAudio
0x00000001a32e3000 	/System/Library/Extensions/AppleHDA.kext/Contents/PlugIns/AppleHDAHALPlugIn.bundle/Contents/MacOS/AppleHDAHALPlugIn

VM Arguments:
jvm_args: -Djava.library.path=/Users/student/Documents/workspace/Test/lib/lwjgl-2.9.3/native/macosx -Dfile.encoding=UTF-8 
java_command: test.Main
java_class_path (initial): /Users/student/Documents/workspace/Test/bin:/Users/student/Documents/workspace/Test/lib/slick/lib/jinput.jar:/Users/student/Documents/workspace/Test/lib/slick/lib/lwjgl_util.jar:/Users/student/Documents/workspace/Test/lib/slick/lib/lwjgl.jar:/Users/student/Documents/workspace/Test/lib/slick/lib/slick.jar:/Users/student/Documents/workspace/Test/lib/slick/lib/jogg-0.0.7.jar:/Users/student/Documents/workspace/Test/lib/slick/lib/jorbis-0.0.15.jar
Launcher Type: SUN_STANDARD

Environment Variables:
PATH=/usr/bin:/bin:/usr/sbin:/sbin
SHELL=/bin/bash
DISPLAY=/private/tmp/com.apple.launchd.O4IaRSE23k/org.macosforge.xquartz:0

Signal Handlers:
SIGSEGV: [libjvm.dylib+0x579dc7], sa_mask[0]=11111111011111110111111111111111, sa_flags=SA_ONSTACK|SA_RESTART|SA_SIGINFO
SIGBUS: [libjvm.dylib+0x579dc7], sa_mask[0]=11111111011111110111111111111111, sa_flags=SA_RESTART|SA_SIGINFO
SIGFPE: [libjvm.dylib+0x45b030], sa_mask[0]=11111111011111110111111111111111, sa_flags=SA_RESTART|SA_SIGINFO
SIGPIPE: [libjvm.dylib+0x45b030], sa_mask[0]=11111111011111110111111111111111, sa_flags=SA_RESTART|SA_SIGINFO
SIGXFSZ: [libjvm.dylib+0x45b030], sa_mask[0]=11111111011111110111111111111111, sa_flags=SA_RESTART|SA_SIGINFO
SIGILL: [libjvm.dylib+0x45b030], sa_mask[0]=11111111011111110111111111111111, sa_flags=SA_RESTART|SA_SIGINFO
SIGUSR1: SIG_DFL, sa_mask[0]=00000000000000000000000000000000, sa_flags=none
SIGUSR2: [libjvm.dylib+0x45ab4e], sa_mask[0]=00100000000000000000000000000000, sa_flags=SA_RESTART|SA_SIGINFO
SIGHUP: [libjvm.dylib+0x459121], sa_mask[0]=11111111011111110111111111111111, sa_flags=SA_RESTART|SA_SIGINFO
SIGINT: [libjvm.dylib+0x459121], sa_mask[0]=11111111011111110111111111111111, sa_flags=SA_RESTART|SA_SIGINFO
SIGTERM: [libjvm.dylib+0x459121], sa_mask[0]=11111111011111110111111111111111, sa_flags=SA_RESTART|SA_SIGINFO
SIGQUIT: [libjvm.dylib+0x459121], sa_mask[0]=11111111011111110111111111111111, sa_flags=SA_RESTART|SA_SIGINFO


---------------  S Y S T E M  ---------------

OS:Bsduname:Darwin 14.3.0 Darwin Kernel Version 14.3.0: Mon Mar 23 20:23:44 PDT 2015; root:xnu-2782.20.48~8/RELEASE_X86_64 x86_64
rlimit: STACK 8192k, CORE 0k, NPROC 709, NOFILE 10240, AS infinity
load average:1.79 1.31 1.30

CPU:total 4 (2 cores per cpu, 2 threads per core) family 6 model 58 stepping 9, cmov, cx8, fxsr, mmx, sse, sse2, sse3, ssse3, sse4.1, sse4.2, popcnt, avx, clmul, erms, ht, tsc, tscinvbit, tscinv

Memory: 4k page, physical 4194304k(85492k free)

/proc/meminfo:


vm_info: Java HotSpot(TM) 64-Bit Server VM (25.25-b02) for bsd-amd64 JRE (1.8.0_25-b17), built on Sep 17 2014 16:56:50 by "java_re" with gcc 4.2.1 (Based on Apple Inc. build 5658) (LLVM build 2336.11.00)

time: Wed Nov  2 13:40:46 2016
elapsed time: 44 seconds (0d 0h 0m 44s)

