#
# A fatal error has been detected by the Java Runtime Environment:
#
#  SIGSEGV (0xb) at pc=0x00007fff8c7950dd, pid=26672, tid=1811
#
# JRE version: Java(TM) SE Runtime Environment (8.0_25-b17) (build 1.8.0_25-b17)
# Java VM: Java HotSpot(TM) 64-Bit Server VM (25.25-b02 mixed mode bsd-amd64 compressed oops)
# Problematic frame:
# C  [libobjc.A.dylib+0x10dd]  objc_msgSend+0x1d
#
# Failed to write core dump. Core dumps have been disabled. To enable core dumping, try "ulimit -c unlimited" before starting Java again
#
# If you would like to submit a bug report, please visit:
#   http://bugreport.sun.com/bugreport/crash.jsp
# The crash happened outside the Java Virtual Machine in native code.
# See problematic frame for where to report the bug.
#

---------------  T H R E A D  ---------------

Current thread (0x00007f82c2081000):  JavaThread "AppKit Thread" daemon [_thread_in_native, id=1811, stack(0x00007fff579e1000,0x00007fff581e1000)]

siginfo: si_signo: 11 (SIGSEGV), si_code: 1 (SEGV_MAPERR), si_addr: 0x0000468900010028

Registers:
RAX=0x00007f82c0769df0, RBX=0x00007fff581dc928, RCX=0x0000000000000000, RDX=0x00007f82c055d890
RSP=0x00007fff581dc748, RBP=0x00007fff581dc750, RSI=0x00007fff8f9f5423, RDI=0x00007f82c0769df0
R8 =0x00007fff581dc730, R9 =0x0000000000000055, R10=0x00007fff8f9f5423, R11=0x0000468900010010
R12=0x00007f82c0420b80, R13=0x00000000000f42f9, R14=0x00007f82c04aa410, R15=0x00007fff581dc888
RIP=0x00007fff8c7950dd, EFLAGS=0x0000000000010202, ERR=0x0000000000000004
  TRAPNO=0x000000000000000e

Top of Stack: (sp=0x00007fff581dc748)
0x00007fff581dc748:   00007fff9aa8545c 00007fff581dcab0
0x00007fff581dc758:   00007fff9a975634 00007fff581dc7dc
0x00007fff581dc768:   00007fff581dc7e0 00007fff581dc7e4
0x00007fff581dc778:   00007fff7d898e00 ffffffffffffffff
0x00007fff581dc788:   00000000000007f8 00007fff7d898e18
0x00007fff581dc798:   00007f82c04aa410 0000000000000000
0x00007fff581dc7a8:   00007fff581dc880 0000000000000000
0x00007fff581dc7b8:   00007f82c045f790 00007fff581dc900
0x00007fff581dc7c8:   0000000000000055 00000000000f42fb
0x00007fff581dc7d8:   00007f82c055d890 00007f82c04c1040
0x00007fff581dc7e8:   00007f82c0420b80 0000000000000001
0x00007fff581dc7f8:   00000000000f42f9 00007f82c0420b70
0x00007fff581dc808:   00007fff99627c05 00000001c0765190
0x00007fff581dc818:   00007fff7c7f70d0 0000000042000000
0x00007fff581dc828:   00007fff9962ee63 00007fff7d863240
0x00007fff581dc838:   00007fff581dc908 0000000000000000
0x00007fff581dc848:   00007fff7b99f8c8 0000000000000000
0x00007fff581dc858:   0000000000000014 0004b70300000001
0x00007fff581dc868:   00007f82c0420ba4 0000000000000000
0x00007fff581dc878:   00000000003f4a01 00007f82c04be4c0
0x00007fff581dc888:   00007f82c04aa410 0000000000000000
0x00007fff581dc898:   00007fff8fa2e45d 00007fff581dc940
0x00007fff581dc8a8:   00007fff8d4c9513 00007fff581dc924
0x00007fff581dc8b8:   00000000003f4b01 00000000ffffffff
0x00007fff581dc8c8:   00007fff7b99f8c8 00000000003f4b00
0x00007fff581dc8d8:   00007fff00000000 00007fff581dc9d0
0x00007fff581dc8e8:   00007fff8ff53edc 00007fff7b99f8e8
0x00007fff581dc8f8:   00007fff8fa2e45d 0000000000000051
0x00007fff581dc908:   0000000000000000 00000000000f42e1
0x00007fff581dc918:   0000000000000053 0000000000000000
0x00007fff581dc928:   00000000000f42f9 00007fff581dc9a4
0x00007fff581dc938:   00000000003f5701 00000000ffffffff 

Instructions: (pc=0x00007fff8c7950dd)
0x00007fff8c7950bd:   00 00 00 48 85 ff 2e 74 7a 40 f6 c7 01 2e 75 7e
0x00007fff8c7950cd:   49 bb f8 ff ff ff ff 7f 00 00 4c 23 1f 49 89 f2
0x00007fff8c7950dd:   45 23 53 18 49 c1 e2 04 4d 03 53 10 49 3b 32 75
0x00007fff8c7950ed:   04 41 ff 62 08 49 83 3a 00 74 6a 4d 3b 53 10 74 

Register to memory mapping:

RAX=0x00007f82c0769df0 is an unknown value
RBX=0x00007fff581dc928 is pointing into the stack for thread: 0x00007f82c2081000
RCX=0x0000000000000000 is an unknown value
RDX=0x00007f82c055d890 is an unknown value
RSP=0x00007fff581dc748 is pointing into the stack for thread: 0x00007f82c2081000
RBP=0x00007fff581dc750 is pointing into the stack for thread: 0x00007f82c2081000
RSI=0x00007fff8f9f5423: -[NSTitlebarContainerView transparent]+0x5e307 in /System/Library/Frameworks/AppKit.framework/Versions/C/AppKit at 0x00007fff8eff4000
RDI=0x00007f82c0769df0 is an unknown value
R8 =0x00007fff581dc730 is pointing into the stack for thread: 0x00007f82c2081000
R9 =0x0000000000000055 is an unknown value
R10=0x00007fff8f9f5423: -[NSTitlebarContainerView transparent]+0x5e307 in /System/Library/Frameworks/AppKit.framework/Versions/C/AppKit at 0x00007fff8eff4000
R11=0x0000468900010010 is an unknown value
R12=0x00007f82c0420b80 is an unknown value
R13=0x00000000000f42f9 is an unknown value
R14=0x00007f82c04aa410 is an unknown value
R15=0x00007fff581dc888 is pointing into the stack for thread: 0x00007f82c2081000


Stack: [0x00007fff579e1000,0x00007fff581e1000],  sp=0x00007fff581dc748,  free space=8173k
Native frames: (J=compiled Java code, j=interpreted, Vv=VM code, C=native code)
C  [libobjc.A.dylib+0x10dd]  objc_msgSend+0x1d
C  [CoreFoundation+0x10634]  _CFXNotificationPost+0xc44
C  [Foundation+0x79d1]  -[NSNotificationCenter postNotificationName:object:userInfo:]+0x42
C  [AppKit+0x43ac2]  -[NSSurface _disposeSurface]+0x98
C  [AppKit+0x43526]  -[NSSurface setWindow:]+0x42
C  [AppKit+0x33a10]  -[NSView _setWindow:]+0xa33
C  [AppKit+0x6b091]  -[NSView removeFromSuperview]+0x1c5
C  [AppKit+0x14bea9]  -[NSView removeFromSuperviewWithoutNeedingDisplay]+0x26
C  [liblwjgl.dylib+0xa205]  +[MacOSXKeyableWindow destroyWindow]+0xb5
C  [Foundation+0x92d00]  __NSThreadPerformPerform+0x125
C  [CoreFoundation+0x80a01]  __CFRUNLOOP_IS_CALLING_OUT_TO_A_SOURCE0_PERFORM_FUNCTION__+0x11
C  [CoreFoundation+0x72b8d]  __CFRunLoopDoSources0+0x10d
C  [CoreFoundation+0x721bf]  __CFRunLoopRun+0x39f
C  [CoreFoundation+0x71bd8]  CFRunLoopRunSpecific+0x128
C  [HIToolbox+0x3256f]  RunCurrentEventLoopInMode+0xeb
C  [HIToolbox+0x322ea]  ReceiveNextEventCommon+0x1af
C  [HIToolbox+0x3212b]  _BlockUntilNextEventMatchingListInModeWithFilter+0x47
C  [AppKit+0x919bb]  _DPSNextEvent+0x3d2
C  [AppKit+0x90f68]  -[NSApplication nextEventMatchingMask:untilDate:inMode:dequeue:]+0x15a
C  [libosxapp.dylib+0x242a]  -[NSApplicationAWT nextEventMatchingMask:untilDate:inMode:dequeue:]+0x7c
C  [AppKit+0x86bf3]  -[NSApplication run]+0x252
C  [libosxapp.dylib+0x223e]  +[NSApplicationAWT runAWTLoopWithApp:]+0x9c
C  [libawt_lwawt.dylib+0x4494f]  -[AWTStarter starter:]+0x389
C  [Foundation+0x92d00]  __NSThreadPerformPerform+0x125
C  [CoreFoundation+0x80a01]  __CFRUNLOOP_IS_CALLING_OUT_TO_A_SOURCE0_PERFORM_FUNCTION__+0x11
C  [CoreFoundation+0x72b8d]  __CFRunLoopDoSources0+0x10d
C  [CoreFoundation+0x721bf]  __CFRunLoopRun+0x39f
C  [CoreFoundation+0x71bd8]  CFRunLoopRunSpecific+0x128
C  [java+0x56cc]  CreateExecutionEnvironment+0x367
C  [java+0x165c]  JLI_Launch+0x7a0
C  [java+0x768a]  main+0x65
C  [java+0xeb4]  start+0x34
C  0x0000000000000006


---------------  P R O C E S S  ---------------

Java Threads: ( => current thread )
  0x00007f82c0863000 JavaThread "AWT-Shutdown" [_thread_blocked, id=36879, stack(0x0000000124087000,0x0000000124187000)]
=>0x00007f82c2081000 JavaThread "AppKit Thread" daemon [_thread_in_native, id=1811, stack(0x00007fff579e1000,0x00007fff581e1000)]
  0x00007f82c103b000 JavaThread "Service Thread" daemon [_thread_blocked, id=18179, stack(0x000000011ebe7000,0x000000011ece7000)]
  0x00007f82c180c800 JavaThread "C1 CompilerThread2" daemon [_thread_blocked, id=17667, stack(0x000000011eae4000,0x000000011ebe4000)]
  0x00007f82c1032800 JavaThread "C2 CompilerThread1" daemon [_thread_blocked, id=17155, stack(0x000000011e9e1000,0x000000011eae1000)]
  0x00007f82c1030800 JavaThread "C2 CompilerThread0" daemon [_thread_blocked, id=16643, stack(0x000000011e8de000,0x000000011e9de000)]
  0x00007f82c1014800 JavaThread "Signal Dispatcher" daemon [_thread_blocked, id=14103, stack(0x000000011e7db000,0x000000011e8db000)]
  0x00007f82c0857800 JavaThread "Finalizer" daemon [_thread_blocked, id=11523, stack(0x000000011cdcc000,0x000000011cecc000)]
  0x00007f82c080a000 JavaThread "Reference Handler" daemon [_thread_blocked, id=11011, stack(0x000000011ccc9000,0x000000011cdc9000)]
  0x00007f82c1005000 JavaThread "main" [_thread_in_native, id=4867, stack(0x000000010931d000,0x000000010941d000)]

Other Threads:
  0x00007f82c1805000 VMThread [stack: 0x000000011cbc6000,0x000000011ccc6000] [id=10499]
  0x00007f82c1808800 WatcherThread [stack: 0x000000011ecea000,0x000000011edea000] [id=18691]

VM state:not at safepoint (normal execution)

VM Mutex/Monitor currently owned by a thread: None

Heap:
 PSYoungGen      total 19456K, used 12472K [0x00000007aab00000, 0x00000007ac280000, 0x00000007c0000000)
  eden space 15872K, 77% used [0x00000007aab00000,0x00000007ab7161b8,0x00000007aba80000)
  from space 3584K, 2% used [0x00000007abf00000,0x00000007abf18000,0x00000007ac280000)
  to   space 4096K, 0% used [0x00000007aba80000,0x00000007aba80000,0x00000007abe80000)
 ParOldGen       total 44032K, used 31733K [0x0000000780000000, 0x0000000782b00000, 0x00000007aab00000)
  object space 44032K, 72% used [0x0000000780000000,0x0000000781efd448,0x0000000782b00000)
 Metaspace       used 8691K, capacity 8841K, committed 8960K, reserved 1056768K
  class space    used 875K, capacity 919K, committed 1024K, reserved 1048576K

Card table byte_map: [0x00000001187df000,0x00000001189e0000] byte_map_base: 0x0000000114bdf000

Marking Bits: (ParMarkBitMap*) 0x0000000108c9d390
 Begin Bits: [0x0000000118f42000, 0x0000000119f42000)
 End Bits:   [0x0000000119f42000, 0x000000011af42000)

Polling page: 0x0000000107b76000

CodeCache: size=245760Kb used=4526Kb max_used=4535Kb free=241233Kb
 bounds [0x000000010941f000, 0x000000010989f000, 0x000000011841f000]
 total_blobs=1556 nmethods=1140 adapters=331
 compilation: enabled

Compilation events (10 events):
Event: 465.870 Thread 0x00007f82c1030800 1136       4       org.lwjgl.opengl.Display::getWidth (30 bytes)
Event: 465.870 Thread 0x00007f82c180c800 1137       2       org.lwjgl.opengl.Display::getHeight (30 bytes)
Event: 465.871 Thread 0x00007f82c180c800 nmethod 1137 0x0000000109888890 code [0x0000000109888a20, 0x0000000109888de8]
Event: 465.872 Thread 0x00007f82c1030800 nmethod 1136 0x0000000109888350 code [0x00000001098884c0, 0x0000000109888758]
Event: 465.979 Thread 0x00007f82c180c800 1138       3       org.newdawn.slick.state.StateBasedGame::isAcceptingInput (19 bytes)
Event: 465.979 Thread 0x00007f82c180c800 nmethod 1138 0x0000000109887d50 code [0x0000000109887ee0, 0x0000000109888248]
Event: 465.979 Thread 0x00007f82c180c800 1139       3       org.newdawn.slick.state.BasicGameState::isAcceptingInput (2 bytes)
Event: 465.980 Thread 0x00007f82c180c800 nmethod 1139 0x0000000109890ed0 code [0x0000000109891020, 0x0000000109891170]
Event: 468.093 Thread 0x00007f82c180c800 1140       1       java.lang.System::getSecurityManager (4 bytes)
Event: 468.093 Thread 0x00007f82c180c800 nmethod 1140 0x0000000109887a50 code [0x0000000109887ba0, 0x0000000109887c90]

GC Heap History (10 events):
Event: 298.287 GC heap before
{Heap before GC invocations=10 (full 0):
 PSYoungGen      total 16384K, used 15936K [0x00000007aab00000, 0x00000007ac380000, 0x00000007c0000000)
  eden space 15872K, 100% used [0x00000007aab00000,0x00000007aba80000,0x00000007aba80000)
  from space 512K, 12% used [0x00000007aba80000,0x00000007aba90000,0x00000007abb00000)
  to   space 4608K, 0% used [0x00000007abf00000,0x00000007abf00000,0x00000007ac380000)
 ParOldGen       total 44032K, used 31733K [0x0000000780000000, 0x0000000782b00000, 0x00000007aab00000)
  object space 44032K, 72% used [0x0000000780000000,0x0000000781efd448,0x0000000782b00000)
 Metaspace       used 8679K, capacity 8841K, committed 8960K, reserved 1056768K
  class space    used 874K, capacity 919K, committed 1024K, reserved 1048576K
Event: 298.287 GC heap after
Heap after GC invocations=10 (full 0):
 PSYoungGen      total 20480K, used 64K [0x00000007aab00000, 0x00000007ac380000, 0x00000007c0000000)
  eden space 15872K, 0% used [0x00000007aab00000,0x00000007aab00000,0x00000007aba80000)
  from space 4608K, 1% used [0x00000007abf00000,0x00000007abf10000,0x00000007ac380000)
  to   space 4608K, 0% used [0x00000007aba80000,0x00000007aba80000,0x00000007abf00000)
 ParOldGen       total 44032K, used 31733K [0x0000000780000000, 0x0000000782b00000, 0x00000007aab00000)
  object space 44032K, 72% used [0x0000000780000000,0x0000000781efd448,0x0000000782b00000)
 Metaspace       used 8679K, capacity 8841K, committed 8960K, reserved 1056768K
  class space    used 874K, capacity 919K, committed 1024K, reserved 1048576K
}
Event: 334.184 GC heap before
{Heap before GC invocations=11 (full 0):
 PSYoungGen      total 20480K, used 15936K [0x00000007aab00000, 0x00000007ac380000, 0x00000007c0000000)
  eden space 15872K, 100% used [0x00000007aab00000,0x00000007aba80000,0x00000007aba80000)
  from space 4608K, 1% used [0x00000007abf00000,0x00000007abf10000,0x00000007ac380000)
  to   space 4608K, 0% used [0x00000007aba80000,0x00000007aba80000,0x00000007abf00000)
 ParOldGen       total 44032K, used 31733K [0x0000000780000000, 0x0000000782b00000, 0x00000007aab00000)
  object space 44032K, 72% used [0x0000000780000000,0x0000000781efd448,0x0000000782b00000)
 Metaspace       used 8679K, capacity 8841K, committed 8960K, reserved 1056768K
  class space    used 874K, capacity 919K, committed 1024K, reserved 1048576K
Event: 334.185 GC heap after
Heap after GC invocations=11 (full 0):
 PSYoungGen      total 20480K, used 64K [0x00000007aab00000, 0x00000007ac380000, 0x00000007c0000000)
  eden space 15872K, 0% used [0x00000007aab00000,0x00000007aab00000,0x00000007aba80000)
  from space 4608K, 1% used [0x00000007aba80000,0x00000007aba90000,0x00000007abf00000)
  to   space 4608K, 0% used [0x00000007abf00000,0x00000007abf00000,0x00000007ac380000)
 ParOldGen       total 44032K, used 31733K [0x0000000780000000, 0x0000000782b00000, 0x00000007aab00000)
  object space 44032K, 72% used [0x0000000780000000,0x0000000781efd448,0x0000000782b00000)
 Metaspace       used 8679K, capacity 8841K, committed 8960K, reserved 1056768K
  class space    used 874K, capacity 919K, committed 1024K, reserved 1048576K
}
Event: 370.940 GC heap before
{Heap before GC invocations=12 (full 0):
 PSYoungGen      total 20480K, used 15936K [0x00000007aab00000, 0x00000007ac380000, 0x00000007c0000000)
  eden space 15872K, 100% used [0x00000007aab00000,0x00000007aba80000,0x00000007aba80000)
  from space 4608K, 1% used [0x00000007aba80000,0x00000007aba90000,0x00000007abf00000)
  to   space 4608K, 0% used [0x00000007abf00000,0x00000007abf00000,0x00000007ac380000)
 ParOldGen       total 44032K, used 31733K [0x0000000780000000, 0x0000000782b00000, 0x00000007aab00000)
  object space 44032K, 72% used [0x0000000780000000,0x0000000781efd448,0x0000000782b00000)
 Metaspace       used 8679K, capacity 8841K, committed 8960K, reserved 1056768K
  class space    used 874K, capacity 919K, committed 1024K, reserved 1048576K
Event: 370.940 GC heap after
Heap after GC invocations=12 (full 0):
 PSYoungGen      total 20480K, used 64K [0x00000007aab00000, 0x00000007ac380000, 0x00000007c0000000)
  eden space 15872K, 0% used [0x00000007aab00000,0x00000007aab00000,0x00000007aba80000)
  from space 4608K, 1% used [0x00000007abf00000,0x00000007abf10000,0x00000007ac380000)
  to   space 4608K, 0% used [0x00000007aba80000,0x00000007aba80000,0x00000007abf00000)
 ParOldGen       total 44032K, used 31733K [0x0000000780000000, 0x0000000782b00000, 0x00000007aab00000)
  object space 44032K, 72% used [0x0000000780000000,0x0000000781efd448,0x0000000782b00000)
 Metaspace       used 8679K, capacity 8841K, committed 8960K, reserved 1056768K
  class space    used 874K, capacity 919K, committed 1024K, reserved 1048576K
}
Event: 407.600 GC heap before
{Heap before GC invocations=13 (full 0):
 PSYoungGen      total 20480K, used 15936K [0x00000007aab00000, 0x00000007ac380000, 0x00000007c0000000)
  eden space 15872K, 100% used [0x00000007aab00000,0x00000007aba80000,0x00000007aba80000)
  from space 4608K, 1% used [0x00000007abf00000,0x00000007abf10000,0x00000007ac380000)
  to   space 4608K, 0% used [0x00000007aba80000,0x00000007aba80000,0x00000007abf00000)
 ParOldGen       total 44032K, used 31733K [0x0000000780000000, 0x0000000782b00000, 0x00000007aab00000)
  object space 44032K, 72% used [0x0000000780000000,0x0000000781efd448,0x0000000782b00000)
 Metaspace       used 8679K, capacity 8841K, committed 8960K, reserved 1056768K
  class space    used 874K, capacity 919K, committed 1024K, reserved 1048576K
Event: 407.601 GC heap after
Heap after GC invocations=13 (full 0):
 PSYoungGen      total 20480K, used 64K [0x00000007aab00000, 0x00000007ac380000, 0x00000007c0000000)
  eden space 15872K, 0% used [0x00000007aab00000,0x00000007aab00000,0x00000007aba80000)
  from space 4608K, 1% used [0x00000007aba80000,0x00000007aba90000,0x00000007abf00000)
  to   space 4608K, 0% used [0x00000007abf00000,0x00000007abf00000,0x00000007ac380000)
 ParOldGen       total 44032K, used 31733K [0x0000000780000000, 0x0000000782b00000, 0x00000007aab00000)
  object space 44032K, 72% used [0x0000000780000000,0x0000000781efd448,0x0000000782b00000)
 Metaspace       used 8679K, capacity 8841K, committed 8960K, reserved 1056768K
  class space    used 874K, capacity 919K, committed 1024K, reserved 1048576K
}
Event: 444.075 GC heap before
{Heap before GC invocations=14 (full 0):
 PSYoungGen      total 20480K, used 15936K [0x00000007aab00000, 0x00000007ac380000, 0x00000007c0000000)
  eden space 15872K, 100% used [0x00000007aab00000,0x00000007aba80000,0x00000007aba80000)
  from space 4608K, 1% used [0x00000007aba80000,0x00000007aba90000,0x00000007abf00000)
  to   space 4608K, 0% used [0x00000007abf00000,0x00000007abf00000,0x00000007ac380000)
 ParOldGen       total 44032K, used 31733K [0x0000000780000000, 0x0000000782b00000, 0x00000007aab00000)
  object space 44032K, 72% used [0x0000000780000000,0x0000000781efd448,0x0000000782b00000)
 Metaspace       used 8679K, capacity 8841K, committed 8960K, reserved 1056768K
  class space    used 874K, capacity 919K, committed 1024K, reserved 1048576K
Event: 444.076 GC heap after
Heap after GC invocations=14 (full 0):
 PSYoungGen      total 19456K, used 96K [0x00000007aab00000, 0x00000007ac280000, 0x00000007c0000000)
  eden space 15872K, 0% used [0x00000007aab00000,0x00000007aab00000,0x00000007aba80000)
  from space 3584K, 2% used [0x00000007abf00000,0x00000007abf18000,0x00000007ac280000)
  to   space 4096K, 0% used [0x00000007aba80000,0x00000007aba80000,0x00000007abe80000)
 ParOldGen       total 44032K, used 31733K [0x0000000780000000, 0x0000000782b00000, 0x00000007aab00000)
  object space 44032K, 72% used [0x0000000780000000,0x0000000781efd448,0x0000000782b00000)
 Metaspace       used 8679K, capacity 8841K, committed 8960K, reserved 1056768K
  class space    used 874K, capacity 919K, committed 1024K, reserved 1048576K
}

Deoptimization events (2 events):
Event: 1.640 Thread 0x00007f82c1005000 Uncommon trap: reason=unloaded action=reinterpret pc=0x00000001096e7d04 method=org.newdawn.slick.openal.OggDecoder.getData(Ljava/io/InputStream;)Lorg/newdawn/slick/openal/OggData; @ 52
Event: 6.243 Thread 0x00007f82c085f000 Uncommon trap: reason=unreached action=reinterpret pc=0x0000000109828044 method=java.util.HashMap$HashIterator.<init>(Ljava/util/HashMap;)V @ 38

Internal exceptions (10 events):
Event: 0.754 Thread 0x00007f82c1005000 Exception <a 'java/security/PrivilegedActionException'> (0x00000007ab6aa920) thrown at [/HUDSON3/workspace/8-2-build-macosx-x86_64/jdk8u25/1514/hotspot/src/share/vm/prims/jvm.cpp, line 1312]
Event: 0.761 Thread 0x00007f82c1005000 Exception <a 'java/security/PrivilegedActionException'> (0x00000007ab6e5898) thrown at [/HUDSON3/workspace/8-2-build-macosx-x86_64/jdk8u25/1514/hotspot/src/share/vm/prims/jvm.cpp, line 1312]
Event: 0.762 Thread 0x00007f82c1005000 Exception <a 'java/security/PrivilegedActionException'> (0x00000007ab6e9990) thrown at [/HUDSON3/workspace/8-2-build-macosx-x86_64/jdk8u25/1514/hotspot/src/share/vm/prims/jvm.cpp, line 1312]
Event: 0.763 Thread 0x00007f82c1005000 Exception <a 'java/security/PrivilegedActionException'> (0x00000007ab6ede48) thrown at [/HUDSON3/workspace/8-2-build-macosx-x86_64/jdk8u25/1514/hotspot/src/share/vm/prims/jvm.cpp, line 1312]
Event: 0.833 Thread 0x00007f82c1005000 Exception <a 'java/security/PrivilegedActionException'> (0x00000007ab7540e0) thrown at [/HUDSON3/workspace/8-2-build-macosx-x86_64/jdk8u25/1514/hotspot/src/share/vm/prims/jvm.cpp, line 1312]
Event: 1.666 Thread 0x00007f82c1005000 Exception <a 'java/security/PrivilegedActionException'> (0x00000007ab9a9dc0) thrown at [/HUDSON3/workspace/8-2-build-macosx-x86_64/jdk8u25/1514/hotspot/src/share/vm/prims/jvm.cpp, line 1312]
Event: 1.667 Thread 0x00007f82c1005000 Exception <a 'java/security/PrivilegedActionException'> (0x00000007ab9b6910) thrown at [/HUDSON3/workspace/8-2-build-macosx-x86_64/jdk8u25/1514/hotspot/src/share/vm/prims/jvm.cpp, line 1312]
Event: 1.683 Thread 0x00007f82c1005000 Exception <a 'java/security/PrivilegedActionException'> (0x00000007ab9e2990) thrown at [/HUDSON3/workspace/8-2-build-macosx-x86_64/jdk8u25/1514/hotspot/src/share/vm/prims/jvm.cpp, line 1312]
Event: 6.243 Thread 0x00007f82c085f000 Implicit null exception at 0x0000000109827e43 to 0x0000000109828031
Event: 470.337 Thread 0x00007f82c1005000 Exception <a 'java/security/PrivilegedActionException'> (0x00000007ab6c7f20) thrown at [/HUDSON3/workspace/8-2-build-macosx-x86_64/jdk8u25/1514/hotspot/src/share/vm/prims/jvm.cpp, line 1312]

Events (10 events):
Event: 467.450 Executing VM operation: RevokeBias
Event: 467.450 Executing VM operation: RevokeBias done
Event: 467.450 Thread 0x00007f82c2218000 Thread exited: 0x00007f82c2218000
Event: 468.093 Thread 0x00007f82c2218000 Thread added: 0x00007f82c2218000
Event: 469.154 Executing VM operation: RevokeBias
Event: 469.154 Executing VM operation: RevokeBias done
Event: 469.154 Thread 0x00007f82c2218000 Thread exited: 0x00007f82c2218000
Event: 470.182 Thread 0x00007f82c0863000 Thread added: 0x00007f82c0863000
Event: 470.337 loading class org/lwjgl/opengl/CallbackUtil
Event: 470.337 loading class org/lwjgl/opengl/CallbackUtil done


Dynamic libraries:
0x000000000b5c6000 	/System/Library/Frameworks/Cocoa.framework/Versions/A/Cocoa
0x000000000b5c6000 	/System/Library/Frameworks/Security.framework/Versions/A/Security
0x000000000b5c6000 	/System/Library/Frameworks/ApplicationServices.framework/Versions/A/ApplicationServices
0x000000000b5c6000 	/usr/lib/libz.1.dylib
0x000000000b5c6000 	/usr/lib/libSystem.B.dylib
0x000000000b5c6000 	/usr/lib/libobjc.A.dylib
0x000000000b5c6000 	/System/Library/Frameworks/CoreFoundation.framework/Versions/A/CoreFoundation
0x000000000b5c6000 	/System/Library/Frameworks/Foundation.framework/Versions/C/Foundation
0x000000000b5c6000 	/System/Library/Frameworks/AppKit.framework/Versions/C/AppKit
0x000000000b5c6000 	/System/Library/Frameworks/CoreData.framework/Versions/A/CoreData
0x000000000b5c6000 	/System/Library/PrivateFrameworks/RemoteViewServices.framework/Versions/A/RemoteViewServices
0x000000000b5c6000 	/System/Library/PrivateFrameworks/UIFoundation.framework/Versions/A/UIFoundation
0x000000000b5c6000 	/System/Library/Frameworks/IOSurface.framework/Versions/A/IOSurface
0x000000000b5c6000 	/System/Library/Frameworks/AudioToolbox.framework/Versions/A/AudioToolbox
0x000000000b5c6000 	/System/Library/Frameworks/AudioUnit.framework/Versions/A/AudioUnit
0x000000000b5c6000 	/System/Library/PrivateFrameworks/DataDetectorsCore.framework/Versions/A/DataDetectorsCore
0x000000000b5c6000 	/System/Library/PrivateFrameworks/DesktopServicesPriv.framework/Versions/A/DesktopServicesPriv
0x000000000b5c6000 	/System/Library/Frameworks/Carbon.framework/Versions/A/Frameworks/HIToolbox.framework/Versions/A/HIToolbox
0x000000000b5c6000 	/System/Library/Frameworks/QuartzCore.framework/Versions/A/QuartzCore
0x000000000b5c6000 	/System/Library/Frameworks/Carbon.framework/Versions/A/Frameworks/SpeechRecognition.framework/Versions/A/SpeechRecognition
0x000000000b5c6000 	/usr/lib/libauto.dylib
0x000000000b5c6000 	/usr/lib/libicucore.A.dylib
0x000000000b5c6000 	/usr/lib/libxml2.2.dylib
0x000000000b5c6000 	/System/Library/PrivateFrameworks/CoreUI.framework/Versions/A/CoreUI
0x000000000b5c6000 	/System/Library/Frameworks/CoreAudio.framework/Versions/A/CoreAudio
0x000000000b5c6000 	/System/Library/Frameworks/DiskArbitration.framework/Versions/A/DiskArbitration
0x000000000b5c6000 	/usr/lib/liblangid.dylib
0x000000000b5c6000 	/System/Library/PrivateFrameworks/MultitouchSupport.framework/Versions/A/MultitouchSupport
0x000000000b5c6000 	/System/Library/Frameworks/IOKit.framework/Versions/A/IOKit
0x000000000b5c6000 	/usr/lib/libDiagnosticMessagesClient.dylib
0x000000000b5c6000 	/System/Library/Frameworks/CoreServices.framework/Versions/A/CoreServices
0x000000000b5c6000 	/System/Library/PrivateFrameworks/PerformanceAnalysis.framework/Versions/A/PerformanceAnalysis
0x000000000b5c6000 	/System/Library/PrivateFrameworks/GenerationalStorage.framework/Versions/A/GenerationalStorage
0x000000000b5c6000 	/System/Library/Frameworks/OpenGL.framework/Versions/A/OpenGL
0x000000000b5c6000 	/System/Library/PrivateFrameworks/Sharing.framework/Versions/A/Sharing
0x000000000b5c6000 	/System/Library/Frameworks/CoreGraphics.framework/Versions/A/CoreGraphics
0x000000000b5c6000 	/System/Library/Frameworks/CoreText.framework/Versions/A/CoreText
0x000000000b5c6000 	/System/Library/Frameworks/ImageIO.framework/Versions/A/ImageIO
0x000000000b5c6000 	/usr/lib/libextension.dylib
0x000000000b5c6000 	/System/Library/PrivateFrameworks/Backup.framework/Versions/A/Backup
0x000000000b5c6000 	/usr/lib/libarchive.2.dylib
0x000000000b5c6000 	/System/Library/Frameworks/CFNetwork.framework/Versions/A/CFNetwork
0x000000000b5c6000 	/System/Library/Frameworks/SystemConfiguration.framework/Versions/A/SystemConfiguration
0x000000000b5c6000 	/usr/lib/libCRFSuite.dylib
0x000000000b5c6000 	/usr/lib/libc++.1.dylib
0x000000000b5c6000 	/usr/lib/libc++abi.dylib
0x000000000b5c6000 	/usr/lib/system/libcache.dylib
0x000000000b5c6000 	/usr/lib/system/libcommonCrypto.dylib
0x000000000b5c6000 	/usr/lib/system/libcompiler_rt.dylib
0x000000000b5c6000 	/usr/lib/system/libcopyfile.dylib
0x000000000b5c6000 	/usr/lib/system/libcorecrypto.dylib
0x000000000b5c6000 	/usr/lib/system/libdispatch.dylib
0x000000000b5c6000 	/usr/lib/system/libdyld.dylib
0x000000000b5c6000 	/usr/lib/system/libkeymgr.dylib
0x000000000b5c6000 	/usr/lib/system/liblaunch.dylib
0x000000000b5c6000 	/usr/lib/system/libmacho.dylib
0x000000000b5c6000 	/usr/lib/system/libquarantine.dylib
0x000000000b5c6000 	/usr/lib/system/libremovefile.dylib
0x000000000b5c6000 	/usr/lib/system/libsystem_asl.dylib
0x000000000b5c6000 	/usr/lib/system/libsystem_blocks.dylib
0x000000000b5c6000 	/usr/lib/system/libsystem_c.dylib
0x000000000b5c6000 	/usr/lib/system/libsystem_configuration.dylib
0x000000000b5c6000 	/usr/lib/system/libsystem_coreservices.dylib
0x000000000b5c6000 	/usr/lib/system/libsystem_coretls.dylib
0x000000000b5c6000 	/usr/lib/system/libsystem_dnssd.dylib
0x000000000b5c6000 	/usr/lib/system/libsystem_info.dylib
0x000000000b5c6000 	/usr/lib/system/libsystem_kernel.dylib
0x000000000b5c6000 	/usr/lib/system/libsystem_m.dylib
0x000000000b5c6000 	/usr/lib/system/libsystem_malloc.dylib
0x000000000b5c6000 	/usr/lib/system/libsystem_network.dylib
0x000000000b5c6000 	/usr/lib/system/libsystem_networkextension.dylib
0x000000000b5c6000 	/usr/lib/system/libsystem_notify.dylib
0x000000000b5c6000 	/usr/lib/system/libsystem_platform.dylib
0x000000000b5c6000 	/usr/lib/system/libsystem_pthread.dylib
0x000000000b5c6000 	/usr/lib/system/libsystem_sandbox.dylib
0x000000000b5c6000 	/usr/lib/system/libsystem_secinit.dylib
0x000000000b5c6000 	/usr/lib/system/libsystem_stats.dylib
0x000000000b5c6000 	/usr/lib/system/libsystem_trace.dylib
0x000000000b5c6000 	/usr/lib/system/libunc.dylib
0x000000000b5c6000 	/usr/lib/system/libunwind.dylib
0x000000000b5c6000 	/usr/lib/system/libxpc.dylib
0x000000000b5c6000 	/usr/lib/libbz2.1.0.dylib
0x000000000b5c6000 	/usr/lib/liblzma.5.dylib
0x000000000b5c6000 	/usr/lib/libbsm.0.dylib
0x000000000b5c6000 	/usr/lib/libsqlite3.dylib
0x000000000b5c6000 	/usr/lib/system/libkxld.dylib
0x000000000b5c6000 	/usr/lib/libxar.1.dylib
0x000000000b5c6000 	/usr/lib/libpam.2.dylib
0x000000000b5c6000 	/usr/lib/libOpenScriptingUtil.dylib
0x000000000b5c6000 	/System/Library/Frameworks/CoreServices.framework/Versions/A/Frameworks/FSEvents.framework/Versions/A/FSEvents
0x000000000b5c6000 	/System/Library/Frameworks/CoreServices.framework/Versions/A/Frameworks/CarbonCore.framework/Versions/A/CarbonCore
0x000000000b5c6000 	/System/Library/Frameworks/CoreServices.framework/Versions/A/Frameworks/Metadata.framework/Versions/A/Metadata
0x000000000b5c6000 	/System/Library/Frameworks/CoreServices.framework/Versions/A/Frameworks/OSServices.framework/Versions/A/OSServices
0x000000000b5c6000 	/System/Library/Frameworks/CoreServices.framework/Versions/A/Frameworks/SearchKit.framework/Versions/A/SearchKit
0x000000000b5c6000 	/System/Library/Frameworks/CoreServices.framework/Versions/A/Frameworks/AE.framework/Versions/A/AE
0x000000000b5c6000 	/System/Library/Frameworks/CoreServices.framework/Versions/A/Frameworks/LaunchServices.framework/Versions/A/LaunchServices
0x000000000b5c6000 	/System/Library/Frameworks/CoreServices.framework/Versions/A/Frameworks/DictionaryServices.framework/Versions/A/DictionaryServices
0x000000000b5c6000 	/System/Library/Frameworks/NetFS.framework/Versions/A/NetFS
0x000000000b5c6000 	/System/Library/PrivateFrameworks/NetAuth.framework/Versions/A/NetAuth
0x000000000b5c6000 	/System/Library/PrivateFrameworks/login.framework/Versions/A/Frameworks/loginsupport.framework/Versions/A/loginsupport
0x000000000b5c6000 	/System/Library/PrivateFrameworks/TCC.framework/Versions/A/TCC
0x000000000b5c6000 	/usr/lib/libmecabra.dylib
0x000000000b5c6000 	/System/Library/Frameworks/ApplicationServices.framework/Versions/A/Frameworks/ATS.framework/Versions/A/ATS
0x000000000b5c6000 	/System/Library/Frameworks/ApplicationServices.framework/Versions/A/Frameworks/ColorSync.framework/Versions/A/ColorSync
0x000000000b5c6000 	/System/Library/Frameworks/ApplicationServices.framework/Versions/A/Frameworks/HIServices.framework/Versions/A/HIServices
0x000000000b5c6000 	/System/Library/Frameworks/ApplicationServices.framework/Versions/A/Frameworks/LangAnalysis.framework/Versions/A/LangAnalysis
0x000000000b5c6000 	/System/Library/Frameworks/ApplicationServices.framework/Versions/A/Frameworks/PrintCore.framework/Versions/A/PrintCore
0x000000000b5c6000 	/System/Library/Frameworks/ApplicationServices.framework/Versions/A/Frameworks/QD.framework/Versions/A/QD
0x000000000b5c6000 	/System/Library/Frameworks/ApplicationServices.framework/Versions/A/Frameworks/SpeechSynthesis.framework/Versions/A/SpeechSynthesis
0x000000000b5c6000 	/System/Library/Frameworks/Accelerate.framework/Versions/A/Accelerate
0x000000000b5c6000 	/System/Library/Frameworks/Accelerate.framework/Versions/A/Frameworks/vImage.framework/Versions/A/vImage
0x000000000b5c6000 	/System/Library/Frameworks/Accelerate.framework/Versions/A/Frameworks/vecLib.framework/Versions/A/vecLib
0x000000000b5c6000 	/System/Library/Frameworks/Accelerate.framework/Versions/A/Frameworks/vecLib.framework/Versions/A/libvDSP.dylib
0x000000000b5c6000 	/System/Library/Frameworks/Accelerate.framework/Versions/A/Frameworks/vecLib.framework/Versions/A/libvMisc.dylib
0x000000000b5c6000 	/System/Library/Frameworks/Accelerate.framework/Versions/A/Frameworks/vecLib.framework/Versions/A/libLAPACK.dylib
0x000000000b5c6000 	/System/Library/Frameworks/Accelerate.framework/Versions/A/Frameworks/vecLib.framework/Versions/A/libBLAS.dylib
0x000000000b5c6000 	/System/Library/Frameworks/Accelerate.framework/Versions/A/Frameworks/vecLib.framework/Versions/A/libLinearAlgebra.dylib
0x000000000b5c6000 	/System/Library/Frameworks/ApplicationServices.framework/Versions/A/Frameworks/ATS.framework/Versions/A/Resources/libFontParser.dylib
0x000000000b5c6000 	/System/Library/Frameworks/ApplicationServices.framework/Versions/A/Frameworks/ATS.framework/Versions/A/Resources/libFontRegistry.dylib
0x000000000b5c6000 	/System/Library/PrivateFrameworks/AppleVPA.framework/Versions/A/AppleVPA
0x000000000b5c6000 	/System/Library/PrivateFrameworks/AppleJPEG.framework/Versions/A/AppleJPEG
0x000000000b5c6000 	/System/Library/Frameworks/ImageIO.framework/Versions/A/Resources/libJPEG.dylib
0x000000000b5c6000 	/System/Library/Frameworks/ImageIO.framework/Versions/A/Resources/libTIFF.dylib
0x000000000b5c6000 	/System/Library/Frameworks/ImageIO.framework/Versions/A/Resources/libPng.dylib
0x000000000b5c6000 	/System/Library/Frameworks/ImageIO.framework/Versions/A/Resources/libGIF.dylib
0x000000000b5c6000 	/System/Library/Frameworks/ImageIO.framework/Versions/A/Resources/libJP2.dylib
0x000000000b5c6000 	/System/Library/Frameworks/ImageIO.framework/Versions/A/Resources/libRadiance.dylib
0x000000000b5c6000 	/System/Library/Frameworks/CoreVideo.framework/Versions/A/CoreVideo
0x000000000b5c6000 	/System/Library/Frameworks/OpenGL.framework/Versions/A/Libraries/libGLU.dylib
0x000000000b5c6000 	/System/Library/Frameworks/OpenGL.framework/Versions/A/Libraries/libGFXShared.dylib
0x000000000b5c6000 	/System/Library/Frameworks/OpenGL.framework/Versions/A/Libraries/libGL.dylib
0x000000000b5c6000 	/System/Library/Frameworks/OpenGL.framework/Versions/A/Libraries/libGLImage.dylib
0x000000000b5c6000 	/System/Library/Frameworks/OpenGL.framework/Versions/A/Libraries/libCVMSPluginSupport.dylib
0x000000000b5c6000 	/System/Library/Frameworks/OpenGL.framework/Versions/A/Libraries/libCoreVMClient.dylib
0x000000000b5c6000 	/usr/lib/libcups.2.dylib
0x000000000b5c6000 	/System/Library/Frameworks/Kerberos.framework/Versions/A/Kerberos
0x000000000b5c6000 	/System/Library/Frameworks/GSS.framework/Versions/A/GSS
0x000000000b5c6000 	/usr/lib/libresolv.9.dylib
0x000000000b5c6000 	/usr/lib/libiconv.2.dylib
0x000000000b5c6000 	/System/Library/PrivateFrameworks/Heimdal.framework/Versions/A/Heimdal
0x000000000b5c6000 	/usr/lib/libheimdal-asn1.dylib
0x000000000b5c6000 	/System/Library/Frameworks/OpenDirectory.framework/Versions/A/OpenDirectory
0x000000000b5c6000 	/System/Library/PrivateFrameworks/CommonAuth.framework/Versions/A/CommonAuth
0x000000000b5c6000 	/System/Library/Frameworks/OpenDirectory.framework/Versions/A/Frameworks/CFOpenDirectory.framework/Versions/A/CFOpenDirectory
0x000000000b5c6000 	/System/Library/Frameworks/SecurityFoundation.framework/Versions/A/SecurityFoundation
0x000000000b5c6000 	/System/Library/PrivateFrameworks/LanguageModeling.framework/Versions/A/LanguageModeling
0x000000000b5c6000 	/usr/lib/libcmph.dylib
0x000000000b5c6000 	/System/Library/Frameworks/ServiceManagement.framework/Versions/A/ServiceManagement
0x000000000b5c6000 	/usr/lib/libxslt.1.dylib
0x000000000b5c6000 	/System/Library/Frameworks/Carbon.framework/Versions/A/Frameworks/Ink.framework/Versions/A/Ink
0x000000000b5c6000 	/System/Library/Frameworks/QuartzCore.framework/Versions/A/Frameworks/CoreImage.framework/Versions/A/CoreImage
0x000000000b5c6000 	/System/Library/PrivateFrameworks/CrashReporterSupport.framework/Versions/A/CrashReporterSupport
0x000000000b5c6000 	/System/Library/Frameworks/OpenCL.framework/Versions/A/OpenCL
0x000000000b5c6000 	/System/Library/PrivateFrameworks/FaceCore.framework/Versions/A/FaceCore
0x000000000b5c6000 	/System/Library/PrivateFrameworks/Ubiquity.framework/Versions/A/Ubiquity
0x000000000b5c6000 	/System/Library/PrivateFrameworks/IconServices.framework/Versions/A/IconServices
0x000000000b5c6000 	/System/Library/PrivateFrameworks/ChunkingLibrary.framework/Versions/A/ChunkingLibrary
0x000000000b5c6000 	/System/Library/PrivateFrameworks/Apple80211.framework/Versions/A/Apple80211
0x000000000b5c6000 	/System/Library/Frameworks/CoreWLAN.framework/Versions/A/CoreWLAN
0x000000000b5c6000 	/System/Library/Frameworks/IOBluetooth.framework/Versions/A/IOBluetooth
0x000000000b5c6000 	/System/Library/PrivateFrameworks/CoreWiFi.framework/Versions/A/CoreWiFi
0x000000000b5c6000 	/System/Library/Frameworks/CoreBluetooth.framework/Versions/A/CoreBluetooth
0x000000000b5c6000 	/System/Library/PrivateFrameworks/DebugSymbols.framework/Versions/A/DebugSymbols
0x000000000b5c6000 	/System/Library/PrivateFrameworks/CoreSymbolication.framework/Versions/A/CoreSymbolication
0x000000000b5c6000 	/System/Library/PrivateFrameworks/Symbolication.framework/Versions/A/Symbolication
0x000000000b5c6000 	/System/Library/PrivateFrameworks/SpeechRecognitionCore.framework/Versions/A/SpeechRecognitionCore
0x0000000108400000 	/Library/Java/JavaVirtualMachines/jdk1.8.0_25.jdk/Contents/Home/jre/lib/server/libjvm.dylib
0x000000000b5c6000 	/usr/lib/libstdc++.6.dylib
0x0000000107b34000 	/Library/Java/JavaVirtualMachines/jdk1.8.0_25.jdk/Contents/Home/jre/lib/libverify.dylib
0x0000000107b42000 	/Library/Java/JavaVirtualMachines/jdk1.8.0_25.jdk/Contents/Home/jre/lib/libjava.dylib
0x0000000107b80000 	/Library/Java/JavaVirtualMachines/jdk1.8.0_25.jdk/Contents/Home/jre/lib/libzip.dylib
0x000000011cece000 	/System/Library/Frameworks/JavaVM.framework/Frameworks/JavaRuntimeSupport.framework/JavaRuntimeSupport
0x0000000107be6000 	/System/Library/Frameworks/JavaVM.framework/Versions/A/Frameworks/JavaNativeFoundation.framework/Versions/A/JavaNativeFoundation
0x000000011cee9000 	/System/Library/Frameworks/JavaVM.framework/Versions/A/JavaVM
0x000000000b5c6000 	/System/Library/Frameworks/Carbon.framework/Versions/A/Carbon
0x000000011cef6000 	/System/Library/PrivateFrameworks/JavaLaunching.framework/Versions/A/JavaLaunching
0x000000000b5c6000 	/System/Library/Frameworks/Carbon.framework/Versions/A/Frameworks/CommonPanels.framework/Versions/A/CommonPanels
0x000000000b5c6000 	/System/Library/Frameworks/Carbon.framework/Versions/A/Frameworks/Help.framework/Versions/A/Help
0x000000000b5c6000 	/System/Library/Frameworks/Carbon.framework/Versions/A/Frameworks/ImageCapture.framework/Versions/A/ImageCapture
0x000000000b5c6000 	/System/Library/Frameworks/Carbon.framework/Versions/A/Frameworks/OpenScripting.framework/Versions/A/OpenScripting
0x000000000b5c6000 	/System/Library/Frameworks/Carbon.framework/Versions/A/Frameworks/Print.framework/Versions/A/Print
0x000000000b5c6000 	/System/Library/Frameworks/Carbon.framework/Versions/A/Frameworks/SecurityHI.framework/Versions/A/SecurityHI
0x000000011ee49000 	/Library/Java/JavaVirtualMachines/jdk1.8.0_25.jdk/Contents/Home/jre/lib/libawt.dylib
0x000000011eef8000 	/Library/Java/JavaVirtualMachines/jdk1.8.0_25.jdk/Contents/Home/jre/lib/./libmlib_image.dylib
0x000000011efc4000 	/Library/Java/JavaVirtualMachines/jdk1.8.0_25.jdk/Contents/Home/jre/lib/libawt_lwawt.dylib
0x000000011f077000 	/Library/Java/JavaVirtualMachines/jdk1.8.0_25.jdk/Contents/Home/jre/lib/./libosxapp.dylib
0x000000000b5c6000 	/System/Library/Frameworks/ExceptionHandling.framework/Versions/A/ExceptionHandling
0x000000000b5c6000 	/System/Library/PrivateFrameworks/CoreServicesInternal.framework/Versions/A/CoreServicesInternal
0x000000000b5c6000 	/System/Library/PrivateFrameworks/CloudDocs.framework/Versions/A/CloudDocs
0x000000000b5c6000 	/System/Library/PrivateFrameworks/CoreDuet.framework/Versions/A/CoreDuet
0x000000000b5c6000 	/System/Library/Frameworks/CloudKit.framework/Versions/A/CloudKit
0x000000000b5c6000 	/System/Library/PrivateFrameworks/ProtocolBuffer.framework/Versions/A/ProtocolBuffer
0x000000000b5c6000 	/System/Library/PrivateFrameworks/CoreDuetDaemonProtocol.framework/Versions/A/CoreDuetDaemonProtocol
0x000000000b5c6000 	/System/Library/PrivateFrameworks/CoreDuetDebugLogging.framework/Versions/A/CoreDuetDebugLogging
0x000000000b5c6000 	/System/Library/PrivateFrameworks/MMCS.framework/Versions/A/MMCS
0x000000000b5c6000 	/System/Library/Frameworks/CoreLocation.framework/Versions/A/CoreLocation
0x000000000b5c6000 	/System/Library/PrivateFrameworks/ProtectedCloudStorage.framework/Versions/A/ProtectedCloudStorage
0x000000000b5c6000 	/System/Library/PrivateFrameworks/GeoServices.framework/Versions/A/GeoServices
0x000000000b5c6000 	/System/Library/Frameworks/CoreGraphics.framework/Versions/A/Resources/libCGCMS.A.dylib
0x000000000b5c6000 	/System/Library/Frameworks/CoreGraphics.framework/Versions/A/Resources/libRIP.A.dylib
0x000000000b5c6000 	/System/Library/Frameworks/CoreGraphics.framework/Versions/A/Resources/libCGXType.A.dylib
0x000000000b5c6000 	/System/Library/Frameworks/OpenCL.framework/Versions/A/Libraries/libcldcpuengine.dylib
0x000000000b5c6000 	/System/Library/PrivateFrameworks/DiskImages.framework/Versions/A/DiskImages
0x000000000b5c6000 	/System/Library/Frameworks/DiscRecording.framework/Versions/A/DiscRecording
0x000000000b5c6000 	/usr/lib/libcsfde.dylib
0x000000000b5c6000 	/usr/lib/libcurl.4.dylib
0x000000000b5c6000 	/System/Library/PrivateFrameworks/MediaKit.framework/Versions/A/MediaKit
0x000000000b5c6000 	/usr/lib/libCoreStorage.dylib
0x000000000b5c6000 	/System/Library/PrivateFrameworks/EFILogin.framework/Versions/A/EFILogin
0x000000000b5c6000 	/usr/lib/libutil.dylib
0x000000000b5c6000 	/System/Library/PrivateFrameworks/FindMyDevice.framework/Versions/A/FindMyDevice
0x000000000b5c6000 	/System/Library/Frameworks/LDAP.framework/Versions/A/LDAP
0x000000000b5c6000 	/usr/lib/libsasl2.2.dylib
0x000000000b5c6000 	/System/Library/PrivateFrameworks/CoreDaemon.framework/Versions/B/CoreDaemon
0x000000000b5c6000 	/usr/lib/libcrypto.0.9.8.dylib
0x000000000b5c6000 	/System/Library/PrivateFrameworks/AppleSRP.framework/Versions/A/AppleSRP
0x000000000b5c6000 	/System/Library/PrivateFrameworks/TrustEvaluationAgent.framework/Versions/A/TrustEvaluationAgent
0x0000000121ddf000 	cl_kernels
0x0000000121de1000 	/System/Library/Frameworks/OpenCL.framework/Versions/A/Libraries/ImageFormats/unorm8_bgra.dylib
0x0000000121dd0000 	cl_kernels
0x000000000b5c6000 	/System/Library/PrivateFrameworks/FamilyControls.framework/Versions/A/FamilyControls
0x000000000b5c6000 	/System/Library/PrivateFrameworks/CommerceKit.framework/Versions/A/Frameworks/CommerceCore.framework/Versions/A/CommerceCore
0x000000000b5c6000 	/System/Library/PrivateFrameworks/SystemAdministration.framework/Versions/A/SystemAdministration
0x000000000b5c6000 	/System/Library/PrivateFrameworks/AppContainer.framework/Versions/A/AppContainer
0x000000000b5c6000 	/System/Library/PrivateFrameworks/SecCodeWrapper.framework/Versions/A/SecCodeWrapper
0x000000000b5c6000 	/System/Library/Frameworks/DirectoryService.framework/Versions/A/DirectoryService
0x000000000b5c6000 	/System/Library/PrivateFrameworks/LoginUIKit.framework/Versions/A/Frameworks/LoginUICore.framework/Versions/A/LoginUICore
0x000000000b5c6000 	/usr/lib/libodfde.dylib
0x0000000122fdc000 	/Library/Java/JavaVirtualMachines/jdk1.8.0_25.jdk/Contents/Home/jre/lib/libfontmanager.dylib
0x0000000123043000 	/Users/student/Documents/workspace/Test/lib/lwjgl-2.9.3/native/macosx/liblwjgl.dylib
0x0000000121305000 	/Library/Java/JavaVirtualMachines/jdk1.8.0_25.jdk/Contents/Home/jre/lib/libjawt.dylib
0x000000000b5c6000 	/System/Library/Frameworks/OpenGL.framework/Versions/A/Resources/GLEngine.bundle/GLEngine
0x000000000b5c6000 	/System/Library/Frameworks/OpenGL.framework/Versions/A/Libraries/libGLProgrammability.dylib
0x0000000000000000 	/System/Library/Extensions/AppleIntelHD4000GraphicsGLDriver.bundle/Contents/MacOS/AppleIntelHD4000GraphicsGLDriver
0x000000000b5c6000 	/System/Library/PrivateFrameworks/IOAccelerator.framework/Versions/A/IOAccelerator
0x000000000b5c6000 	/System/Library/PrivateFrameworks/GPUSupport.framework/Versions/A/Libraries/libGPUSupportMercury.dylib
0x000000000b5c6000 	/System/Library/Frameworks/OpenGL.framework/Versions/A/Resources/GLRendererFloat.bundle/GLRendererFloat
0x000000012384c000 	/Users/student/Documents/workspace/Test/lib/lwjgl-2.9.3/native/macosx/libjinput-osx.dylib
0x0000000123851000 	/System/Library/Extensions/IOHIDFamily.kext/Contents/PlugIns/IOHIDLib.plugin/Contents/MacOS/IOHIDLib
0x000000012397d000 	/Users/student/Documents/workspace/Test/lib/lwjgl-2.9.3/native/macosx/openal.dylib
0x0000000123a01000 	/System/Library/Components/CoreAudio.component/Contents/MacOS/CoreAudio
0x0000000123cda000 	/System/Library/Extensions/AppleHDA.kext/Contents/PlugIns/AppleHDAHALPlugIn.bundle/Contents/MacOS/AppleHDAHALPlugIn

VM Arguments:
jvm_args: -Djava.library.path=/Users/student/Documents/workspace/Test/lib/lwjgl-2.9.3/native/macosx -Dfile.encoding=UTF-8 
java_command: test.Main
java_class_path (initial): /Users/student/Documents/workspace/Test/bin:/Users/student/Documents/workspace/Test/lib/slick/lib/jinput.jar:/Users/student/Documents/workspace/Test/lib/slick/lib/lwjgl_util.jar:/Users/student/Documents/workspace/Test/lib/slick/lib/lwjgl.jar:/Users/student/Documents/workspace/Test/lib/slick/lib/slick.jar:/Users/student/Documents/workspace/Test/lib/slick/lib/jogg-0.0.7.jar:/Users/student/Documents/workspace/Test/lib/slick/lib/jorbis-0.0.15.jar
Launcher Type: SUN_STANDARD

Environment Variables:
PATH=/usr/bin:/bin:/usr/sbin:/sbin
SHELL=/bin/bash
DISPLAY=/private/tmp/com.apple.launchd.O4IaRSE23k/org.macosforge.xquartz:0

Signal Handlers:
SIGSEGV: [libjvm.dylib+0x579dc7], sa_mask[0]=11111111011111110111111111111111, sa_flags=SA_ONSTACK|SA_RESTART|SA_SIGINFO
SIGBUS: [libjvm.dylib+0x579dc7], sa_mask[0]=11111111011111110111111111111111, sa_flags=SA_RESTART|SA_SIGINFO
SIGFPE: [libjvm.dylib+0x45b030], sa_mask[0]=11111111011111110111111111111111, sa_flags=SA_RESTART|SA_SIGINFO
SIGPIPE: [libjvm.dylib+0x45b030], sa_mask[0]=11111111011111110111111111111111, sa_flags=SA_RESTART|SA_SIGINFO
SIGXFSZ: [libjvm.dylib+0x45b030], sa_mask[0]=11111111011111110111111111111111, sa_flags=SA_RESTART|SA_SIGINFO
SIGILL: [libjvm.dylib+0x45b030], sa_mask[0]=11111111011111110111111111111111, sa_flags=SA_RESTART|SA_SIGINFO
SIGUSR1: SIG_DFL, sa_mask[0]=00000000000000000000000000000000, sa_flags=none
SIGUSR2: [libjvm.dylib+0x45ab4e], sa_mask[0]=00100000000000000000000000000000, sa_flags=SA_RESTART|SA_SIGINFO
SIGHUP: [libjvm.dylib+0x459121], sa_mask[0]=11111111011111110111111111111111, sa_flags=SA_RESTART|SA_SIGINFO
SIGINT: [libjvm.dylib+0x459121], sa_mask[0]=11111111011111110111111111111111, sa_flags=SA_RESTART|SA_SIGINFO
SIGTERM: [libjvm.dylib+0x459121], sa_mask[0]=11111111011111110111111111111111, sa_flags=SA_RESTART|SA_SIGINFO
SIGQUIT: [libjvm.dylib+0x459121], sa_mask[0]=11111111011111110111111111111111, sa_flags=SA_RESTART|SA_SIGINFO


---------------  S Y S T E M  ---------------

OS:Bsduname:Darwin 14.3.0 Darwin Kernel Version 14.3.0: Mon Mar 23 20:23:44 PDT 2015; root:xnu-2782.20.48~8/RELEASE_X86_64 x86_64
rlimit: STACK 8192k, CORE 0k, NPROC 709, NOFILE 10240, AS infinity
load average:2.19 2.09 2.37

CPU:total 4 (2 cores per cpu, 2 threads per core) family 6 model 58 stepping 9, cmov, cx8, fxsr, mmx, sse, sse2, sse3, ssse3, sse4.1, sse4.2, popcnt, avx, clmul, erms, ht, tsc, tscinvbit, tscinv

Memory: 4k page, physical 4194304k(152376k free)

/proc/meminfo:


vm_info: Java HotSpot(TM) 64-Bit Server VM (25.25-b02) for bsd-amd64 JRE (1.8.0_25-b17), built on Sep 17 2014 16:56:50 by "java_re" with gcc 4.2.1 (Based on Apple Inc. build 5658) (LLVM build 2336.11.00)

time: Wed Nov  2 10:29:37 2016
elapsed time: 470 seconds (0d 0h 7m 50s)

